Log file open, 10/17/20 13:15:20
LogInit: Display: Running engine for game: DungeonsOfDaggorath
LogPlatformFile: Not using cached read wrapper
LogTaskGraph: Started task graph with 5 named threads and 35 total threads with 3 sets of task threads.
LogStats: Stats thread started at 1.115123
LogD3D11RHI: Loaded GFSDK_Aftermath_Lib.x64.dll
LogICUInternationalization: ICU TimeZone Detection - Raw Offset: -5:00, Platform Override: ''
LogPluginManager: Mounting plugin Paper2D
LogPluginManager: Mounting plugin AISupport
LogPluginManager: Mounting plugin LightPropagationVolume
LogPluginManager: Mounting plugin CameraShakePreviewer
LogPluginManager: Mounting plugin ActorLayerUtilities
LogPluginManager: Mounting plugin AnimationSharing
LogPluginManager: Mounting plugin CLionSourceCodeAccess
LogPluginManager: Mounting plugin CodeLiteSourceCodeAccess
LogPluginManager: Mounting plugin GitSourceControl
LogPluginManager: Mounting plugin KDevelopSourceCodeAccess
LogPluginManager: Mounting plugin NullSourceCodeAccess
LogPluginManager: Mounting plugin PerforceSourceControl
LogPluginManager: Mounting plugin PlasticSourceControl
LogPluginManager: Mounting plugin RiderSourceCodeAccess
LogPluginManager: Mounting plugin SubversionSourceControl
LogPluginManager: Mounting plugin UObjectPlugin
LogPluginManager: Mounting plugin VisualStudioCodeSourceCodeAccess
LogPluginManager: Mounting plugin VisualStudioSourceCodeAccess
LogPluginManager: Mounting plugin XCodeSourceCodeAccess
LogPluginManager: Mounting plugin AssetManagerEditor
LogPluginManager: Mounting plugin CryptoKeys
LogPluginManager: Mounting plugin CurveEditorTools
LogPluginManager: Mounting plugin DataValidation
LogPluginManager: Mounting plugin EditorScriptingUtilities
LogPluginManager: Mounting plugin FacialAnimation
LogPluginManager: Mounting plugin GameplayTagsEditor
LogPluginManager: Mounting plugin GeometryMode
LogPluginManager: Mounting plugin MacGraphicsSwitching
LogPluginManager: Mounting plugin MaterialAnalyzer
LogPluginManager: Mounting plugin MobileLauncherProfileWizard
LogPluginManager: Mounting plugin PluginBrowser
LogPluginManager: Mounting plugin SpeedTreeImporter
LogPluginManager: Mounting plugin StylusInput
LogPluginManager: Mounting plugin DatasmithContent
LogPluginManager: Mounting plugin VariantManagerContent
LogPluginManager: Mounting plugin AlembicImporter
LogPluginManager: Mounting plugin AutomationUtils
LogPluginManager: Mounting plugin BackChannel
LogPluginManager: Mounting plugin ChaosCloth
LogPluginManager: Mounting plugin ChaosClothEditor
LogPluginManager: Mounting plugin ChaosEditor
LogPluginManager: Mounting plugin ChaosNiagara
LogPluginManager: Mounting plugin ChaosSolverPlugin
LogPluginManager: Mounting plugin CharacterAI
LogPluginManager: Mounting plugin GeometryCache
LogPluginManager: Mounting plugin GeometryCollectionPlugin
LogPluginManager: Mounting plugin GeometryProcessing
LogPluginManager: Mounting plugin MeshModelingToolset
LogPluginManager: Mounting plugin ModelingToolsEditorMode
LogPluginManager: Mounting plugin PlanarCut
LogPluginManager: Mounting plugin PlatformCrypto
LogPluginManager: Mounting plugin ProxyLODPlugin
LogPluginManager: Mounting plugin PythonScriptPlugin
LogPluginManager: Mounting plugin SkeletalReduction
LogPluginManager: Mounting plugin Niagara
LogPluginManager: Mounting plugin MagicLeap
LogPluginManager: Mounting plugin MagicLeapLightEstimation
LogPluginManager: Mounting plugin MagicLeapMedia
LogPluginManager: Mounting plugin MagicLeapPassableWorld
LogPluginManager: Mounting plugin MLSDK
LogPluginManager: Mounting plugin Substance
LogPluginManager: Mounting plugin AndroidMedia
LogPluginManager: Mounting plugin AvfMedia
LogPluginManager: Mounting plugin ImgMedia
LogPluginManager: Mounting plugin MediaCompositing
LogPluginManager: Mounting plugin MediaPlayerEditor
LogPluginManager: Mounting plugin WebMMedia
LogPluginManager: Mounting plugin WmfMedia
LogPluginManager: Mounting plugin MegascansPlugin
LogPluginManager: Mounting plugin MeshPainting
LogPluginManager: Mounting plugin TcpMessaging
LogPluginManager: Mounting plugin UdpMessaging
LogPluginManager: Mounting plugin ActorSequence
LogPluginManager: Mounting plugin LevelSequenceEditor
LogPluginManager: Mounting plugin MatineeToLevelSequence
LogPluginManager: Mounting plugin MovieRenderPipeline
LogPluginManager: Mounting plugin TemplateSequence
LogPluginManager: Mounting plugin NetcodeUnitTest
LogPluginManager: Mounting plugin NUTUnrealEngine4
LogPluginManager: Mounting plugin OnlineSubsystemGooglePlay
LogPluginManager: Mounting plugin OnlineSubsystemIOS
LogPluginManager: Mounting plugin OnlineSubsystem
LogPluginManager: Mounting plugin OnlineSubsystemNull
LogPluginManager: Mounting plugin OnlineSubsystemUtils
LogPluginManager: Mounting plugin LauncherChunkInstaller
LogPluginManager: Mounting plugin AndroidDeviceProfileSelector
LogPluginManager: Mounting plugin AndroidMoviePlayer
LogPluginManager: Mounting plugin AndroidPermission
LogPluginManager: Mounting plugin AppleImageUtils
LogPluginManager: Mounting plugin AppleMoviePlayer
LogPluginManager: Mounting plugin ArchVisCharacter
LogPluginManager: Mounting plugin AssetTags
LogPluginManager: Mounting plugin AudioCapture
LogPluginManager: Mounting plugin CableComponent
LogPluginManager: Mounting plugin CustomMeshComponent
LogPluginManager: Mounting plugin EditableMesh
LogPluginManager: Mounting plugin ExampleDeviceProfileSelector
LogPluginManager: Mounting plugin GoogleCloudMessaging
LogPluginManager: Mounting plugin GooglePAD
LogPluginManager: Mounting plugin IOSDeviceProfileSelector
LogPluginManager: Mounting plugin LinuxDeviceProfileSelector
LogPluginManager: Mounting plugin LocationServicesBPLibrary
LogPluginManager: Mounting plugin MobilePatchingUtils
LogPluginManager: Mounting plugin OculusVR
LogPluginManager: Mounting plugin PhysXVehicles
LogPluginManager: Mounting plugin PostSplashScreen
LogPluginManager: Mounting plugin ProceduralMeshComponent
LogPluginManager: Mounting plugin RuntimePhysXCooking
LogPluginManager: Mounting plugin SignificanceManager
LogPluginManager: Mounting plugin SoundFields
LogPluginManager: Mounting plugin SteamVR
LogPluginManager: Mounting plugin Synthesis
LogPluginManager: Mounting plugin WebMMoviePlayer
LogPluginManager: Mounting plugin WindowsMoviePlayer
LogPluginManager: Mounting plugin ScreenshotTools
LogInit: Using libcurl 7.55.1-DEV
LogInit:  - built for x86_64-pc-win32
LogInit:  - supports SSL with OpenSSL/1.1.1
LogInit:  - supports HTTP deflate (compression) using libz 1.2.8
LogInit:  - other features:
LogInit:      CURL_VERSION_SSL
LogInit:      CURL_VERSION_LIBZ
LogInit:      CURL_VERSION_IPV6
LogInit:      CURL_VERSION_ASYNCHDNS
LogInit:      CURL_VERSION_LARGEFILE
LogInit:      CURL_VERSION_IDN
LogInit:  CurlRequestOptions (configurable via config and command line):
LogInit:  - bVerifyPeer = true  - Libcurl will verify peer certificate
LogInit:  - bUseHttpProxy = false  - Libcurl will NOT use HTTP proxy
LogInit:  - bDontReuseConnections = false  - Libcurl will reuse connections
LogInit:  - MaxHostConnections = 16  - Libcurl will limit the number of connections to a host
LogInit:  - LocalHostAddr = Default
LogInit:  - BufferSize = 65536
LogOnline: OSS: Creating online subsystem instance for: NULL
LogInit: WinSock: version 1.1 (2.2), MaxSocks=32767, MaxUdp=65467
LogOnline: OSS: TryLoadSubsystemAndSetDefault: Loaded subsystem for module [NULL]
LogInit: Build: ++UE4+Release-4.25-CL-13942748
LogInit: Engine Version: 4.25.3-13942748+++UE4+Release-4.25
LogInit: Compatible Engine Version: 4.25.0-13144385+++UE4+Release-4.25
LogInit: Net CL: 13144385
LogInit: OS: Windows 10 (Release 2004) (), CPU: Intel(R) Core(TM) i7-9750H CPU @ 2.60GHz, GPU: Intel(R) UHD Graphics 630
LogInit: Compiled (64-bit): Jul 25 2020 02:07:48
LogInit: Compiled with Visual C++: 19.24.28315.00
LogInit: Build Configuration: Development
LogInit: Branch Name: ++UE4+Release-4.25
LogInit: Command Line: 
LogInit: Base Directory: C:/Program Files/Epic Games/UE_4.25/Engine/Binaries/Win64/
LogInit: Allocator: TBB
LogInit: Installed Engine Build: 1
LogDevObjectVersion: Number of dev versions registered: 26
LogDevObjectVersion:   Dev-Blueprints (B0D832E4-1F89-4F0D-ACCF-7EB736FD4AA2): 10
LogDevObjectVersion:   Dev-Build (E1C64328-A22C-4D53-A36C-8E866417BD8C): 0
LogDevObjectVersion:   Dev-Core (375EC13C-06E4-48FB-B500-84F0262A717E): 4
LogDevObjectVersion:   Dev-Editor (E4B068ED-F494-42E9-A231-DA0B2E46BB41): 38
LogDevObjectVersion:   Dev-Framework (CFFC743F-43B0-4480-9391-14DF171D2073): 37
LogDevObjectVersion:   Dev-Mobile (B02B49B5-BB20-44E9-A304-32B752E40360): 2
LogDevObjectVersion:   Dev-Networking (A4E4105C-59A1-49B5-A7C5-40C4547EDFEE): 0
LogDevObjectVersion:   Dev-Online (39C831C9-5AE6-47DC-9A44-9C173E1C8E7C): 0
LogDevObjectVersion:   Dev-Physics (78F01B33-EBEA-4F98-B9B4-84EACCB95AA2): 4
LogDevObjectVersion:   Dev-Platform (6631380F-2D4D-43E0-8009-CF276956A95A): 0
LogDevObjectVersion:   Dev-Rendering (12F88B9F-8875-4AFC-A67C-D90C383ABD29): 43
LogDevObjectVersion:   Dev-Sequencer (7B5AE74C-D270-4C10-A958-57980B212A5A): 12
LogDevObjectVersion:   Dev-VR (D7296918-1DD6-4BDD-9DE2-64A83CC13884): 3
LogDevObjectVersion:   Dev-LoadTimes (C2A15278-BFE7-4AFE-6C17-90FF531DF755): 1
LogDevObjectVersion:   Private-Geometry (6EACA3D4-40EC-4CC1-B786-8BED09428FC5): 3
LogDevObjectVersion:   Dev-AnimPhys (29E575DD-E0A3-4627-9D10-D276232CDCEA): 17
LogDevObjectVersion:   Dev-Anim (AF43A65D-7FD3-4947-9873-3E8ED9C1BB05): 7
LogDevObjectVersion:   Dev-ReflectionCapture (6B266CEC-1EC7-4B8F-A30B-E4D90942FC07): 1
LogDevObjectVersion:   Dev-Automation (0DF73D61-A23F-47EA-B727-89E90C41499A): 1
LogDevObjectVersion:   FortniteMain (601D1886-AC64-4F84-AA16-D3DE0DEAC7D6): 31
LogDevObjectVersion:   Dev-Enterprise (9DFFBCD6-494F-0158-E221-12823C92A888): 10
LogDevObjectVersion:   Dev-Niagara (F2AED0AC-9AFE-416F-8664-AA7FFA26D6FC): 1
LogDevObjectVersion:   Dev-Destruction (174F1F0B-B4C6-45A5-B13F-2EE8D0FB917D): 10
LogDevObjectVersion:   Dev-Physics-Ext (35F94A83-E258-406C-A318-09F59610247C): 37
LogDevObjectVersion:   Dev-PhysicsMaterial-Chaos (B68FC16E-8B1B-42E2-B453-215C058844FE): 1
LogDevObjectVersion:   Dev-CineCamera (B2E18506-4273-CFC2-A54E-F4BB758BBA07): 1
LogInit: Presizing for max 25165824 objects, including 0 objects not considered by GC, pre-allocating 0 bytes for permanent pool.
LogConfig: Applying CVar settings from Section [/Script/Engine.StreamingSettings] File [C:/Users/darkf/Documents/GitHub/DungeonsOfDaggorath/Saved/Config/Windows/Engine.ini]
LogConfig: Setting CVar [[s.MinBulkDataSizeForAsyncLoading:131072]]
LogConfig: Setting CVar [[s.AsyncLoadingThreadEnabled:0]]
LogConfig: Setting CVar [[s.EventDrivenLoaderEnabled:1]]
LogConfig: Setting CVar [[s.WarnIfTimeLimitExceeded:0]]
LogConfig: Setting CVar [[s.TimeLimitExceededMultiplier:1.5]]
LogConfig: Setting CVar [[s.TimeLimitExceededMinTime:0.005]]
LogConfig: Setting CVar [[s.UseBackgroundLevelStreaming:1]]
LogConfig: Setting CVar [[s.PriorityAsyncLoadingExtraTime:15.0]]
LogConfig: Setting CVar [[s.LevelStreamingActorsUpdateTimeLimit:5.0]]
LogConfig: Setting CVar [[s.PriorityLevelStreamingActorsUpdateExtraTime:5.0]]
LogConfig: Setting CVar [[s.LevelStreamingComponentsRegistrationGranularity:10]]
LogConfig: Setting CVar [[s.UnregisterComponentsTimeLimit:1.0]]
LogConfig: Setting CVar [[s.LevelStreamingComponentsUnregistrationGranularity:5]]
LogConfig: Setting CVar [[s.FlushStreamingOnExit:1]]
LogInit: Object subsystem initialized
LogConfig: Setting CVar [[con.DebugEarlyDefault:1]]
LogConfig: Setting CVar [[r.setres:1280x720]]
[2020.10.17-17.15.21:822][  0]LogConfig: Setting CVar [[r.VSync:0]]
[2020.10.17-17.15.21:822][  0]LogConfig: Setting CVar [[r.RHICmdBypass:0]]
[2020.10.17-17.15.21:822][  0]LogConfig: Applying CVar settings from Section [/Script/Engine.RendererSettings] File [C:/Users/darkf/Documents/GitHub/DungeonsOfDaggorath/Saved/Config/Windows/Engine.ini]
[2020.10.17-17.15.21:822][  0]LogConfig: Setting CVar [[r.GPUCrashDebugging:0]]
[2020.10.17-17.15.21:822][  0]LogConfig: Setting CVar [[r.SkinCache.CompileShaders:1]]
[2020.10.17-17.15.21:822][  0]LogConfig: Setting CVar [[r.RayTracing:0]]
[2020.10.17-17.15.21:822][  0]LogConfig: Applying CVar settings from Section [/Script/Engine.RendererOverrideSettings] File [C:/Users/darkf/Documents/GitHub/DungeonsOfDaggorath/Saved/Config/Windows/Engine.ini]
[2020.10.17-17.15.21:822][  0]LogConfig: Applying CVar settings from Section [/Script/Engine.StreamingSettings] File [C:/Users/darkf/Documents/GitHub/DungeonsOfDaggorath/Saved/Config/Windows/Engine.ini]
[2020.10.17-17.15.21:822][  0]LogConfig: Setting CVar [[s.MinBulkDataSizeForAsyncLoading:131072]]
[2020.10.17-17.15.21:822][  0]LogConfig: Setting CVar [[s.AsyncLoadingThreadEnabled:0]]
[2020.10.17-17.15.21:822][  0]LogConfig: Setting CVar [[s.EventDrivenLoaderEnabled:1]]
[2020.10.17-17.15.21:822][  0]LogConfig: Setting CVar [[s.WarnIfTimeLimitExceeded:0]]
[2020.10.17-17.15.21:822][  0]LogConfig: Setting CVar [[s.TimeLimitExceededMultiplier:1.5]]
[2020.10.17-17.15.21:822][  0]LogConfig: Setting CVar [[s.TimeLimitExceededMinTime:0.005]]
[2020.10.17-17.15.21:822][  0]LogConfig: Setting CVar [[s.UseBackgroundLevelStreaming:1]]
[2020.10.17-17.15.21:822][  0]LogConfig: Setting CVar [[s.PriorityAsyncLoadingExtraTime:15.0]]
[2020.10.17-17.15.21:822][  0]LogConfig: Setting CVar [[s.LevelStreamingActorsUpdateTimeLimit:5.0]]
[2020.10.17-17.15.21:822][  0]LogConfig: Setting CVar [[s.PriorityLevelStreamingActorsUpdateExtraTime:5.0]]
[2020.10.17-17.15.21:822][  0]LogConfig: Setting CVar [[s.LevelStreamingComponentsRegistrationGranularity:10]]
[2020.10.17-17.15.21:822][  0]LogConfig: Setting CVar [[s.UnregisterComponentsTimeLimit:1.0]]
[2020.10.17-17.15.21:822][  0]LogConfig: Setting CVar [[s.LevelStreamingComponentsUnregistrationGranularity:5]]
[2020.10.17-17.15.21:822][  0]LogConfig: Setting CVar [[s.FlushStreamingOnExit:1]]
[2020.10.17-17.15.21:822][  0]LogConfig: Applying CVar settings from Section [/Script/Engine.GarbageCollectionSettings] File [C:/Users/darkf/Documents/GitHub/DungeonsOfDaggorath/Saved/Config/Windows/Engine.ini]
[2020.10.17-17.15.21:822][  0]LogConfig: Setting CVar [[gc.MaxObjectsNotConsideredByGC:1]]
[2020.10.17-17.15.21:822][  0]LogConfig: Setting CVar [[gc.SizeOfPermanentObjectPool:0]]
[2020.10.17-17.15.21:822][  0]LogConfig: Setting CVar [[gc.FlushStreamingOnGC:0]]
[2020.10.17-17.15.21:822][  0]LogConfig: Setting CVar [[gc.NumRetriesBeforeForcingGC:10]]
[2020.10.17-17.15.21:822][  0]LogConfig: Setting CVar [[gc.AllowParallelGC:1]]
[2020.10.17-17.15.21:822][  0]LogConfig: Setting CVar [[gc.TimeBetweenPurgingPendingKillObjects:61.1]]
[2020.10.17-17.15.21:823][  0]LogConfig: Setting CVar [[gc.MaxObjectsInEditor:25165824]]
[2020.10.17-17.15.21:823][  0]LogConfig: Setting CVar [[gc.IncrementalBeginDestroyEnabled:1]]
[2020.10.17-17.15.21:823][  0]LogConfig: Setting CVar [[gc.CreateGCClusters:1]]
[2020.10.17-17.15.21:823][  0]LogConfig: Setting CVar [[gc.MinGCClusterSize:5]]
[2020.10.17-17.15.21:823][  0]LogConfig: Setting CVar [[gc.ActorClusteringEnabled:0]]
[2020.10.17-17.15.21:823][  0]LogConfig: Setting CVar [[gc.BlueprintClusteringEnabled:0]]
[2020.10.17-17.15.21:823][  0]LogConfig: Setting CVar [[gc.UseDisregardForGCOnDedicatedServers:0]]
[2020.10.17-17.15.21:823][  0]LogConfig: Applying CVar settings from Section [/Script/Engine.NetworkSettings] File [C:/Users/darkf/Documents/GitHub/DungeonsOfDaggorath/Saved/Config/Windows/Engine.ini]
[2020.10.17-17.15.21:823][  0]LogConfig: Applying CVar settings from Section [/Script/UnrealEd.CookerSettings] File [C:/Users/darkf/Documents/GitHub/DungeonsOfDaggorath/Saved/Config/Windows/Engine.ini]
[2020.10.17-17.15.21:828][  0]LogConfig: Applying CVar settings from Section [ViewDistanceQuality@3] File [C:/Users/darkf/Documents/GitHub/DungeonsOfDaggorath/Saved/Config/Windows/Scalability.ini]
[2020.10.17-17.15.21:828][  0]LogConfig: Setting CVar [[r.SkeletalMeshLODBias:0]]
[2020.10.17-17.15.21:828][  0]LogConfig: Setting CVar [[r.ViewDistanceScale:1.0]]
[2020.10.17-17.15.21:829][  0]LogConfig: Applying CVar settings from Section [AntiAliasingQuality@3] File [C:/Users/darkf/Documents/GitHub/DungeonsOfDaggorath/Saved/Config/Windows/Scalability.ini]
[2020.10.17-17.15.21:829][  0]LogConfig: Setting CVar [[r.PostProcessAAQuality:4]]
[2020.10.17-17.15.21:829][  0]LogConfig: Applying CVar settings from Section [ShadowQuality@3] File [C:/Users/darkf/Documents/GitHub/DungeonsOfDaggorath/Saved/Config/Windows/Scalability.ini]
[2020.10.17-17.15.21:829][  0]LogConfig: Setting CVar [[r.LightFunctionQuality:1]]
[2020.10.17-17.15.21:829][  0]LogConfig: Setting CVar [[r.ShadowQuality:5]]
[2020.10.17-17.15.21:829][  0]LogConfig: Setting CVar [[r.Shadow.CSM.MaxCascades:10]]
[2020.10.17-17.15.21:829][  0]LogConfig: Setting CVar [[r.Shadow.MaxResolution:2048]]
[2020.10.17-17.15.21:829][  0]LogConfig: Setting CVar [[r.Shadow.MaxCSMResolution:2048]]
[2020.10.17-17.15.21:829][  0]LogConfig: Setting CVar [[r.Shadow.RadiusThreshold:0.01]]
[2020.10.17-17.15.21:829][  0]LogConfig: Setting CVar [[r.Shadow.DistanceScale:1.0]]
[2020.10.17-17.15.21:829][  0]LogConfig: Setting CVar [[r.Shadow.CSM.TransitionScale:1.0]]
[2020.10.17-17.15.21:829][  0]LogConfig: Setting CVar [[r.Shadow.PreShadowResolutionFactor:1.0]]
[2020.10.17-17.15.21:829][  0]LogConfig: Setting CVar [[r.DistanceFieldShadowing:1]]
[2020.10.17-17.15.21:829][  0]LogConfig: Setting CVar [[r.DistanceFieldAO:1]]
[2020.10.17-17.15.21:829][  0]LogConfig: Setting CVar [[r.AOQuality:2]]
[2020.10.17-17.15.21:829][  0]LogConfig: Setting CVar [[r.VolumetricFog:1]]
[2020.10.17-17.15.21:829][  0]LogConfig: Setting CVar [[r.VolumetricFog.GridPixelSize:8]]
[2020.10.17-17.15.21:829][  0]LogConfig: Setting CVar [[r.VolumetricFog.GridSizeZ:128]]
[2020.10.17-17.15.21:829][  0]LogConfig: Setting CVar [[r.VolumetricFog.HistoryMissSupersampleCount:4]]
[2020.10.17-17.15.21:829][  0]LogConfig: Setting CVar [[r.LightMaxDrawDistanceScale:1]]
[2020.10.17-17.15.21:829][  0]LogConfig: Setting CVar [[r.CapsuleShadows:1]]
[2020.10.17-17.15.21:829][  0]LogConfig: Applying CVar settings from Section [PostProcessQuality@3] File [C:/Users/darkf/Documents/GitHub/DungeonsOfDaggorath/Saved/Config/Windows/Scalability.ini]
[2020.10.17-17.15.21:829][  0]LogConfig: Setting CVar [[r.MotionBlurQuality:4]]
[2020.10.17-17.15.21:829][  0]LogConfig: Setting CVar [[r.AmbientOcclusionMipLevelFactor:0.4]]
[2020.10.17-17.15.21:829][  0]LogConfig: Setting CVar [[r.AmbientOcclusionMaxQuality:100]]
[2020.10.17-17.15.21:829][  0]LogConfig: Setting CVar [[r.AmbientOcclusionLevels:-1]]
[2020.10.17-17.15.21:829][  0]LogConfig: Setting CVar [[r.AmbientOcclusionRadiusScale:1.0]]
[2020.10.17-17.15.21:829][  0]LogConfig: Setting CVar [[r.DepthOfFieldQuality:2]]
[2020.10.17-17.15.21:829][  0]LogConfig: Setting CVar [[r.RenderTargetPoolMin:400]]
[2020.10.17-17.15.21:829][  0]LogConfig: Setting CVar [[r.LensFlareQuality:2]]
[2020.10.17-17.15.21:829][  0]LogConfig: Setting CVar [[r.SceneColorFringeQuality:1]]
[2020.10.17-17.15.21:829][  0]LogConfig: Setting CVar [[r.EyeAdaptationQuality:2]]
[2020.10.17-17.15.21:829][  0]LogConfig: Setting CVar [[r.BloomQuality:5]]
[2020.10.17-17.15.21:829][  0]LogConfig: Setting CVar [[r.FastBlurThreshold:100]]
[2020.10.17-17.15.21:829][  0]LogConfig: Setting CVar [[r.Upscale.Quality:3]]
[2020.10.17-17.15.21:829][  0]LogConfig: Setting CVar [[r.Tonemapper.GrainQuantization:1]]
[2020.10.17-17.15.21:829][  0]LogConfig: Setting CVar [[r.LightShaftQuality:1]]
[2020.10.17-17.15.21:829][  0]LogConfig: Setting CVar [[r.Filter.SizeScale:1]]
[2020.10.17-17.15.21:829][  0]LogConfig: Setting CVar [[r.Tonemapper.Quality:5]]
[2020.10.17-17.15.21:829][  0]LogConfig: Setting CVar [[r.DOF.Gather.AccumulatorQuality:1        ; higher gathering accumulator quality]]
[2020.10.17-17.15.21:829][  0]LogConfig: Setting CVar [[r.DOF.Gather.PostfilterMethod:1          ; Median3x3 postfilering method]]
[2020.10.17-17.15.21:829][  0]LogConfig: Setting CVar [[r.DOF.Gather.EnableBokehSettings:0       ; no bokeh simulation when gathering]]
[2020.10.17-17.15.21:829][  0]LogConfig: Setting CVar [[r.DOF.Gather.RingCount:4                 ; medium number of samples when gathering]]
[2020.10.17-17.15.21:829][  0]LogConfig: Setting CVar [[r.DOF.Scatter.ForegroundCompositing:1    ; additive foreground scattering]]
[2020.10.17-17.15.21:829][  0]LogConfig: Setting CVar [[r.DOF.Scatter.BackgroundCompositing:2    ; additive background scattering]]
[2020.10.17-17.15.21:829][  0]LogConfig: Setting CVar [[r.DOF.Scatter.EnableBokehSettings:1      ; bokeh simulation when scattering]]
[2020.10.17-17.15.21:829][  0]LogConfig: Setting CVar [[r.DOF.Scatter.MaxSpriteRatio:0.1         ; only a maximum of 10% of scattered bokeh]]
[2020.10.17-17.15.21:829][  0]LogConfig: Setting CVar [[r.DOF.Recombine.Quality:1                ; cheap slight out of focus]]
[2020.10.17-17.15.21:829][  0]LogConfig: Setting CVar [[r.DOF.Recombine.EnableBokehSettings:0    ; no bokeh simulation on slight out of focus]]
[2020.10.17-17.15.21:829][  0]LogConfig: Setting CVar [[r.DOF.TemporalAAQuality:1                ; more stable temporal accumulation]]
[2020.10.17-17.15.21:829][  0]LogConfig: Setting CVar [[r.DOF.Kernel.MaxForegroundRadius:0.025]]
[2020.10.17-17.15.21:829][  0]LogConfig: Setting CVar [[r.DOF.Kernel.MaxBackgroundRadius:0.025]]
[2020.10.17-17.15.21:829][  0]LogConfig: Applying CVar settings from Section [TextureQuality@3] File [C:/Users/darkf/Documents/GitHub/DungeonsOfDaggorath/Saved/Config/Windows/Scalability.ini]
[2020.10.17-17.15.21:829][  0]LogConfig: Setting CVar [[r.Streaming.MipBias:0]]
[2020.10.17-17.15.21:829][  0]LogConfig: Setting CVar [[r.Streaming.AmortizeCPUToGPUCopy:0]]
[2020.10.17-17.15.21:829][  0]LogConfig: Setting CVar [[r.Streaming.MaxNumTexturesToStreamPerFrame:0]]
[2020.10.17-17.15.21:829][  0]LogConfig: Setting CVar [[r.Streaming.Boost:1]]
[2020.10.17-17.15.21:829][  0]LogConfig: Setting CVar [[r.MaxAnisotropy:8]]
[2020.10.17-17.15.21:829][  0]LogConfig: Setting CVar [[r.VT.MaxAnisotropy:8]]
[2020.10.17-17.15.21:829][  0]LogConfig: Setting CVar [[r.Streaming.LimitPoolSizeToVRAM:0]]
[2020.10.17-17.15.21:829][  0]LogConfig: Setting CVar [[r.Streaming.PoolSize:1000]]
[2020.10.17-17.15.21:829][  0]LogConfig: Setting CVar [[r.Streaming.MaxEffectiveScreenSize:0]]
[2020.10.17-17.15.21:829][  0]LogConfig: Applying CVar settings from Section [EffectsQuality@3] File [C:/Users/darkf/Documents/GitHub/DungeonsOfDaggorath/Saved/Config/Windows/Scalability.ini]
[2020.10.17-17.15.21:829][  0]LogConfig: Setting CVar [[r.TranslucencyLightingVolumeDim:64]]
[2020.10.17-17.15.21:829][  0]LogConfig: Setting CVar [[r.RefractionQuality:2]]
[2020.10.17-17.15.21:829][  0]LogConfig: Setting CVar [[r.SSR.Quality:3]]
[2020.10.17-17.15.21:829][  0]LogConfig: Setting CVar [[r.SSR.HalfResSceneColor:0]]
[2020.10.17-17.15.21:829][  0]LogConfig: Setting CVar [[r.SceneColorFormat:4]]
[2020.10.17-17.15.21:829][  0]LogConfig: Setting CVar [[r.DetailMode:2]]
[2020.10.17-17.15.21:829][  0]LogConfig: Setting CVar [[r.TranslucencyVolumeBlur:1]]
[2020.10.17-17.15.21:829][  0]LogConfig: Setting CVar [[r.MaterialQualityLevel:1 ; High quality]]
[2020.10.17-17.15.21:829][  0]LogConfig: Setting CVar [[r.SSS.Scale:1]]
[2020.10.17-17.15.21:829][  0]LogConfig: Setting CVar [[r.SSS.SampleSet:2]]
[2020.10.17-17.15.21:829][  0]LogConfig: Setting CVar [[r.SSS.Quality:1]]
[2020.10.17-17.15.21:829][  0]LogConfig: Setting CVar [[r.SSS.HalfRes:0]]
[2020.10.17-17.15.21:829][  0]LogConfig: Setting CVar [[r.SSGI.Quality:3]]
[2020.10.17-17.15.21:829][  0]LogConfig: Setting CVar [[r.EmitterSpawnRateScale:1.0]]
[2020.10.17-17.15.21:829][  0]LogConfig: Setting CVar [[r.ParticleLightQuality:2]]
[2020.10.17-17.15.21:829][  0]LogConfig: Setting CVar [[r.SkyAtmosphere.AerialPerspectiveLUT.FastApplyOnOpaque:1 ; Always have FastSkyLUT 1 in this case to avoid wrong sky]]
[2020.10.17-17.15.21:829][  0]LogConfig: Setting CVar [[r.SkyAtmosphere.AerialPerspectiveLUT.SampleCountPerSlice:1]]
[2020.10.17-17.15.21:829][  0]LogConfig: Setting CVar [[r.SkyAtmosphere.AerialPerspectiveLUT.DepthResolution:16.0]]
[2020.10.17-17.15.21:829][  0]LogConfig: Setting CVar [[r.SkyAtmosphere.FastSkyLUT:1]]
[2020.10.17-17.15.21:829][  0]LogConfig: Setting CVar [[r.SkyAtmosphere.FastSkyLUT.SampleCountMin:4.0]]
[2020.10.17-17.15.21:829][  0]LogConfig: Setting CVar [[r.SkyAtmosphere.FastSkyLUT.SampleCountMax:32.0]]
[2020.10.17-17.15.21:829][  0]LogConfig: Setting CVar [[r.SkyAtmosphere.SampleCountMin:4.0]]
[2020.10.17-17.15.21:829][  0]LogConfig: Setting CVar [[r.SkyAtmosphere.SampleCountMax:32.0]]
[2020.10.17-17.15.21:829][  0]LogConfig: Setting CVar [[r.SkyAtmosphere.TransmittanceLUT.UseSmallFormat:0]]
[2020.10.17-17.15.21:829][  0]LogConfig: Setting CVar [[r.SkyAtmosphere.TransmittanceLUT.SampleCount:10.0]]
[2020.10.17-17.15.21:829][  0]LogConfig: Setting CVar [[r.SkyAtmosphere.MultiScatteringLUT.SampleCount:15.0]]
[2020.10.17-17.15.21:829][  0]LogConfig: Applying CVar settings from Section [FoliageQuality@3] File [C:/Users/darkf/Documents/GitHub/DungeonsOfDaggorath/Saved/Config/Windows/Scalability.ini]
[2020.10.17-17.15.21:829][  0]LogConfig: Setting CVar [[foliage.DensityScale:1.0]]
[2020.10.17-17.15.21:829][  0]LogConfig: Setting CVar [[grass.DensityScale:1.0]]
[2020.10.17-17.15.21:829][  0]LogConfig: Applying CVar settings from Section [ShadingQuality@3] File [C:/Users/darkf/Documents/GitHub/DungeonsOfDaggorath/Saved/Config/Windows/Scalability.ini]
[2020.10.17-17.15.21:829][  0]LogConfig: Setting CVar [[r.HairStrands.SkyLighting.SampleCount:16]]
[2020.10.17-17.15.21:829][  0]LogConfig: Setting CVar [[r.HairStrands.SkyLighting.JitterIntegration:0]]
[2020.10.17-17.15.21:829][  0]LogConfig: Setting CVar [[r.HairStrands.SkyAO.SampleCount:16]]
[2020.10.17-17.15.21:829][  0]LogConfig: Setting CVar [[r.HairStrands.DeepShadow.SuperSampling:0]]
[2020.10.17-17.15.21:829][  0]LogConfig: Setting CVar [[r.HairStrands.VisibilityPPLL:0]]
[2020.10.17-17.15.21:829][  0]LogConfig: Setting CVar [[r.HairStrands.RasterizationScale:0.5]]
[2020.10.17-17.15.21:829][  0]LogConfig: Setting CVar [[r.HairStrands.VelocityRasterizationScale:1]]
[2020.10.17-17.15.21:830][  0]LogInit: Selected Device Profile: [Windows]
[2020.10.17-17.15.21:830][  0]LogInit: Applying CVar settings loaded from the selected device profile: [Windows]
[2020.10.17-17.15.21:832][  0]LogHAL: Display: Platform has ~ 16 GB [17017040896 / 17179869184 / 16], which maps to Larger [LargestMinGB=32, LargerMinGB=12, DefaultMinGB=8, SmallerMinGB=6, SmallestMinGB=0)
[2020.10.17-17.15.21:832][  0]LogInit: Going up to parent DeviceProfile []
[2020.10.17-17.15.21:832][  0]LogConfig: Applying CVar settings from Section [ViewDistanceQuality@3] File [C:/Users/darkf/Documents/GitHub/DungeonsOfDaggorath/Saved/Config/Windows/Scalability.ini]
[2020.10.17-17.15.21:832][  0]LogConfig: Setting CVar [[r.SkeletalMeshLODBias:0]]
[2020.10.17-17.15.21:832][  0]LogConfig: Setting CVar [[r.ViewDistanceScale:1.0]]
[2020.10.17-17.15.21:832][  0]LogConfig: Applying CVar settings from Section [AntiAliasingQuality@3] File [C:/Users/darkf/Documents/GitHub/DungeonsOfDaggorath/Saved/Config/Windows/Scalability.ini]
[2020.10.17-17.15.21:832][  0]LogConfig: Setting CVar [[r.PostProcessAAQuality:4]]
[2020.10.17-17.15.21:832][  0]LogConfig: Applying CVar settings from Section [ShadowQuality@3] File [C:/Users/darkf/Documents/GitHub/DungeonsOfDaggorath/Saved/Config/Windows/Scalability.ini]
[2020.10.17-17.15.21:832][  0]LogConfig: Setting CVar [[r.LightFunctionQuality:1]]
[2020.10.17-17.15.21:832][  0]LogConfig: Setting CVar [[r.ShadowQuality:5]]
[2020.10.17-17.15.21:832][  0]LogConfig: Setting CVar [[r.Shadow.CSM.MaxCascades:10]]
[2020.10.17-17.15.21:832][  0]LogConfig: Setting CVar [[r.Shadow.MaxResolution:2048]]
[2020.10.17-17.15.21:832][  0]LogConfig: Setting CVar [[r.Shadow.MaxCSMResolution:2048]]
[2020.10.17-17.15.21:832][  0]LogConfig: Setting CVar [[r.Shadow.RadiusThreshold:0.01]]
[2020.10.17-17.15.21:832][  0]LogConfig: Setting CVar [[r.Shadow.DistanceScale:1.0]]
[2020.10.17-17.15.21:832][  0]LogConfig: Setting CVar [[r.Shadow.CSM.TransitionScale:1.0]]
[2020.10.17-17.15.21:832][  0]LogConfig: Setting CVar [[r.Shadow.PreShadowResolutionFactor:1.0]]
[2020.10.17-17.15.21:832][  0]LogConfig: Setting CVar [[r.DistanceFieldShadowing:1]]
[2020.10.17-17.15.21:832][  0]LogConfig: Setting CVar [[r.DistanceFieldAO:1]]
[2020.10.17-17.15.21:832][  0]LogConfig: Setting CVar [[r.AOQuality:2]]
[2020.10.17-17.15.21:832][  0]LogConfig: Setting CVar [[r.VolumetricFog:1]]
[2020.10.17-17.15.21:832][  0]LogConfig: Setting CVar [[r.VolumetricFog.GridPixelSize:8]]
[2020.10.17-17.15.21:832][  0]LogConfig: Setting CVar [[r.VolumetricFog.GridSizeZ:128]]
[2020.10.17-17.15.21:833][  0]LogConfig: Setting CVar [[r.VolumetricFog.HistoryMissSupersampleCount:4]]
[2020.10.17-17.15.21:833][  0]LogConfig: Setting CVar [[r.LightMaxDrawDistanceScale:1]]
[2020.10.17-17.15.21:833][  0]LogConfig: Setting CVar [[r.CapsuleShadows:1]]
[2020.10.17-17.15.21:833][  0]LogConfig: Applying CVar settings from Section [PostProcessQuality@3] File [C:/Users/darkf/Documents/GitHub/DungeonsOfDaggorath/Saved/Config/Windows/Scalability.ini]
[2020.10.17-17.15.21:833][  0]LogConfig: Setting CVar [[r.MotionBlurQuality:4]]
[2020.10.17-17.15.21:833][  0]LogConfig: Setting CVar [[r.AmbientOcclusionMipLevelFactor:0.4]]
[2020.10.17-17.15.21:833][  0]LogConfig: Setting CVar [[r.AmbientOcclusionMaxQuality:100]]
[2020.10.17-17.15.21:833][  0]LogConfig: Setting CVar [[r.AmbientOcclusionLevels:-1]]
[2020.10.17-17.15.21:833][  0]LogConfig: Setting CVar [[r.AmbientOcclusionRadiusScale:1.0]]
[2020.10.17-17.15.21:833][  0]LogConfig: Setting CVar [[r.DepthOfFieldQuality:2]]
[2020.10.17-17.15.21:833][  0]LogConfig: Setting CVar [[r.RenderTargetPoolMin:400]]
[2020.10.17-17.15.21:833][  0]LogConfig: Setting CVar [[r.LensFlareQuality:2]]
[2020.10.17-17.15.21:833][  0]LogConfig: Setting CVar [[r.SceneColorFringeQuality:1]]
[2020.10.17-17.15.21:833][  0]LogConfig: Setting CVar [[r.EyeAdaptationQuality:2]]
[2020.10.17-17.15.21:833][  0]LogConfig: Setting CVar [[r.BloomQuality:5]]
[2020.10.17-17.15.21:833][  0]LogConfig: Setting CVar [[r.FastBlurThreshold:100]]
[2020.10.17-17.15.21:833][  0]LogConfig: Setting CVar [[r.Upscale.Quality:3]]
[2020.10.17-17.15.21:833][  0]LogConfig: Setting CVar [[r.Tonemapper.GrainQuantization:1]]
[2020.10.17-17.15.21:833][  0]LogConfig: Setting CVar [[r.LightShaftQuality:1]]
[2020.10.17-17.15.21:833][  0]LogConfig: Setting CVar [[r.Filter.SizeScale:1]]
[2020.10.17-17.15.21:833][  0]LogConfig: Setting CVar [[r.Tonemapper.Quality:5]]
[2020.10.17-17.15.21:833][  0]LogConfig: Setting CVar [[r.DOF.Gather.AccumulatorQuality:1        ; higher gathering accumulator quality]]
[2020.10.17-17.15.21:833][  0]LogConfig: Setting CVar [[r.DOF.Gather.PostfilterMethod:1          ; Median3x3 postfilering method]]
[2020.10.17-17.15.21:833][  0]LogConfig: Setting CVar [[r.DOF.Gather.EnableBokehSettings:0       ; no bokeh simulation when gathering]]
[2020.10.17-17.15.21:833][  0]LogConfig: Setting CVar [[r.DOF.Gather.RingCount:4                 ; medium number of samples when gathering]]
[2020.10.17-17.15.21:833][  0]LogConfig: Setting CVar [[r.DOF.Scatter.ForegroundCompositing:1    ; additive foreground scattering]]
[2020.10.17-17.15.21:833][  0]LogConfig: Setting CVar [[r.DOF.Scatter.BackgroundCompositing:2    ; additive background scattering]]
[2020.10.17-17.15.21:833][  0]LogConfig: Setting CVar [[r.DOF.Scatter.EnableBokehSettings:1      ; bokeh simulation when scattering]]
[2020.10.17-17.15.21:833][  0]LogConfig: Setting CVar [[r.DOF.Scatter.MaxSpriteRatio:0.1         ; only a maximum of 10% of scattered bokeh]]
[2020.10.17-17.15.21:833][  0]LogConfig: Setting CVar [[r.DOF.Recombine.Quality:1                ; cheap slight out of focus]]
[2020.10.17-17.15.21:833][  0]LogConfig: Setting CVar [[r.DOF.Recombine.EnableBokehSettings:0    ; no bokeh simulation on slight out of focus]]
[2020.10.17-17.15.21:833][  0]LogConfig: Setting CVar [[r.DOF.TemporalAAQuality:1                ; more stable temporal accumulation]]
[2020.10.17-17.15.21:833][  0]LogConfig: Setting CVar [[r.DOF.Kernel.MaxForegroundRadius:0.025]]
[2020.10.17-17.15.21:833][  0]LogConfig: Setting CVar [[r.DOF.Kernel.MaxBackgroundRadius:0.025]]
[2020.10.17-17.15.21:833][  0]LogConfig: Applying CVar settings from Section [TextureQuality@3] File [C:/Users/darkf/Documents/GitHub/DungeonsOfDaggorath/Saved/Config/Windows/Scalability.ini]
[2020.10.17-17.15.21:833][  0]LogConfig: Setting CVar [[r.Streaming.MipBias:0]]
[2020.10.17-17.15.21:833][  0]LogConfig: Setting CVar [[r.Streaming.AmortizeCPUToGPUCopy:0]]
[2020.10.17-17.15.21:833][  0]LogConfig: Setting CVar [[r.Streaming.MaxNumTexturesToStreamPerFrame:0]]
[2020.10.17-17.15.21:833][  0]LogConfig: Setting CVar [[r.Streaming.Boost:1]]
[2020.10.17-17.15.21:833][  0]LogConfig: Setting CVar [[r.MaxAnisotropy:8]]
[2020.10.17-17.15.21:833][  0]LogConfig: Setting CVar [[r.VT.MaxAnisotropy:8]]
[2020.10.17-17.15.21:833][  0]LogConfig: Setting CVar [[r.Streaming.LimitPoolSizeToVRAM:0]]
[2020.10.17-17.15.21:833][  0]LogConfig: Setting CVar [[r.Streaming.PoolSize:1000]]
[2020.10.17-17.15.21:833][  0]LogConfig: Setting CVar [[r.Streaming.MaxEffectiveScreenSize:0]]
[2020.10.17-17.15.21:833][  0]LogConfig: Applying CVar settings from Section [EffectsQuality@3] File [C:/Users/darkf/Documents/GitHub/DungeonsOfDaggorath/Saved/Config/Windows/Scalability.ini]
[2020.10.17-17.15.21:833][  0]LogConfig: Setting CVar [[r.TranslucencyLightingVolumeDim:64]]
[2020.10.17-17.15.21:833][  0]LogConfig: Setting CVar [[r.RefractionQuality:2]]
[2020.10.17-17.15.21:833][  0]LogConfig: Setting CVar [[r.SSR.Quality:3]]
[2020.10.17-17.15.21:833][  0]LogConfig: Setting CVar [[r.SSR.HalfResSceneColor:0]]
[2020.10.17-17.15.21:833][  0]LogConfig: Setting CVar [[r.SceneColorFormat:4]]
[2020.10.17-17.15.21:833][  0]LogConfig: Setting CVar [[r.DetailMode:2]]
[2020.10.17-17.15.21:833][  0]LogConfig: Setting CVar [[r.TranslucencyVolumeBlur:1]]
[2020.10.17-17.15.21:833][  0]LogConfig: Setting CVar [[r.MaterialQualityLevel:1 ; High quality]]
[2020.10.17-17.15.21:833][  0]LogConfig: Setting CVar [[r.SSS.Scale:1]]
[2020.10.17-17.15.21:833][  0]LogConfig: Setting CVar [[r.SSS.SampleSet:2]]
[2020.10.17-17.15.21:833][  0]LogConfig: Setting CVar [[r.SSS.Quality:1]]
[2020.10.17-17.15.21:833][  0]LogConfig: Setting CVar [[r.SSS.HalfRes:0]]
[2020.10.17-17.15.21:833][  0]LogConfig: Setting CVar [[r.SSGI.Quality:3]]
[2020.10.17-17.15.21:833][  0]LogConfig: Setting CVar [[r.EmitterSpawnRateScale:1.0]]
[2020.10.17-17.15.21:833][  0]LogConfig: Setting CVar [[r.ParticleLightQuality:2]]
[2020.10.17-17.15.21:833][  0]LogConfig: Setting CVar [[r.SkyAtmosphere.AerialPerspectiveLUT.FastApplyOnOpaque:1 ; Always have FastSkyLUT 1 in this case to avoid wrong sky]]
[2020.10.17-17.15.21:833][  0]LogConfig: Setting CVar [[r.SkyAtmosphere.AerialPerspectiveLUT.SampleCountPerSlice:1]]
[2020.10.17-17.15.21:833][  0]LogConfig: Setting CVar [[r.SkyAtmosphere.AerialPerspectiveLUT.DepthResolution:16.0]]
[2020.10.17-17.15.21:833][  0]LogConfig: Setting CVar [[r.SkyAtmosphere.FastSkyLUT:1]]
[2020.10.17-17.15.21:833][  0]LogConfig: Setting CVar [[r.SkyAtmosphere.FastSkyLUT.SampleCountMin:4.0]]
[2020.10.17-17.15.21:833][  0]LogConfig: Setting CVar [[r.SkyAtmosphere.FastSkyLUT.SampleCountMax:32.0]]
[2020.10.17-17.15.21:833][  0]LogConfig: Setting CVar [[r.SkyAtmosphere.SampleCountMin:4.0]]
[2020.10.17-17.15.21:833][  0]LogConfig: Setting CVar [[r.SkyAtmosphere.SampleCountMax:32.0]]
[2020.10.17-17.15.21:833][  0]LogConfig: Setting CVar [[r.SkyAtmosphere.TransmittanceLUT.UseSmallFormat:0]]
[2020.10.17-17.15.21:833][  0]LogConfig: Setting CVar [[r.SkyAtmosphere.TransmittanceLUT.SampleCount:10.0]]
[2020.10.17-17.15.21:833][  0]LogConfig: Setting CVar [[r.SkyAtmosphere.MultiScatteringLUT.SampleCount:15.0]]
[2020.10.17-17.15.21:833][  0]LogConfig: Applying CVar settings from Section [FoliageQuality@3] File [C:/Users/darkf/Documents/GitHub/DungeonsOfDaggorath/Saved/Config/Windows/Scalability.ini]
[2020.10.17-17.15.21:833][  0]LogConfig: Setting CVar [[foliage.DensityScale:1.0]]
[2020.10.17-17.15.21:833][  0]LogConfig: Setting CVar [[grass.DensityScale:1.0]]
[2020.10.17-17.15.21:833][  0]LogConfig: Applying CVar settings from Section [ShadingQuality@3] File [C:/Users/darkf/Documents/GitHub/DungeonsOfDaggorath/Saved/Config/Windows/Scalability.ini]
[2020.10.17-17.15.21:833][  0]LogConfig: Setting CVar [[r.HairStrands.SkyLighting.SampleCount:16]]
[2020.10.17-17.15.21:833][  0]LogConfig: Setting CVar [[r.HairStrands.SkyLighting.JitterIntegration:0]]
[2020.10.17-17.15.21:833][  0]LogConfig: Setting CVar [[r.HairStrands.SkyAO.SampleCount:16]]
[2020.10.17-17.15.21:833][  0]LogConfig: Setting CVar [[r.HairStrands.DeepShadow.SuperSampling:0]]
[2020.10.17-17.15.21:833][  0]LogConfig: Setting CVar [[r.HairStrands.VisibilityPPLL:0]]
[2020.10.17-17.15.21:833][  0]LogConfig: Setting CVar [[r.HairStrands.RasterizationScale:0.5]]
[2020.10.17-17.15.21:833][  0]LogConfig: Setting CVar [[r.HairStrands.VelocityRasterizationScale:1]]
[2020.10.17-17.15.21:833][  0]LogConfig: Applying CVar settings from Section [Startup] File [../../../Engine/Config/ConsoleVariables.ini]
[2020.10.17-17.15.21:839][  0]LogConfig: Setting CVar [[net.UseAdaptiveNetUpdateFrequency:0]]
[2020.10.17-17.15.21:839][  0]LogConfig: Setting CVar [[p.chaos.AllowCreatePhysxBodies:1]]
[2020.10.17-17.15.21:839][  0]LogConfig: Setting CVar [[fx.SkipVectorVMBackendOptimizations:1]]
[2020.10.17-17.15.21:839][  0]LogConfig: Applying CVar settings from Section [ConsoleVariables] File [C:/Users/darkf/Documents/GitHub/DungeonsOfDaggorath/Saved/Config/Windows/Engine.ini]
[2020.10.17-17.15.21:839][  0]LogInit: Computer: DEVASTATOR
[2020.10.17-17.15.21:839][  0]LogInit: User: darkf
[2020.10.17-17.15.21:839][  0]LogInit: CPU Page size=4096, Cores=6
[2020.10.17-17.15.21:839][  0]LogInit: High frequency timer resolution =10.000000 MHz
[2020.10.17-17.15.21:839][  0]LogMemory: Memory total: Physical=15.8GB (16GB approx)
[2020.10.17-17.15.21:839][  0]LogMemory: Platform Memory Stats for Windows
[2020.10.17-17.15.21:839][  0]LogMemory: Process Physical Memory: 120.66 MB used, 120.66 MB peak
[2020.10.17-17.15.21:839][  0]LogMemory: Process Virtual Memory: 111.88 MB used, 111.88 MB peak
[2020.10.17-17.15.21:839][  0]LogMemory: Physical Memory: 7071.84 MB used,  9156.88 MB free, 16228.71 MB total
[2020.10.17-17.15.21:839][  0]LogMemory: Virtual Memory: 5185.98 MB used,  134212544.00 MB free, 134217728.00 MB total
[2020.10.17-17.15.22:012][  0]LogWindows: WindowsPlatformFeatures enabled
[2020.10.17-17.15.22:300][  0]LogInit: Physics initialised using underlying interface: PhysX
[2020.10.17-17.15.22:307][  0]LogInit: Using OS detected language (en-US).
[2020.10.17-17.15.22:307][  0]LogInit: Using OS detected locale (en-US).
[2020.10.17-17.15.22:330][  0]LogTextLocalizationManager: No specific localization for 'en-US' exists, so the 'en' localization will be used.
[2020.10.17-17.15.22:661][  0]LogInit: Setting process to per monitor DPI aware
[2020.10.17-17.15.22:750][  0]LogSlate: New Slate User Created.  User Index 0, Is Virtual User: 0
[2020.10.17-17.15.22:750][  0]LogSlate: Slate User Registered.  User Index 0, Is Virtual User: 0
[2020.10.17-17.15.25:537][  0]LogD3D12RHI: Aftermath initialized
[2020.10.17-17.15.25:538][  0]LogD3D12RHI: Loading WinPixEventRuntime.dll for PIX profiling (from ../../../Engine/Binaries/ThirdParty/Windows/WinPixEventRuntime/x64).
[2020.10.17-17.15.25:766][  0]LogD3D12RHI: Found D3D12 adapter 0: NVIDIA GeForce RTX 2060 (Max supported Feature Level 12_1)
[2020.10.17-17.15.25:766][  0]LogD3D12RHI: Adapter has 5980MB of dedicated video memory, 0MB of dedicated system memory, and 8114MB of shared system memory, 1 output[s]
[2020.10.17-17.15.25:809][  0]LogD3D12RHI: Found D3D12 adapter 1: Intel(R) UHD Graphics 630 (Max supported Feature Level 12_1)
[2020.10.17-17.15.25:809][  0]LogD3D12RHI: Adapter has 128MB of dedicated video memory, 0MB of dedicated system memory, and 8114MB of shared system memory, 0 output[s]
[2020.10.17-17.15.25:819][  0]LogD3D12RHI: Found D3D12 adapter 2: Microsoft Basic Render Driver (Max supported Feature Level 12_1)
[2020.10.17-17.15.25:819][  0]LogD3D12RHI: Adapter has 0MB of dedicated video memory, 0MB of dedicated system memory, and 8114MB of shared system memory, 0 output[s]
[2020.10.17-17.15.25:819][  0]LogD3D12RHI: Forcing D3D12.AsyncDeferredDeletion=0 as a workaround for a deadlock.
[2020.10.17-17.15.25:820][  0]LogD3D12RHI: Chosen D3D12 Adapter Id = 0
[2020.10.17-17.15.25:826][  0]LogD3D12RHI: Emitting draw events for PIX profiling.
[2020.10.17-17.15.25:907][  0]LogD3D12RHI: The system supports ID3D12Device1.
[2020.10.17-17.15.25:907][  0]LogD3D12RHI: The system supports ID3D12Device2.
[2020.10.17-17.15.25:982][  0]LogD3D12RHI: [GPUBreadCrumb] Successfully setup breadcrumb resource for 3D Queue 0
[2020.10.17-17.15.25:992][  0]LogD3D12RHI: [GPUBreadCrumb] Successfully setup breadcrumb resource for Copy Queue 0
[2020.10.17-17.15.26:010][  0]LogD3D12RHI: [GPUBreadCrumb] Successfully setup breadcrumb resource for Compute Queue 0
[2020.10.17-17.15.26:024][  0]LogD3D12RHI: Display: Not using pipeline state disk cache per r.D3D12.PSO.DiskCache=0
[2020.10.17-17.15.26:024][  0]LogD3D12RHI: Display: Not using driver-optimized pipeline state disk cache per r.D3D12.PSO.DriverOptimizedDiskCache=0
[2020.10.17-17.15.26:028][  0]LogD3D12RHI:     GPU DeviceId: 0x1f11 (for the marketing name, search the web for "GPU Device Id")
[2020.10.17-17.15.26:028][  0]LogWindows: EnumDisplayDevices:
[2020.10.17-17.15.26:028][  0]LogWindows:    0. 'Intel(R) UHD Graphics 630' (P:1 D:1)
[2020.10.17-17.15.26:029][  0]LogWindows:    1. 'Intel(R) UHD Graphics 630' (P:0 D:0)
[2020.10.17-17.15.26:029][  0]LogWindows:    2. 'Intel(R) UHD Graphics 630' (P:0 D:0)
[2020.10.17-17.15.26:029][  0]LogWindows:    3. 'NVIDIA GeForce RTX 2060' (P:0 D:0)
[2020.10.17-17.15.26:029][  0]LogWindows:    4. 'NVIDIA GeForce RTX 2060' (P:0 D:0)
[2020.10.17-17.15.26:029][  0]LogWindows:    5. 'NVIDIA GeForce RTX 2060' (P:0 D:0)
[2020.10.17-17.15.26:029][  0]LogWindows:    6. 'NVIDIA GeForce RTX 2060' (P:0 D:0)
[2020.10.17-17.15.26:030][  0]LogWindows: DebugString: PrimaryIsNotTheChoosenAdapter PrimaryIsNotTheChoosenAdapter PrimaryIsNotTheChoosenAdapter FoundDriverCount:4 
[2020.10.17-17.15.26:030][  0]LogD3D12RHI:     Adapter Name: NVIDIA GeForce RTX 2060
[2020.10.17-17.15.26:030][  0]LogD3D12RHI:   Driver Version: 456.71 (internal:27.21.14.5671, unified:456.71)
[2020.10.17-17.15.26:030][  0]LogD3D12RHI:      Driver Date: 9-30-2020
[2020.10.17-17.15.26:030][  0]LogRHI: Texture pool is 3283 MB (70% of 4690 MB)
[2020.10.17-17.15.26:030][  0]LogD3D12RHI: Async texture creation enabled
[2020.10.17-17.15.26:030][  0]LogD3D12RHI: RHI has support for 64 bit atomics
[2020.10.17-17.15.26:397][  0]LogTargetPlatformManager: Display: Loaded TargetPlatform 'AllDesktop'
[2020.10.17-17.15.26:419][  0]LogTargetPlatformManager: Display: Loaded TargetPlatform 'Android'
[2020.10.17-17.15.26:419][  0]LogTargetPlatformManager: Display: Loaded TargetPlatform 'Android_ASTC'
[2020.10.17-17.15.26:419][  0]LogTargetPlatformManager: Display: Loaded TargetPlatform 'Android_DXT'
[2020.10.17-17.15.26:419][  0]LogTargetPlatformManager: Display: Loaded TargetPlatform 'Android_ETC2'
[2020.10.17-17.15.26:419][  0]LogTargetPlatformManager: Display: Loaded TargetPlatform 'AndroidClient'
[2020.10.17-17.15.26:419][  0]LogTargetPlatformManager: Display: Loaded TargetPlatform 'Android_ASTCClient'
[2020.10.17-17.15.26:419][  0]LogTargetPlatformManager: Display: Loaded TargetPlatform 'Android_DXTClient'
[2020.10.17-17.15.26:419][  0]LogTargetPlatformManager: Display: Loaded TargetPlatform 'Android_ETC2Client'
[2020.10.17-17.15.26:419][  0]LogTargetPlatformManager: Display: Loaded TargetPlatform 'Android_Multi'
[2020.10.17-17.15.26:419][  0]LogTargetPlatformManager: Display: Loaded TargetPlatform 'Android_MultiClient'
[2020.10.17-17.15.26:458][  0]LogTargetPlatformManager: Display: Loaded TargetPlatform 'IOSClient'
[2020.10.17-17.15.26:458][  0]LogTargetPlatformManager: Display: Loaded TargetPlatform 'IOS'
[2020.10.17-17.15.26:478][  0]LogTargetPlatformManager: Display: Loaded TargetPlatform 'Linux'
[2020.10.17-17.15.26:489][  0]LogTargetPlatformManager: Display: Loaded TargetPlatform 'LinuxNoEditor'
[2020.10.17-17.15.26:499][  0]LogTargetPlatformManager: Display: Loaded TargetPlatform 'LinuxClient'
[2020.10.17-17.15.26:509][  0]LogTargetPlatformManager: Display: Loaded TargetPlatform 'LinuxServer'
[2020.10.17-17.15.26:519][  0]LogTargetPlatformManager: Display: Loaded TargetPlatform 'LinuxAArch64NoEditor'
[2020.10.17-17.15.26:529][  0]LogTargetPlatformManager: Display: Loaded TargetPlatform 'LinuxAArch64Client'
[2020.10.17-17.15.26:540][  0]LogTargetPlatformManager: Display: Loaded TargetPlatform 'LinuxAArch64Server'
[2020.10.17-17.15.26:570][  0]LogTargetPlatformManager: Display: Loaded TargetPlatform 'Lumin'
[2020.10.17-17.15.26:570][  0]LogTargetPlatformManager: Display: Loaded TargetPlatform 'LuminClient'
[2020.10.17-17.15.26:584][  0]LogTargetPlatformManager: Display: Loaded TargetPlatform 'TVOSClient'
[2020.10.17-17.15.26:584][  0]LogTargetPlatformManager: Display: Loaded TargetPlatform 'TVOS'
[2020.10.17-17.15.26:595][  0]LogTargetPlatformManager: Display: Loaded TargetPlatform 'WindowsNoEditor'
[2020.10.17-17.15.26:605][  0]LogTargetPlatformManager: Display: Loaded TargetPlatform 'Windows'
[2020.10.17-17.15.26:615][  0]LogTargetPlatformManager: Display: Loaded TargetPlatform 'WindowsClient'
[2020.10.17-17.15.26:626][  0]LogTargetPlatformManager: Display: Loaded TargetPlatform 'WindowsServer'
[2020.10.17-17.15.26:626][  0]LogTargetPlatformManager: Display: Building Assets For Windows
[2020.10.17-17.15.26:670][  0]LogAudioDebug: Display: Lib vorbis DLL was dynamically loaded.
[2020.10.17-17.15.26:812][  0]LogShaderCompilers: Guid format shader working directory is -21 characters bigger than the processId version (../../../../../../Users/darkf/Documents/GitHub/DungeonsOfDaggorath/Intermediate/Shaders/WorkingDirectory/11664/).
[2020.10.17-17.15.26:812][  0]LogShaderCompilers: Cleaned the shader compiler working directory 'C:/Users/darkf/AppData/Local/Temp/UnrealShaderWorkingDir/E9CE64474B06AB70E85680A20455F0D8/'.
[2020.10.17-17.15.26:815][  0]LogXGEController: Cleaning working directory: C:/Users/darkf/AppData/Local/Temp/UnrealXGEWorkingDir/
[2020.10.17-17.15.26:815][  0]LogXGEController: Cannot use XGE Controller as Incredibuild is not installed on this machine.
[2020.10.17-17.15.26:816][  0]LogShaderCompilers: Cannot use XGE Shader Compiler as Incredibuild is not installed on this machine.
[2020.10.17-17.15.26:816][  0]LogShaderCompilers: Display: Using Local Shader Compiler.
[2020.10.17-17.15.30:061][  0]LogDerivedDataCache: Display: Max Cache Size: 512 MB
[2020.10.17-17.15.30:183][  0]LogDerivedDataCache: Loaded boot cache 0.12s 117MB C:/Users/darkf/AppData/Local/UnrealEngine/4.25/DerivedDataCache/Boot.ddc.
[2020.10.17-17.15.30:183][  0]LogDerivedDataCache: Display: Loaded Boot cache: C:/Users/darkf/AppData/Local/UnrealEngine/4.25/DerivedDataCache/Boot.ddc
[2020.10.17-17.15.30:184][  0]LogDerivedDataCache: FDerivedDataBackendGraph:  Pak pak cache file ../../../../../../Users/darkf/Documents/GitHub/DungeonsOfDaggorath/DerivedDataCache/DDC.ddp not found, will not use a pak cache.
[2020.10.17-17.15.30:184][  0]LogDerivedDataCache: Unable to find inner node Pak for hierarchical cache Hierarchy.
[2020.10.17-17.15.30:184][  0]LogDerivedDataCache: FDerivedDataBackendGraph:  CompressedPak pak cache file ../../../../../../Users/darkf/Documents/GitHub/DungeonsOfDaggorath/DerivedDataCache/Compressed.ddp not found, will not use a pak cache.
[2020.10.17-17.15.30:184][  0]LogDerivedDataCache: Unable to find inner node CompressedPak for hierarchical cache Hierarchy.
[2020.10.17-17.15.30:202][  0]LogDerivedDataCache: Display: Pak cache opened for reading ../../../Engine/DerivedDataCache/Compressed.ddp.
[2020.10.17-17.15.30:202][  0]LogDerivedDataCache: FDerivedDataBackendGraph:  EnterprisePak pak cache file ../../../Enterprise/DerivedDataCache/Compressed.ddp not found, will not use a pak cache.
[2020.10.17-17.15.30:202][  0]LogDerivedDataCache: Unable to find inner node EnterprisePak for hierarchical cache Hierarchy.
[2020.10.17-17.15.30:203][  0]LogDerivedDataCache: Using Local data cache path C:/Users/darkf/AppData/Local/UnrealEngine/Common/DerivedDataCache: Writable
[2020.10.17-17.15.30:203][  0]LogDerivedDataCache: Shared data cache path not found in *engine.ini, will not use an Shared cache.
[2020.10.17-17.15.30:203][  0]LogDerivedDataCache: Unable to find inner node Shared for hierarchical cache Hierarchy.
[2020.10.17-17.15.30:256][  0]LogSlate: Using FreeType 2.10.0
[2020.10.17-17.15.30:277][  0]LogSlate: SlateFontServices - WITH_FREETYPE: 1, WITH_HARFBUZZ: 1
[2020.10.17-17.15.30:316][  0]LogAssetRegistry: FAssetRegistry took 0.0044 seconds to start up
[2020.10.17-17.15.30:636][  0]LogInit: Selected Device Profile: [Windows]
[2020.10.17-17.15.30:920][  0]LogMeshReduction: Using QuadricMeshReduction for automatic static mesh reduction
[2020.10.17-17.15.30:920][  0]LogMeshReduction: Using SimplygonMeshReduction for automatic skeletal mesh reduction
[2020.10.17-17.15.30:920][  0]LogMeshReduction: Using ProxyLODMeshReduction for automatic mesh merging
[2020.10.17-17.15.30:920][  0]LogMeshReduction: No distributed automatic mesh merging module available
[2020.10.17-17.15.30:920][  0]LogMeshMerging: No distributed automatic mesh merging module available
[2020.10.17-17.15.30:984][  0]LogNetVersion: DungeonsOfDaggorath 1.0.0, NetCL: 13144385, EngineNetVer: 14, GameNetVer: 0 (Checksum: 2640224271)
[2020.10.17-17.15.32:351][  0]LogAISub: UAISubsystem::UAISubsystem AISubsystem (00000227056D2480), frame # 0
[2020.10.17-17.15.32:351][  0]LogAISub: UAISubsystem::UAISubsystem AIPerceptionSystem (0000022705517D80), frame # 0
[2020.10.17-17.15.32:355][  0]LogAISub: UAISubsystem::UAISubsystem EnvQueryManager (000002270557DC00), frame # 0
[2020.10.17-17.15.32:457][  0]LogPackageLocalizationCache: Processed 24 localized package path(s) for 1 prioritized culture(s) in 0.063847 seconds
[2020.10.17-17.15.32:461][  0]LogUObjectArray: 15918 objects as part of root set at end of initial load.
[2020.10.17-17.15.32:461][  0]LogUObjectAllocator: 3965776 out of 0 bytes used by permanent object pool.
[2020.10.17-17.15.32:461][  0]LogUObjectArray: CloseDisregardForGC: 0/0 objects in disregard for GC pool
[2020.10.17-17.15.33:239][  0]LogPython: Using Python 2.7.14
[2020.10.17-17.15.34:570][  0]LogSubstanceCoreModule: Substance [CPU] Engine Loaded, Max Texture Size = 2048
[2020.10.17-17.15.34:595][  0]LogTcpMessaging: Initializing TcpMessaging bridge
[2020.10.17-17.15.34:603][  0]LogUdpMessaging: Initializing bridge on interface 0.0.0.0:0 to multicast group 230.0.0.1:6666.
[2020.10.17-17.15.34:740][  0]LogLinker: Warning: Failed to load '/Game/ThirdPersonBP/ThirdPersonOverview': Can't find file.
[2020.10.17-17.15.34:740][  0]LogLinker: Warning: Failed to load '/Game/ThirdPersonBP/ThirdPersonOverview': Can't find file.
[2020.10.17-17.15.34:741][  0]LogUObjectGlobals: Warning: Failed to find object 'Class /Game/ThirdPersonBP/ThirdPersonOverview.ThirdPersonOverview_C'
[2020.10.17-17.15.34:818][  0]SourceControl: Source control is disabled
[2020.10.17-17.15.34:818][  0]SourceControl: Source control is disabled
[2020.10.17-17.15.34:833][  0]SourceControl: Source control is disabled
[2020.10.17-17.15.34:841][  0]SourceControl: Source control is disabled
[2020.10.17-17.15.34:854][  0]SourceControl: Source control is disabled
[2020.10.17-17.15.35:513][  0]LogAndroidPermission: UAndroidPermissionCallbackProxy::GetInstance
[2020.10.17-17.15.35:553][  0]LogAudioCaptureCore: Display: No Audio Capture implementations found. Audio input will be silent.
[2020.10.17-17.15.35:553][  0]LogAudioCaptureCore: Display: No Audio Capture implementations found. Audio input will be silent.
[2020.10.17-17.15.35:675][  0]LogOcInput: OculusInput pre-init called
[2020.10.17-17.15.35:693][  0]LogWindows: Failed to load 'OVRPlugin.dll' (GetLastError=126)
[2020.10.17-17.15.35:693][  0]LogWindows: File 'OVRPlugin.dll' does not exist
[2020.10.17-17.15.36:374][  0]LogEngine: Initializing Engine...
[2020.10.17-17.15.36:378][  0]LogHMD: SteamVR initialized.  Driver: lighthouse  Display: LHR-9575530A
[2020.10.17-17.15.36:379][  0]LogStylusInput: Initializing StylusInput subsystem.
[2020.10.17-17.15.36:395][  0]LogStats: UGameplayTagsManager::InitializeManager -  0.001 s
[2020.10.17-17.15.36:807][  0]LogInit: Initializing FReadOnlyCVARCache
[2020.10.17-17.15.36:852][  0]LogAIModule: Creating AISystem for world Untitled
[2020.10.17-17.15.36:852][  0]LogAISub: UAISubsystem::UAISubsystem EnvQueryManager (0000022716041600), frame # 0
[2020.10.17-17.15.36:853][  0]LogAISub: UAISubsystem::UAISubsystem AIPerceptionSystem (0000022716023600), frame # 0
[2020.10.17-17.15.36:867][  0]LogAudioMixer: Display: Audio Mixer Platform Settings:
[2020.10.17-17.15.36:868][  0]LogAudioMixer: Display: 	Sample Rate:						  48000
[2020.10.17-17.15.36:868][  0]LogAudioMixer: Display: 	Callback Buffer Frame Size Requested: 1024
[2020.10.17-17.15.36:868][  0]LogAudioMixer: Display: 	Callback Buffer Frame Size To Use:	  1024
[2020.10.17-17.15.36:868][  0]LogAudioMixer: Display: 	Number of buffers to queue:			  2
[2020.10.17-17.15.36:868][  0]LogAudioMixer: Display: 	Max Channels (voices):				  32
[2020.10.17-17.15.36:868][  0]LogAudioMixer: Display: 	Number of Async Source Workers:		  0
[2020.10.17-17.15.36:868][  0]LogAudio: Display: AudioDevice MaxSources: 32
[2020.10.17-17.15.36:870][  0]LogAudio: Display: Using built-in audio occlusion.
[2020.10.17-17.15.36:870][  0]LogAudioMixer: Display: Initializing audio mixer.
[2020.10.17-17.15.36:949][  0]LogAudioMixer: Display: 0: FrontLeft
[2020.10.17-17.15.36:949][  0]LogAudioMixer: Display: 1: FrontRight
[2020.10.17-17.15.36:949][  0]LogAudioMixer: Display: 2: FrontCenter
[2020.10.17-17.15.36:949][  0]LogAudioMixer: Display: 3: LowFrequency
[2020.10.17-17.15.36:949][  0]LogAudioMixer: Display: 4: BackLeft
[2020.10.17-17.15.36:949][  0]LogAudioMixer: Display: 5: BackRight
[2020.10.17-17.15.36:949][  0]LogAudioMixer: Display: 6: SideLeft
[2020.10.17-17.15.36:949][  0]LogAudioMixer: Display: 7: SideRight
[2020.10.17-17.15.37:118][  0]LogAudioMixer: Display: Using Audio Device HTC-VIVE (NVIDIA High Definition Audio)
[2020.10.17-17.15.37:119][  0]LogAudioMixer: Display: Initializing Sound Submixes...
[2020.10.17-17.15.37:144][  0]LogAudioMixer: Display: Creating Master Submix 'MasterSubmixDefault'
[2020.10.17-17.15.37:144][  0]LogAudioMixer: Display: Creating Master Submix 'MasterReverbSubmixDefault'
[2020.10.17-17.15.37:146][  0]LogAudioMixer: Display: Creating Master Submix 'MasterEQSubmixDefault'
[2020.10.17-17.15.37:147][  0]LogInit: FAudioDevice initialized.
[2020.10.17-17.15.37:148][  0]LogNetVersion: Set ProjectVersion to 1.0.0.0. Version Checksum will be recalculated on next use.
[2020.10.17-17.15.37:193][  0]LogDerivedDataCache: Saved boot cache 0.05s 76MB C:/Users/darkf/AppData/Local/UnrealEngine/4.25/DerivedDataCache/Boot.ddc.
[2020.10.17-17.15.37:199][  0]LogInit: Texture streaming: Enabled
[2020.10.17-17.15.37:222][  0]LogEngineSessionManager: EngineSessionManager initialized
[2020.10.17-17.15.37:222][  0]LogEditorSessionSummary: Verbose: Initializing EditorSessionSummaryWriter for editor session tracking
[2020.10.17-17.15.37:223][  0]LogEditorSessionSummary: EditorSessionSummaryWriter initialized
[2020.10.17-17.15.37:306][  0]LogInit: Transaction tracking system initialized
[2020.10.17-17.15.37:359][  0]BlueprintLog: New page: Editor Load
[2020.10.17-17.15.37:557][  0]LocalizationService: Localization service is disabled
[2020.10.17-17.15.38:070][  0]LogCook: Display: Max memory allowance for cook 16384mb min free memory 0mb
[2020.10.17-17.15.38:070][  0]LogCook: Display: Mobile HDR setting 1
[2020.10.17-17.15.38:383][  0]LogFileCache: Scanning file cache for directory 'C:/Users/darkf/Documents/GitHub/DungeonsOfDaggorath/Content/' took 0.01s
[2020.10.17-17.15.38:663][  0]SourceControl: Source control is disabled
[2020.10.17-17.15.38:663][  0]LogUnrealEdMisc: Loading editor; pre map load, took 23.363
[2020.10.17-17.15.38:664][  0]Cmd: MAP LOAD FILE="../../../../../../Users/darkf/Documents/GitHub/DungeonsOfDaggorath/Content/Maps/Level-01.umap" TEMPLATE=0 SHOWPROGRESS=1 FEATURELEVEL=3
[2020.10.17-17.15.38:665][  0]LightingResults: New page: Lighting Build
[2020.10.17-17.15.38:672][  0]LogWorld: UWorld::CleanupWorld for Untitled, bSessionEnded=true, bCleanupResources=true
[2020.10.17-17.15.38:673][  0]LogSlate: InvalidateAllWidgets triggered.  All widgets were invalidated
[2020.10.17-17.15.38:673][  0]MapCheck: New page: Map Check
[2020.10.17-17.15.38:673][  0]LightingResults: New page: Lighting Build
[2020.10.17-17.15.38:694][  0]LogAISub: UAISubsystem::~UAISubsystem EnvQueryManager (0000022716041600), frame # 0
[2020.10.17-17.15.38:694][  0]LogAISub: UAISubsystem::~UAISubsystem AIPerceptionSystem (0000022716023600), frame # 0
[2020.10.17-17.15.38:695][  0]LogUObjectHash: Compacting FUObjectHashTables data took   0.63ms
[2020.10.17-17.15.39:103][  0]LogLinker: Warning: Asset '../../../../../../Users/darkf/Documents/GitHub/DungeonsOfDaggorath/Content/MSPresets/MSTextures/Albedo.uasset' has been saved with empty engine version. The asset will be loaded but may be incompatible.
[2020.10.17-17.15.39:109][  0]LogLinker: Warning: Asset '../../../../../../Users/darkf/Documents/GitHub/DungeonsOfDaggorath/Content/MSPresets/MSTextures/Normal.uasset' has been saved with empty engine version. The asset will be loaded but may be incompatible.
[2020.10.17-17.15.39:115][  0]LogLinker: Warning: Asset '../../../../../../Users/darkf/Documents/GitHub/DungeonsOfDaggorath/Content/MSPresets/MSTextures/Roughness.uasset' has been saved with empty engine version. The asset will be loaded but may be incompatible.
[2020.10.17-17.15.39:855][  0]LogBlueprint: Warning: [Compiler MotionControllerPawn] Get Input Axis references unknown Axis 'MotionControllerThumbRight_X' for  Get MotionControllerThumbRight_X
[2020.10.17-17.15.39:855][  0]LogBlueprint: Warning: [Compiler MotionControllerPawn] Get Input Axis references unknown Axis 'MotionControllerThumbRight_Y' for  Get MotionControllerThumbRight_Y
[2020.10.17-17.15.39:855][  0]LogBlueprint: Warning: [Compiler MotionControllerPawn] Get Input Axis references unknown Axis 'MotionControllerThumbLeft_Y' for  Get MotionControllerThumbLeft_Y
[2020.10.17-17.15.39:855][  0]LogBlueprint: Warning: [Compiler MotionControllerPawn] Get Input Axis references unknown Axis 'MotionControllerThumbLeft_X' for  Get MotionControllerThumbLeft_X
[2020.10.17-17.15.39:855][  0]LogBlueprint: Warning: [Compiler MotionControllerPawn] InputAction Event references unknown Action 'TeleportRight' for  InputAction TeleportRight
[2020.10.17-17.15.39:855][  0]LogBlueprint: Warning: [Compiler MotionControllerPawn] InputAction Event references unknown Action 'TeleportLeft' for  InputAction TeleportLeft
[2020.10.17-17.15.39:855][  0]LogBlueprint: Warning: [Compiler MotionControllerPawn] InputAction Event references unknown Action 'GrabRight' for  InputAction GrabRight
[2020.10.17-17.15.39:855][  0]LogBlueprint: Warning: [Compiler MotionControllerPawn] InputAction Event references unknown Action 'GrabLeft' for  InputAction GrabLeft
[2020.10.17-17.15.40:836][  0]LogAIModule: Creating AISystem for world Level-01
[2020.10.17-17.15.40:836][  0]LogAISub: UAISubsystem::UAISubsystem EnvQueryManager (00000227321CBE00), frame # 0
[2020.10.17-17.15.40:836][  0]LogAISub: UAISubsystem::UAISubsystem AIPerceptionSystem (00000227316174C0), frame # 0
[2020.10.17-17.15.41:006][  0]LogEditorServer: Finished looking for orphan Actors (0.000 secs)
[2020.10.17-17.15.41:047][  0]LogUObjectHash: Compacting FUObjectHashTables data took   0.94ms
[2020.10.17-17.15.41:047][  0]Cmd: MAP CHECKDEP NOCLEARLOG
[2020.10.17-17.15.41:048][  0]MapCheck: Map check complete: 0 Error(s), 0 Warning(s), took 0.665ms to complete.
[2020.10.17-17.15.41:048][  0]LogFileHelpers: Loading map 'Level-01' took 2.384
[2020.10.17-17.15.41:049][  0]LogAssetRegistry: Flushing asset discovery search because of synchronous request, this can take several seconds...
[2020.10.17-17.15.41:066][  0]LogAssetRegistry: Asset discovery search completed in 0.0170 seconds
[2020.10.17-17.15.41:081][  0]LogCollectionManager: Loaded 0 collections in 0.001614 seconds
[2020.10.17-17.15.41:083][  0]LogFileCache: Scanning file cache for directory 'C:/Users/darkf/Documents/GitHub/DungeonsOfDaggorath/Saved/Collections/' took 0.00s
[2020.10.17-17.15.41:083][  0]LogFileCache: Scanning file cache for directory 'C:/Users/darkf/Documents/GitHub/DungeonsOfDaggorath/Content/Developers/darkf/Collections/' took 0.00s
[2020.10.17-17.15.41:083][  0]LogFileCache: Scanning file cache for directory 'C:/Users/darkf/Documents/GitHub/DungeonsOfDaggorath/Content/Collections/' took 0.00s
[2020.10.17-17.15.41:083][  0]LogCollectionManager: Fixed up redirectors for 0 collections in 0.000003 seconds (updated 0 objects)
[2020.10.17-17.15.41:121][  0]LogUnrealEdMisc: Total Editor Startup Time, took 25.821
[2020.10.17-17.15.41:295][  0]LogSlate: Updating window title bar state: overlay mode, drag disabled, window buttons hidden, title bar hidden
[2020.10.17-17.15.41:302][  0]LogSlate: Updating window title bar state: overlay mode, drag disabled, window buttons hidden, title bar hidden
[2020.10.17-17.15.41:309][  0]LogSlate: Updating window title bar state: overlay mode, drag disabled, window buttons hidden, title bar hidden
[2020.10.17-17.15.41:315][  0]LogSlate: Updating window title bar state: overlay mode, drag disabled, window buttons hidden, title bar hidden
[2020.10.17-17.15.41:361][  0]LogContentBrowser: Native class hierarchy populated in 0.0086 seconds. Added 3619 classes and 853 folders.
[2020.10.17-17.15.41:374][  0]LogContentBrowser: Native class hierarchy updated for 'WidgetCarousel' in 0.0003 seconds. Added 0 classes and 0 folders.
[2020.10.17-17.15.41:746][  0]LogContentBrowser: Native class hierarchy updated for 'AddContentDialog' in 0.0002 seconds. Added 0 classes and 0 folders.
[2020.10.17-17.15.41:763][  0]LogContentBrowser: Native class hierarchy updated for 'SceneOutliner' in 0.0003 seconds. Added 2 classes and 0 folders.
[2020.10.17-17.15.42:089][  0]LogSlate: Took 0.007930 seconds to synchronously load lazily loaded font '../../../Engine/Content/Slate/Fonts/Roboto-Regular.ttf' (155K)
[2020.10.17-17.15.42:098][  0]LogSlate: Took 0.006003 seconds to synchronously load lazily loaded font '../../../Engine/Content/Slate/Fonts/Roboto-Bold.ttf' (160K)
[2020.10.17-17.15.42:110][  0]LogSlate: Took 0.006479 seconds to synchronously load lazily loaded font '../../../Engine/Content/Editor/Slate/Fonts/FontAwesome.ttf' (139K)
[2020.10.17-17.15.42:275][  0]LogRenderer: Reallocating scene render targets to support 1124x588 Format 10 NumSamples 1 (Frame:1).
[2020.10.17-17.15.42:424][  0]LogSlate: Took 0.006062 seconds to synchronously load lazily loaded font '../../../Engine/Content/Slate/Fonts/Roboto-Light.ttf' (167K)
[2020.10.17-17.15.42:567][  0]LogContentBrowser: Native class hierarchy updated for 'HierarchicalLODOutliner' in 0.0002 seconds. Added 0 classes and 0 folders.
[2020.10.17-17.15.42:567][  0]LogLoad: (Engine Initialization) Total time: 27.27 seconds
[2020.10.17-17.15.42:567][  0]LogLoad: (Engine Initialization) Total Blueprint compile time: 0.00 seconds
[2020.10.17-17.15.42:579][  0]LogSteamVRInputDevice: Display: SteamVR runtime 1.5.17 loaded.
[2020.10.17-17.15.42:580][  0]LogSteamVRInputDevice: Display: Action Manifest Path: ../../../../../../Users/darkf/Documents/GitHub/DungeonsOfDaggorath/Config/SteamVRBindings/steamvr_manifest.json
[2020.10.17-17.15.42:580][  0]LogSteamVRInputDevice: Display: Controller Bindings Path: ../../../../../../Users/darkf/Documents/GitHub/DungeonsOfDaggorath/Config/SteamVRBindings
[2020.10.17-17.15.42:582][  0]LogSteamVRInputDevice: Searching for Controller Bindings files at: ../../../../../../Users/darkf/Documents/GitHub/DungeonsOfDaggorath/Config/SteamVRBindings
[2020.10.17-17.15.42:636][  0]LogSteamVRInputDevice: Display: [STEAMVR INPUT] Registering Application Manifest ../../../../../../Users/darkf/Documents/GitHub/DungeonsOfDaggorath/Config/steamvr_ue_editor_app.json : VRApplicationError_None
[2020.10.17-17.15.42:642][  0]LogSteamVRInputDevice: Display: [STEAMVR INPUT] Editor Application [11664][application.generated.ue.first-person-bp-game-template-13942748.ue4editor.exe] identified to SteamVR: VRApplicationError_None
[2020.10.17-17.15.42:642][  0]LogSteamVRInputDevice: Display: [STEAMVR INPUT] Trying to load Action Manifest from: C:/Users/darkf/Documents/GitHub/DungeonsOfDaggorath/Config/SteamVRBindings/steamvr_manifest.json
[2020.10.17-17.15.42:643][  0]LogSteamVRInputDevice: Display: [STEAMVR INPUT] Setting Action Manifest Path Result: Success
[2020.10.17-17.15.42:643][  0]LogSteamVRInputDevice: Display: [STEAMVR INPUT] Setting main action set: Success
[2020.10.17-17.15.42:643][  0]LogSteamVRInputDevice: Display: Retrieving Action Handle: /actions/main/in/controllerleft
[2020.10.17-17.15.42:643][  0]LogSteamVRInputDevice: Display: [STEAMVR INPUT] Setting Action Handle Path Result: Success
[2020.10.17-17.15.42:643][  0]LogSteamVRInputDevice: Display: Retrieving Action Handle: /actions/main/in/controllerright
[2020.10.17-17.15.42:643][  0]LogSteamVRInputDevice: Display: [STEAMVR INPUT] Setting Action Handle Path Result: Success
[2020.10.17-17.15.42:643][  0]LogSteamVRInputDevice: Display: Retrieving Action Handle: /actions/main/in/special1
[2020.10.17-17.15.42:643][  0]LogSteamVRInputDevice: Display: [STEAMVR INPUT] Setting Action Handle Path Result: Success
[2020.10.17-17.15.42:643][  0]LogSteamVRInputDevice: Display: Retrieving Action Handle: /actions/main/in/special2
[2020.10.17-17.15.42:643][  0]LogSteamVRInputDevice: Display: [STEAMVR INPUT] Setting Action Handle Path Result: Success
[2020.10.17-17.15.42:643][  0]LogSteamVRInputDevice: Display: Retrieving Action Handle: /actions/main/in/special3
[2020.10.17-17.15.42:643][  0]LogSteamVRInputDevice: Display: [STEAMVR INPUT] Setting Action Handle Path Result: Success
[2020.10.17-17.15.42:643][  0]LogSteamVRInputDevice: Display: Retrieving Action Handle: /actions/main/in/special4
[2020.10.17-17.15.42:643][  0]LogSteamVRInputDevice: Display: [STEAMVR INPUT] Setting Action Handle Path Result: Success
[2020.10.17-17.15.42:644][  0]LogSteamVRInputDevice: Display: Retrieving Action Handle: /actions/main/in/special5
[2020.10.17-17.15.42:644][  0]LogSteamVRInputDevice: Display: [STEAMVR INPUT] Setting Action Handle Path Result: Success
[2020.10.17-17.15.42:644][  0]LogSteamVRInputDevice: Display: Retrieving Action Handle: /actions/main/in/special6
[2020.10.17-17.15.42:644][  0]LogSteamVRInputDevice: Display: [STEAMVR INPUT] Setting Action Handle Path Result: Success
[2020.10.17-17.15.42:644][  0]LogSteamVRInputDevice: Display: Retrieving Action Handle: /actions/main/in/special7
[2020.10.17-17.15.42:644][  0]LogSteamVRInputDevice: Display: [STEAMVR INPUT] Setting Action Handle Path Result: Success
[2020.10.17-17.15.42:644][  0]LogSteamVRInputDevice: Display: Retrieving Action Handle: /actions/main/in/special8
[2020.10.17-17.15.42:644][  0]LogSteamVRInputDevice: Display: [STEAMVR INPUT] Setting Action Handle Path Result: Success
[2020.10.17-17.15.42:644][  0]LogSteamVRInputDevice: Display: Retrieving Action Handle: /actions/main/in/skeletonleft
[2020.10.17-17.15.42:644][  0]LogSteamVRInputDevice: Display: [STEAMVR INPUT] Setting Action Handle Path Result: Success
[2020.10.17-17.15.42:644][  0]LogSteamVRInputDevice: Display: Retrieving Action Handle: /actions/main/in/skeletonright
[2020.10.17-17.15.42:644][  0]LogSteamVRInputDevice: Display: [STEAMVR INPUT] Setting Action Handle Path Result: Success
[2020.10.17-17.15.42:644][  0]LogSteamVRInputDevice: Display: Retrieving Action Handle: /actions/main/out/vibrateleft
[2020.10.17-17.15.42:644][  0]LogSteamVRInputDevice: Display: [STEAMVR INPUT] Setting Action Handle Path Result: Success
[2020.10.17-17.15.42:644][  0]LogSteamVRInputDevice: Display: Retrieving Action Handle: /actions/main/out/vibrateright
[2020.10.17-17.15.42:644][  0]LogSteamVRInputDevice: Display: [STEAMVR INPUT] Setting Action Handle Path Result: Success
[2020.10.17-17.15.42:644][  0]LogSteamVRInputDevice: Display: Retrieving Action Handle: /actions/main/in/open_console
[2020.10.17-17.15.42:644][  0]LogSteamVRInputDevice: Display: [STEAMVR INPUT] Setting Action Handle Path Result: Success
[2020.10.17-17.15.42:644][  0]LogSteamVRInputDevice: Display: Retrieving Action Handle: /actions/main/in/ResetVR
[2020.10.17-17.15.42:645][  0]LogSteamVRInputDevice: Display: [STEAMVR INPUT] Setting Action Handle Path Result: Success
[2020.10.17-17.15.42:645][  0]LogSteamVRInputDevice: Display: Retrieving Action Handle: /actions/main/in/ResetVR
[2020.10.17-17.15.42:645][  0]LogSteamVRInputDevice: Display: [STEAMVR INPUT] Setting Action Handle Path Result: Success
[2020.10.17-17.15.42:645][  0]LogSteamVRInputDevice: Display: Retrieving Action Handle: /actions/main/in/ResetVR
[2020.10.17-17.15.42:645][  0]LogSteamVRInputDevice: Display: [STEAMVR INPUT] Setting Action Handle Path Result: Success
[2020.10.17-17.15.42:645][  0]LogSteamVRInputDevice: Display: Retrieving Action Handle: /actions/main/in/ResetVR
[2020.10.17-17.15.42:645][  0]LogSteamVRInputDevice: Display: [STEAMVR INPUT] Setting Action Handle Path Result: Success
[2020.10.17-17.15.42:645][  0]LogSteamVRInputDevice: Display: Retrieving Action Handle: /actions/main/in/MoveForward axis
[2020.10.17-17.15.42:645][  0]LogSteamVRInputDevice: Display: [STEAMVR INPUT] Setting Action Handle Path Result: Success
[2020.10.17-17.15.42:645][  0]LogSteamVRInputDevice: Display: Retrieving Action Handle: /actions/main/in/MoveForward axis
[2020.10.17-17.15.42:645][  0]LogSteamVRInputDevice: Display: [STEAMVR INPUT] Setting Action Handle Path Result: Success
[2020.10.17-17.15.42:645][  0]LogSteamVRInputDevice: Display: Retrieving Action Handle: /actions/main/in/MoveRight axis
[2020.10.17-17.15.42:645][  0]LogSteamVRInputDevice: Display: [STEAMVR INPUT] Setting Action Handle Path Result: Success
[2020.10.17-17.15.42:645][  0]LogSteamVRInputDevice: Display: Retrieving Action Handle: /actions/main/in/MoveRight axis
[2020.10.17-17.15.42:645][  0]LogSteamVRInputDevice: Display: [STEAMVR INPUT] Setting Action Handle Path Result: Success
[2020.10.17-17.15.42:645][  0]LogSteamVRInputDevice: Display: Retrieving Action Handle: /actions/main/in/MoveRight axis
[2020.10.17-17.15.42:645][  0]LogSteamVRInputDevice: Display: [STEAMVR INPUT] Setting Action Handle Path Result: Success
[2020.10.17-17.15.42:645][  0]LogSteamVRInputDevice: Display: Retrieving Action Handle: /actions/main/in/MoveRight axis
[2020.10.17-17.15.42:645][  0]LogSteamVRInputDevice: Display: [STEAMVR INPUT] Setting Action Handle Path Result: Success
[2020.10.17-17.15.42:645][  0]LogSteamVRInputDevice: Display: Action Manifest Path: ../../../../../../Users/darkf/Documents/GitHub/DungeonsOfDaggorath/Config/SteamVRBindings/steamvr_manifest.json
[2020.10.17-17.15.42:645][  0]LogSteamVRInputDevice: Display: Controller Bindings Path: ../../../../../../Users/darkf/Documents/GitHub/DungeonsOfDaggorath/Config/SteamVRBindings
[2020.10.17-17.15.42:647][  0]LogSteamVRInputDevice: Searching for Controller Bindings files at: ../../../../../../Users/darkf/Documents/GitHub/DungeonsOfDaggorath/Config/SteamVRBindings
[2020.10.17-17.15.42:650][  0]LogSteamVRInputDevice: Display: [STEAMVR INPUT] Registering Application Manifest ../../../../../../Users/darkf/Documents/GitHub/DungeonsOfDaggorath/Config/steamvr_ue_editor_app.json : VRApplicationError_None
[2020.10.17-17.15.42:650][  0]LogSteamVRInputDevice: Display: [STEAMVR INPUT] Editor Application [11664][application.generated.ue.first-person-bp-game-template-13942748.ue4editor.exe] identified to SteamVR: VRApplicationError_None
[2020.10.17-17.15.42:650][  0]LogSteamVRInputDevice: Display: [STEAMVR INPUT] Trying to load Action Manifest from: C:/Users/darkf/Documents/GitHub/DungeonsOfDaggorath/Config/SteamVRBindings/steamvr_manifest.json
[2020.10.17-17.15.42:650][  0]LogSteamVRInputDevice: Display: [STEAMVR INPUT] Setting Action Manifest Path Result: Success
[2020.10.17-17.15.42:650][  0]LogSteamVRInputDevice: Display: [STEAMVR INPUT] Setting main action set: Success
[2020.10.17-17.15.42:651][  0]LogSteamVRInputDevice: Display: Retrieving Action Handle: /actions/main/in/controllerleft
[2020.10.17-17.15.42:651][  0]LogSteamVRInputDevice: Display: [STEAMVR INPUT] Setting Action Handle Path Result: Success
[2020.10.17-17.15.42:651][  0]LogSteamVRInputDevice: Display: Retrieving Action Handle: /actions/main/in/controllerright
[2020.10.17-17.15.42:651][  0]LogSteamVRInputDevice: Display: [STEAMVR INPUT] Setting Action Handle Path Result: Success
[2020.10.17-17.15.42:651][  0]LogSteamVRInputDevice: Display: Retrieving Action Handle: /actions/main/in/special1
[2020.10.17-17.15.42:651][  0]LogSteamVRInputDevice: Display: [STEAMVR INPUT] Setting Action Handle Path Result: Success
[2020.10.17-17.15.42:651][  0]LogSteamVRInputDevice: Display: Retrieving Action Handle: /actions/main/in/special2
[2020.10.17-17.15.42:651][  0]LogSteamVRInputDevice: Display: [STEAMVR INPUT] Setting Action Handle Path Result: Success
[2020.10.17-17.15.42:651][  0]LogSteamVRInputDevice: Display: Retrieving Action Handle: /actions/main/in/special3
[2020.10.17-17.15.42:651][  0]LogSteamVRInputDevice: Display: [STEAMVR INPUT] Setting Action Handle Path Result: Success
[2020.10.17-17.15.42:651][  0]LogSteamVRInputDevice: Display: Retrieving Action Handle: /actions/main/in/special4
[2020.10.17-17.15.42:651][  0]LogSteamVRInputDevice: Display: [STEAMVR INPUT] Setting Action Handle Path Result: Success
[2020.10.17-17.15.42:651][  0]LogSteamVRInputDevice: Display: Retrieving Action Handle: /actions/main/in/special5
[2020.10.17-17.15.42:651][  0]LogSteamVRInputDevice: Display: [STEAMVR INPUT] Setting Action Handle Path Result: Success
[2020.10.17-17.15.42:651][  0]LogSteamVRInputDevice: Display: Retrieving Action Handle: /actions/main/in/special6
[2020.10.17-17.15.42:651][  0]LogSteamVRInputDevice: Display: [STEAMVR INPUT] Setting Action Handle Path Result: Success
[2020.10.17-17.15.42:651][  0]LogSteamVRInputDevice: Display: Retrieving Action Handle: /actions/main/in/special7
[2020.10.17-17.15.42:651][  0]LogSteamVRInputDevice: Display: [STEAMVR INPUT] Setting Action Handle Path Result: Success
[2020.10.17-17.15.42:651][  0]LogSteamVRInputDevice: Display: Retrieving Action Handle: /actions/main/in/special8
[2020.10.17-17.15.42:651][  0]LogSteamVRInputDevice: Display: [STEAMVR INPUT] Setting Action Handle Path Result: Success
[2020.10.17-17.15.42:651][  0]LogSteamVRInputDevice: Display: Retrieving Action Handle: /actions/main/in/skeletonleft
[2020.10.17-17.15.42:651][  0]LogSteamVRInputDevice: Display: [STEAMVR INPUT] Setting Action Handle Path Result: Success
[2020.10.17-17.15.42:651][  0]LogSteamVRInputDevice: Display: Retrieving Action Handle: /actions/main/in/skeletonright
[2020.10.17-17.15.42:651][  0]LogSteamVRInputDevice: Display: [STEAMVR INPUT] Setting Action Handle Path Result: Success
[2020.10.17-17.15.42:651][  0]LogSteamVRInputDevice: Display: Retrieving Action Handle: /actions/main/out/vibrateleft
[2020.10.17-17.15.42:651][  0]LogSteamVRInputDevice: Display: [STEAMVR INPUT] Setting Action Handle Path Result: Success
[2020.10.17-17.15.42:651][  0]LogSteamVRInputDevice: Display: Retrieving Action Handle: /actions/main/out/vibrateright
[2020.10.17-17.15.42:651][  0]LogSteamVRInputDevice: Display: [STEAMVR INPUT] Setting Action Handle Path Result: Success
[2020.10.17-17.15.42:651][  0]LogSteamVRInputDevice: Display: Retrieving Action Handle: /actions/main/in/open_console
[2020.10.17-17.15.42:651][  0]LogSteamVRInputDevice: Display: [STEAMVR INPUT] Setting Action Handle Path Result: Success
[2020.10.17-17.15.42:651][  0]LogSteamVRInputDevice: Display: Retrieving Action Handle: /actions/main/in/ResetVR
[2020.10.17-17.15.42:651][  0]LogSteamVRInputDevice: Display: [STEAMVR INPUT] Setting Action Handle Path Result: Success
[2020.10.17-17.15.42:651][  0]LogSteamVRInputDevice: Display: Retrieving Action Handle: /actions/main/in/ResetVR
[2020.10.17-17.15.42:651][  0]LogSteamVRInputDevice: Display: [STEAMVR INPUT] Setting Action Handle Path Result: Success
[2020.10.17-17.15.42:651][  0]LogSteamVRInputDevice: Display: Retrieving Action Handle: /actions/main/in/ResetVR
[2020.10.17-17.15.42:651][  0]LogSteamVRInputDevice: Display: [STEAMVR INPUT] Setting Action Handle Path Result: Success
[2020.10.17-17.15.42:651][  0]LogSteamVRInputDevice: Display: Retrieving Action Handle: /actions/main/in/ResetVR
[2020.10.17-17.15.42:651][  0]LogSteamVRInputDevice: Display: [STEAMVR INPUT] Setting Action Handle Path Result: Success
[2020.10.17-17.15.42:651][  0]LogSteamVRInputDevice: Display: Retrieving Action Handle: /actions/main/in/MoveForward axis
[2020.10.17-17.15.42:651][  0]LogSteamVRInputDevice: Display: [STEAMVR INPUT] Setting Action Handle Path Result: Success
[2020.10.17-17.15.42:651][  0]LogSteamVRInputDevice: Display: Retrieving Action Handle: /actions/main/in/MoveForward axis
[2020.10.17-17.15.42:651][  0]LogSteamVRInputDevice: Display: [STEAMVR INPUT] Setting Action Handle Path Result: Success
[2020.10.17-17.15.42:651][  0]LogSteamVRInputDevice: Display: Retrieving Action Handle: /actions/main/in/MoveRight axis
[2020.10.17-17.15.42:651][  0]LogSteamVRInputDevice: Display: [STEAMVR INPUT] Setting Action Handle Path Result: Success
[2020.10.17-17.15.42:651][  0]LogSteamVRInputDevice: Display: Retrieving Action Handle: /actions/main/in/MoveRight axis
[2020.10.17-17.15.42:651][  0]LogSteamVRInputDevice: Display: [STEAMVR INPUT] Setting Action Handle Path Result: Success
[2020.10.17-17.15.42:651][  0]LogSteamVRInputDevice: Display: Retrieving Action Handle: /actions/main/in/MoveRight axis
[2020.10.17-17.15.42:651][  0]LogSteamVRInputDevice: Display: [STEAMVR INPUT] Setting Action Handle Path Result: Success
[2020.10.17-17.15.42:652][  0]LogSteamVRInputDevice: Display: Retrieving Action Handle: /actions/main/in/MoveRight axis
[2020.10.17-17.15.42:652][  0]LogSteamVRInputDevice: Display: [STEAMVR INPUT] Setting Action Handle Path Result: Success
[2020.10.17-17.15.42:728][  0]LogContentStreaming: Texture pool size now 1000 MB
[2020.10.17-17.15.42:782][  1]LogSubstanceLiveLink: Warning: Unable to send data along socket, closing connection
[2020.10.17-17.15.56:200][543]LogSlate: Took 0.000132 seconds to synchronously load lazily loaded font '../../../Engine/Content/Slate/Fonts/Roboto-Light.ttf' (167K)
[2020.10.17-17.15.56:234][543]LogAssetEditorSubsystem: Opening Asset editor for Blueprint /Game/VirtualRealityBP/Blueprints/MotionControllerPawn.MotionControllerPawn
[2020.10.17-17.15.56:762][543]LogContentBrowser: Native class hierarchy updated for 'BlueprintGraph' in 0.0005 seconds. Added 125 classes and 0 folders.
[2020.10.17-17.15.57:654][543]LogSlate: Took 0.005175 seconds to synchronously load lazily loaded font '../../../Engine/Content/Slate/Fonts/Roboto-BoldCondensed.ttf' (158K)
[2020.10.17-17.15.57:832][543]LogSlate: Took 0.006288 seconds to synchronously load lazily loaded font '../../../Engine/Content/Slate/Fonts/DroidSansMono.ttf' (77K)
[2020.10.17-17.15.57:874][544]LogSlate: Took 0.005490 seconds to synchronously load lazily loaded font '../../../Engine/Content/Slate/Fonts/Roboto-Italic.ttf' (157K)
[2020.10.17-17.17.12:840][965]LogSlate: Window 'MotionControllerPawn' being destroyed
[2020.10.17-17.19.54:272][510]LogWorld: UWorld::CleanupWorld for World_4, bSessionEnded=true, bCleanupResources=true
[2020.10.17-17.19.54:272][510]LogSlate: InvalidateAllWidgets triggered.  All widgets were invalidated
[2020.10.17-17.19.57:958][830]LogAssetEditorSubsystem: Opening Asset editor for Blueprint /Game/VirtualRealityBP/Blueprints/BP_MotionController.BP_MotionController
[2020.10.17-17.25.20:315][606]LogSlate: Window 'BP_MotionController' being destroyed
[2020.10.17-17.26.02:715][145]LogUObjectHash: Compacting FUObjectHashTables data took   3.68ms
[2020.10.17-17.26.02:717][145]LogFileHelpers: Editor autosave (incl. sublevels) for '/Game/Maps/Level-01' took 0.075
[2020.10.17-17.26.02:718][145]OBJ SavePackage: Generating thumbnails for [0] asset(s) in package [/Game/VirtualRealityBP/Blueprints/MotionControllerPawn] ([1] browsable assets)...
[2020.10.17-17.26.02:718][145]OBJ SavePackage: Finished generating thumbnails for package [/Game/VirtualRealityBP/Blueprints/MotionControllerPawn]
[2020.10.17-17.26.02:800][145]LogSavePackage: Moving '../../../../../../Users/darkf/Documents/GitHub/DungeonsOfDaggorath/Saved/MotionControllerPawn_Auto16CB0968B4A8D4A102AC6879D613E438C.tmp' to '../../../../../../Users/darkf/Documents/GitHub/DungeonsOfDaggorath/Saved/Autosaves/Game/VirtualRealityBP/Blueprints/MotionControllerPawn_Auto1.uasset'
[2020.10.17-17.26.02:802][145]OBJ SavePackage: Generating thumbnails for [1] asset(s) in package [/Game/VirtualRealityBP/Blueprints/BP_MotionController] ([1] browsable assets)...
[2020.10.17-17.26.02:811][145]OBJ SavePackage:     Rendered thumbnail for [Blueprint /Game/VirtualRealityBP/Blueprints/BP_MotionController.BP_MotionController]
[2020.10.17-17.26.02:811][145]OBJ SavePackage: Finished generating thumbnails for package [/Game/VirtualRealityBP/Blueprints/BP_MotionController]
[2020.10.17-17.26.02:910][145]LogSavePackage: Moving '../../../../../../Users/darkf/Documents/GitHub/DungeonsOfDaggorath/Saved/BP_MotionController_Auto1D0CF21394A18322F0DD3BABDCE7F482E.tmp' to '../../../../../../Users/darkf/Documents/GitHub/DungeonsOfDaggorath/Saved/Autosaves/Game/VirtualRealityBP/Blueprints/BP_MotionController_Auto1.uasset'
[2020.10.17-17.26.02:911][145]LogFileHelpers: Auto-saving content packages took 0.193
[2020.10.17-17.27.40:346][674]BlueprintLog: New page: Compile BP_MotionController
[2020.10.17-17.27.40:445][674]LogUObjectHash: Compacting FUObjectHashTables data took   2.46ms
[2020.10.17-17.27.41:632][802]LogTemp: Repeating last play command: VR Preview
[2020.10.17-17.27.41:655][802]BlueprintLog: New page: Pre-Play auto-recompile
[2020.10.17-17.27.41:655][802]LogPlayLevel: [PlayLevel] Compiling MotionControllerPawn before play...
[2020.10.17-17.27.41:661][802]LogBlueprint: Warning: [Compiler MotionControllerPawn] Get Input Axis references unknown Axis 'MotionControllerThumbRight_X' for  Get MotionControllerThumbRight_X
[2020.10.17-17.27.41:661][802]LogBlueprint: Warning: [Compiler MotionControllerPawn] Get Input Axis references unknown Axis 'MotionControllerThumbRight_Y' for  Get MotionControllerThumbRight_Y
[2020.10.17-17.27.41:661][802]LogBlueprint: Warning: [Compiler MotionControllerPawn] Get Input Axis references unknown Axis 'MotionControllerThumbLeft_Y' for  Get MotionControllerThumbLeft_Y
[2020.10.17-17.27.41:661][802]LogBlueprint: Warning: [Compiler MotionControllerPawn] Get Input Axis references unknown Axis 'MotionControllerThumbLeft_X' for  Get MotionControllerThumbLeft_X
[2020.10.17-17.27.41:662][802]LogBlueprint: Warning: [Compiler MotionControllerPawn] InputAction Event references unknown Action 'TeleportRight' for  InputAction TeleportRight
[2020.10.17-17.27.41:662][802]LogBlueprint: Warning: [Compiler MotionControllerPawn] InputAction Event references unknown Action 'TeleportLeft' for  InputAction TeleportLeft
[2020.10.17-17.27.41:662][802]LogBlueprint: Warning: [Compiler MotionControllerPawn] InputAction Event references unknown Action 'GrabRight' for  InputAction GrabRight
[2020.10.17-17.27.41:662][802]LogBlueprint: Warning: [Compiler MotionControllerPawn] InputAction Event references unknown Action 'GrabLeft' for  InputAction GrabLeft
[2020.10.17-17.27.41:697][802]LogUObjectHash: Compacting FUObjectHashTables data took   2.37ms
[2020.10.17-17.27.41:697][802]LogPlayLevel: PlayLevel: Blueprint regeneration took 42 ms (1 blueprints)
[2020.10.17-17.27.41:701][802]PIE: New page: PIE session: Level-01 (Oct 17, 2020, 9:27:41 AM)
[2020.10.17-17.27.41:703][802]LogOnline: OSS: Creating online subsystem instance for: NULL
[2020.10.17-17.27.41:704][802]LogOnline: OSS: TryLoadSubsystemAndSetDefault: Loaded subsystem for module [NULL]
[2020.10.17-17.27.41:704][802]LogPlayLevel: Creating play world package: /Game/Maps/UEDPIE_0_Level-01
[2020.10.17-17.27.41:815][802]LogPlayLevel: PIE: StaticDuplicateObject took: (0.110153s)
[2020.10.17-17.27.41:816][802]LogAIModule: Creating AISystem for world Level-01
[2020.10.17-17.27.41:816][802]LogAISub: UAISubsystem::UAISubsystem EnvQueryManager (0000022721D35C00), frame # 45802
[2020.10.17-17.27.41:816][802]LogAISub: UAISubsystem::UAISubsystem AIPerceptionSystem (00000227303F2700), frame # 45802
[2020.10.17-17.27.41:816][802]LogPlayLevel: PIE: World Init took: (0.001382s)
[2020.10.17-17.27.41:817][802]LogPlayLevel: PIE: Created PIE world by copying editor world from /Game/Maps/Level-01.Level-01 to /Game/Maps/UEDPIE_0_Level-01.Level-01 (0.111901s)
[2020.10.17-17.27.41:837][802]LogUObjectHash: Compacting FUObjectHashTables data took   1.61ms
[2020.10.17-17.27.41:837][802]LogAudioMixer: Display: Audio Mixer Platform Settings:
[2020.10.17-17.27.41:837][802]LogAudioMixer: Display: 	Sample Rate:						  48000
[2020.10.17-17.27.41:838][802]LogAudioMixer: Display: 	Callback Buffer Frame Size Requested: 1024
[2020.10.17-17.27.41:838][802]LogAudioMixer: Display: 	Callback Buffer Frame Size To Use:	  1024
[2020.10.17-17.27.41:838][802]LogAudioMixer: Display: 	Number of buffers to queue:			  2
[2020.10.17-17.27.41:838][802]LogAudioMixer: Display: 	Max Channels (voices):				  32
[2020.10.17-17.27.41:838][802]LogAudioMixer: Display: 	Number of Async Source Workers:		  0
[2020.10.17-17.27.41:838][802]LogAudio: Display: AudioDevice MaxSources: 32
[2020.10.17-17.27.41:838][802]LogAudio: Display: Using built-in audio occlusion.
[2020.10.17-17.27.41:838][802]LogAudioMixer: Display: Initializing audio mixer.
[2020.10.17-17.27.41:841][802]LogAudioMixer: Display: 0: FrontLeft
[2020.10.17-17.27.41:841][802]LogAudioMixer: Display: 1: FrontRight
[2020.10.17-17.27.41:841][802]LogAudioMixer: Display: 2: FrontCenter
[2020.10.17-17.27.41:841][802]LogAudioMixer: Display: 3: LowFrequency
[2020.10.17-17.27.41:841][802]LogAudioMixer: Display: 4: BackLeft
[2020.10.17-17.27.41:841][802]LogAudioMixer: Display: 5: BackRight
[2020.10.17-17.27.41:841][802]LogAudioMixer: Display: 6: SideLeft
[2020.10.17-17.27.41:841][802]LogAudioMixer: Display: 7: SideRight
[2020.10.17-17.27.41:856][802]LogAudioMixer: Display: Using Audio Device HTC-VIVE (NVIDIA High Definition Audio)
[2020.10.17-17.27.41:856][802]LogAudioMixer: Display: Initializing Sound Submixes...
[2020.10.17-17.27.41:856][802]LogAudioMixer: Display: Creating Master Submix 'MasterSubmixDefault'
[2020.10.17-17.27.41:856][802]LogAudioMixer: Display: Creating Master Submix 'MasterReverbSubmixDefault'
[2020.10.17-17.27.41:857][802]LogAudioMixer: Display: Creating Master Submix 'MasterEQSubmixDefault'
[2020.10.17-17.27.41:871][802]LogInit: FAudioDevice initialized.
[2020.10.17-17.27.41:895][802]LogSlate: Updating window title bar state: overlay mode, drag disabled, window buttons hidden, title bar hidden
[2020.10.17-17.27.41:931][802]LogLoad: Game class is 'FirstPersonGameMode_C'
[2020.10.17-17.27.41:989][802]LogWorld: Bringing World /Game/Maps/UEDPIE_0_Level-01.Level-01 up for play (max tick rate 0) at 2020.10.17-13.27.41
[2020.10.17-17.27.41:993][802]LogWorld: Bringing up level for play took: 0.059600
[2020.10.17-17.27.41:994][802]LogOnline: OSS: Creating online subsystem instance for: :Context_8
[2020.10.17-17.27.42:017][802]LogContentBrowser: Native class hierarchy updated for 'MovieSceneCapture' in 0.0003 seconds. Added 20 classes and 0 folders.
[2020.10.17-17.27.42:039][802]PIE: Server logged in
[2020.10.17-17.27.42:041][802]PIE: Play in editor total start time 0.388 seconds.
[2020.10.17-17.27.42:065][802]LogAudio: Warning: Detected orphaned looping sound 'continuous_Drip'.
[2020.10.17-17.27.42:082][803]LogRenderer: Warning: Resizing VR buffer to 3496 by 1944
[2020.10.17-17.27.42:082][803]LogRenderer: Reallocating scene render targets to support 3496x1944 Format 10 NumSamples 1 (Frame:1).
[2020.10.17-17.27.42:475][807]LogHMD: Warning: SteamVR Compositor had an error on present (108)
[2020.10.17-17.27.44:484][901]LogSlate: Updating window title bar state: overlay mode, drag disabled, window buttons hidden, title bar hidden
[2020.10.17-17.27.44:484][901]LogWorld: BeginTearingDown for /Game/Maps/UEDPIE_0_Level-01
[2020.10.17-17.27.44:522][901]LogSlate: Window 'DungeonsOfDaggorath Preview [NetMode: Standalone] (64-bit/Windows) SteamVR' being destroyed
[2020.10.17-17.27.44:559][901]LogWorld: UWorld::CleanupWorld for Level-01, bSessionEnded=true, bCleanupResources=true
[2020.10.17-17.27.44:569][901]LogSlate: InvalidateAllWidgets triggered.  All widgets were invalidated
[2020.10.17-17.27.44:576][901]LogPlayLevel: Display: Shutting down PIE online subsystems
[2020.10.17-17.27.44:583][901]LogSlate: InvalidateAllWidgets triggered.  All widgets were invalidated
[2020.10.17-17.27.44:645][901]LogAISub: UAISubsystem::~UAISubsystem AIPerceptionSystem (00000227303F2700), frame # 45901
[2020.10.17-17.27.44:645][901]LogAISub: UAISubsystem::~UAISubsystem EnvQueryManager (0000022721D35C00), frame # 45901
[2020.10.17-17.27.44:679][901]LogUObjectHash: Compacting FUObjectHashTables data took   5.46ms
[2020.10.17-17.27.44:719][902]LogPlayLevel: Display: Destroying online subsystem :Context_8
[2020.10.17-17.28.27:709][ 92]LogBlueprint: Warning: Reparenting blueprint Blueprint /Game/VirtualRealityBP/Blueprints/BP_MotionController.BP_MotionController from Actor to Character...
[2020.10.17-17.28.27:755][ 92]BlueprintLog: New page: Compile BP_MotionController
[2020.10.17-17.28.27:800][ 92]LogOutputDevice: Warning: 

Script Stack (0 frames):

[2020.10.17-17.28.27:800][ 92]LogWindows: Windows GetLastError: The operation completed successfully. (0)
[2020.10.17-17.28.29:444][ 92]LogWindows: Error: === Critical error: ===
[2020.10.17-17.28.29:444][ 92]LogWindows: Error: 
[2020.10.17-17.28.29:444][ 92]LogWindows: Error: Fatal error: [File:D:/Build/++UE4+Licensee/Sync/Engine/Source/Runtime/CoreUObject/Private/UObject/UObjectGlobals.cpp] [Line: 2335] 
[2020.10.17-17.28.29:444][ 92]LogWindows: Error: Objects have the same fully qualified name but different paths.
[2020.10.17-17.28.29:444][ 92]LogWindows: Error: 	New Object: StaticMeshComponent /Engine/Transient.World_3:PersistentLevel.BP_MotionController_C_1.Arrow
[2020.10.17-17.28.29:444][ 92]LogWindows: Error: 	Existing Object: ArrowComponent /Engine/Transient.World_3:PersistentLevel.BP_MotionController_C_1.Arrow
[2020.10.17-17.28.29:444][ 92]LogWindows: Error: 
[2020.10.17-17.28.29:444][ 92]LogWindows: Error: 
[2020.10.17-17.28.29:444][ 92]LogWindows: Error: [Callstack] 0x00007ffbaac23e49 KERNELBASE.dll!UnknownFunction []
[2020.10.17-17.28.29:444][ 92]LogWindows: Error: [Callstack] 0x00007ffb3974e9e6 UE4Editor-Core.dll!UnknownFunction []
[2020.10.17-17.28.29:444][ 92]LogWindows: Error: [Callstack] 0x00007ffb39751dc8 UE4Editor-Core.dll!UnknownFunction []
[2020.10.17-17.28.29:444][ 92]LogWindows: Error: [Callstack] 0x00007ffb394de53d UE4Editor-Core.dll!UnknownFunction []
[2020.10.17-17.28.29:444][ 92]LogWindows: Error: [Callstack] 0x00007ffb3aa1dffa UE4Editor-CoreUObject.dll!UnknownFunction []
[2020.10.17-17.28.29:444][ 92]LogWindows: Error: [Callstack] 0x00007ffb3aa1fdfa UE4Editor-CoreUObject.dll!UnknownFunction []
[2020.10.17-17.28.29:444][ 92]LogWindows: Error: [Callstack] 0x00007ffb3aa20d6b UE4Editor-CoreUObject.dll!UnknownFunction []
[2020.10.17-17.28.29:444][ 92]LogWindows: Error: [Callstack] 0x00007ffb2254cbff UE4Editor-Engine.dll!UnknownFunction []
[2020.10.17-17.28.29:444][ 92]LogWindows: Error: [Callstack] 0x00007ffb23376f67 UE4Editor-Engine.dll!UnknownFunction []
[2020.10.17-17.28.29:444][ 92]LogWindows: Error: [Callstack] 0x00007ffb2337747a UE4Editor-Engine.dll!UnknownFunction []
[2020.10.17-17.28.29:444][ 92]LogWindows: Error: [Callstack] 0x00007ffb2337747a UE4Editor-Engine.dll!UnknownFunction []
[2020.10.17-17.28.29:444][ 92]LogWindows: Error: [Callstack] 0x00007ffb233db9d7 UE4Editor-Engine.dll!UnknownFunction []
[2020.10.17-17.28.29:444][ 92]LogWindows: Error: [Callstack] 0x00007ffb22558636 UE4Editor-Engine.dll!UnknownFunction []
[2020.10.17-17.28.29:444][ 92]LogWindows: Error: [Callstack] 0x00007ffb212cc982 UE4Editor-UnrealEd.dll!UnknownFunction []
[2020.10.17-17.28.29:444][ 92]LogWindows: Error: [Callstack] 0x00007ffb212f9b81 UE4Editor-UnrealEd.dll!UnknownFunction []
[2020.10.17-17.28.29:444][ 92]LogWindows: Error: [Callstack] 0x00007ffb212b08cf UE4Editor-UnrealEd.dll!UnknownFunction []
[2020.10.17-17.28.29:444][ 92]LogWindows: Error: [Callstack] 0x00007ffb2022ded1 UE4Editor-Kismet.dll!UnknownFunction []
[2020.10.17-17.28.29:444][ 92]LogWindows: Error: [Callstack] 0x00007ffb201d6b27 UE4Editor-Kismet.dll!UnknownFunction []
[2020.10.17-17.28.29:444][ 92]LogWindows: Error: [Callstack] 0x00007ffb201d6861 UE4Editor-Kismet.dll!UnknownFunction []
[2020.10.17-17.28.29:444][ 92]LogWindows: Error: [Callstack] 0x00007ffb212b97be UE4Editor-UnrealEd.dll!UnknownFunction []
[2020.10.17-17.28.29:444][ 92]LogWindows: Error: [Callstack] 0x00007ffb202d67d0 UE4Editor-Kismet.dll!UnknownFunction []
[2020.10.17-17.28.29:444][ 92]LogWindows: Error: [Callstack] 0x00007ffb2032e27e UE4Editor-Kismet.dll!UnknownFunction []
[2020.10.17-17.28.29:444][ 92]LogWindows: Error: [Callstack] 0x00007ffb202576de UE4Editor-Kismet.dll!UnknownFunction []
[2020.10.17-17.28.29:444][ 92]LogWindows: Error: [Callstack] 0x00007ffb20223f88 UE4Editor-Kismet.dll!UnknownFunction []
[2020.10.17-17.28.29:444][ 92]LogWindows: Error: [Callstack] 0x00007ffb1a60e0b1 UE4Editor-ClassViewer.dll!UnknownFunction []
[2020.10.17-17.28.29:444][ 92]LogWindows: Error: [Callstack] 0x00007ffb1a5fb901 UE4Editor-ClassViewer.dll!UnknownFunction []
[2020.10.17-17.28.29:444][ 92]LogWindows: Error: [Callstack] 0x00007ffb1a61a4ea UE4Editor-ClassViewer.dll!UnknownFunction []
[2020.10.17-17.28.29:444][ 92]LogWindows: Error: [Callstack] 0x00007ffb1a61372d UE4Editor-ClassViewer.dll!UnknownFunction []
[2020.10.17-17.28.29:444][ 92]LogWindows: Error: [Callstack] 0x00007ffb49b02dc8 UE4Editor-Slate.dll!UnknownFunction []
[2020.10.17-17.28.29:444][ 92]LogWindows: Error: [Callstack] 0x00007ffb49b869cf UE4Editor-Slate.dll!UnknownFunction []
[2020.10.17-17.28.29:444][ 92]LogWindows: Error: [Callstack] 0x00007ffb49b6f4b2 UE4Editor-Slate.dll!UnknownFunction []
[2020.10.17-17.28.29:444][ 92]LogWindows: Error: [Callstack] 0x00007ffb49b62392 UE4Editor-Slate.dll!UnknownFunction []
[2020.10.17-17.28.29:444][ 92]LogWindows: Error: [Callstack] 0x00007ffb7d727f88 UE4Editor-ApplicationCore.dll!UnknownFunction []
[2020.10.17-17.28.29:444][ 92]LogWindows: Error: [Callstack] 0x00007ffb7d715c87 UE4Editor-ApplicationCore.dll!UnknownFunction []
[2020.10.17-17.28.29:444][ 92]LogWindows: Error: [Callstack] 0x00007ffb7d72a609 UE4Editor-ApplicationCore.dll!UnknownFunction []
[2020.10.17-17.28.29:444][ 92]LogWindows: Error: [Callstack] 0x00007ffb7d7117d0 UE4Editor-ApplicationCore.dll!UnknownFunction []
[2020.10.17-17.28.29:444][ 92]LogWindows: Error: [Callstack] 0x00007ffbab48e6d8 USER32.dll!UnknownFunction []
[2020.10.17-17.28.29:444][ 92]LogWindows: Error: [Callstack] 0x00007ffbab48e119 USER32.dll!UnknownFunction []
[2020.10.17-17.28.29:444][ 92]LogWindows: Error: [Callstack] 0x00007ffb7d72bb24 UE4Editor-ApplicationCore.dll!UnknownFunction []
[2020.10.17-17.28.29:444][ 92]LogWindows: Error: [Callstack] 0x00007ff61e4068c4 UE4Editor.exe!UnknownFunction []
[2020.10.17-17.28.29:444][ 92]LogWindows: Error: [Callstack] 0x00007ff61e41ba7c UE4Editor.exe!UnknownFunction []
[2020.10.17-17.28.29:444][ 92]LogWindows: Error: [Callstack] 0x00007ff61e41bb5a UE4Editor.exe!UnknownFunction []
[2020.10.17-17.28.29:444][ 92]LogWindows: Error: [Callstack] 0x00007ff61e42e31d UE4Editor.exe!UnknownFunction []
[2020.10.17-17.28.29:445][ 92]LogWindows: Error: [Callstack] 0x00007ff61e43145a UE4Editor.exe!UnknownFunction []
[2020.10.17-17.28.29:445][ 92]LogWindows: Error: [Callstack] 0x00007ffbaba07034 KERNEL32.DLL!UnknownFunction []
[2020.10.17-17.28.29:445][ 92]LogWindows: Error: [Callstack] 0x00007ffbad3fcec1 ntdll.dll!UnknownFunction []
[2020.10.17-17.28.29:445][ 92]LogWindows: Error: 
[2020.10.17-17.28.29:459][ 92]LogExit: Executing StaticShutdownAfterError
[2020.10.17-17.28.29:469][ 92]LogWindows: FPlatformMisc::RequestExit(1)
[2020.10.17-17.28.29:469][ 92]LogCore: Engine exit requested (reason: Win RequestExit)
[2020.10.17-17.28.29:472][ 92]Log file closed, 10/17/20 13:28:29
