Log file open, 10/14/20 16:52:29
LogInit: Display: Running engine for game: DungeonsOfDaggorath
LogPlatformFile: Not using cached read wrapper
LogTaskGraph: Started task graph with 5 named threads and 35 total threads with 3 sets of task threads.
LogStats: Stats thread started at 0.165714
LogD3D11RHI: Loaded GFSDK_Aftermath_Lib.x64.dll
LogICUInternationalization: ICU TimeZone Detection - Raw Offset: -5:00, Platform Override: ''
LogPluginManager: Mounting plugin Paper2D
LogPluginManager: Mounting plugin AISupport
LogPluginManager: Mounting plugin LightPropagationVolume
LogPluginManager: Mounting plugin CameraShakePreviewer
LogPluginManager: Mounting plugin ActorLayerUtilities
LogPluginManager: Mounting plugin AnimationSharing
LogPluginManager: Mounting plugin CLionSourceCodeAccess
LogPluginManager: Mounting plugin CodeLiteSourceCodeAccess
LogPluginManager: Mounting plugin GitSourceControl
LogPluginManager: Mounting plugin KDevelopSourceCodeAccess
LogPluginManager: Mounting plugin NullSourceCodeAccess
LogPluginManager: Mounting plugin PerforceSourceControl
LogPluginManager: Mounting plugin PlasticSourceControl
LogPluginManager: Mounting plugin RiderSourceCodeAccess
LogPluginManager: Mounting plugin SubversionSourceControl
LogPluginManager: Mounting plugin UObjectPlugin
LogPluginManager: Mounting plugin VisualStudioCodeSourceCodeAccess
LogPluginManager: Mounting plugin VisualStudioSourceCodeAccess
LogPluginManager: Mounting plugin XCodeSourceCodeAccess
LogPluginManager: Mounting plugin AssetManagerEditor
LogPluginManager: Mounting plugin CryptoKeys
LogPluginManager: Mounting plugin CurveEditorTools
LogPluginManager: Mounting plugin DataValidation
LogPluginManager: Mounting plugin EditorScriptingUtilities
LogPluginManager: Mounting plugin FacialAnimation
LogPluginManager: Mounting plugin GameplayTagsEditor
LogPluginManager: Mounting plugin GeometryMode
LogPluginManager: Mounting plugin MacGraphicsSwitching
LogPluginManager: Mounting plugin MaterialAnalyzer
LogPluginManager: Mounting plugin MobileLauncherProfileWizard
LogPluginManager: Mounting plugin PluginBrowser
LogPluginManager: Mounting plugin SpeedTreeImporter
LogPluginManager: Mounting plugin DatasmithContent
LogPluginManager: Mounting plugin VariantManagerContent
LogPluginManager: Mounting plugin AlembicImporter
LogPluginManager: Mounting plugin AutomationUtils
LogPluginManager: Mounting plugin BackChannel
LogPluginManager: Mounting plugin ChaosCloth
LogPluginManager: Mounting plugin ChaosClothEditor
LogPluginManager: Mounting plugin ChaosEditor
LogPluginManager: Mounting plugin ChaosNiagara
LogPluginManager: Mounting plugin ChaosSolverPlugin
LogPluginManager: Mounting plugin CharacterAI
LogPluginManager: Mounting plugin GeometryCache
LogPluginManager: Mounting plugin GeometryCollectionPlugin
LogPluginManager: Mounting plugin GeometryProcessing
LogPluginManager: Mounting plugin PlanarCut
LogPluginManager: Mounting plugin PlatformCrypto
LogPluginManager: Mounting plugin ProxyLODPlugin
LogPluginManager: Mounting plugin PythonScriptPlugin
LogPluginManager: Mounting plugin SkeletalReduction
LogPluginManager: Mounting plugin Niagara
LogPluginManager: Mounting plugin MagicLeap
LogPluginManager: Mounting plugin MagicLeapLightEstimation
LogPluginManager: Mounting plugin MagicLeapMedia
LogPluginManager: Mounting plugin MagicLeapPassableWorld
LogPluginManager: Mounting plugin MLSDK
LogPluginManager: Mounting plugin AndroidMedia
LogPluginManager: Mounting plugin AvfMedia
LogPluginManager: Mounting plugin ImgMedia
LogPluginManager: Mounting plugin MediaCompositing
LogPluginManager: Mounting plugin MediaPlayerEditor
LogPluginManager: Mounting plugin WebMMedia
LogPluginManager: Mounting plugin WmfMedia
LogPluginManager: Mounting plugin MegascansPlugin
LogPluginManager: Mounting plugin MeshPainting
LogPluginManager: Mounting plugin TcpMessaging
LogPluginManager: Mounting plugin UdpMessaging
LogPluginManager: Mounting plugin ActorSequence
LogPluginManager: Mounting plugin LevelSequenceEditor
LogPluginManager: Mounting plugin MatineeToLevelSequence
LogPluginManager: Mounting plugin MovieRenderPipeline
LogPluginManager: Mounting plugin TemplateSequence
LogPluginManager: Mounting plugin NetcodeUnitTest
LogPluginManager: Mounting plugin NUTUnrealEngine4
LogPluginManager: Mounting plugin OnlineSubsystemGooglePlay
LogPluginManager: Mounting plugin OnlineSubsystemIOS
LogPluginManager: Mounting plugin OnlineSubsystem
LogPluginManager: Mounting plugin OnlineSubsystemNull
LogPluginManager: Mounting plugin OnlineSubsystemUtils
LogPluginManager: Mounting plugin LauncherChunkInstaller
LogPluginManager: Mounting plugin AndroidDeviceProfileSelector
LogPluginManager: Mounting plugin AndroidMoviePlayer
LogPluginManager: Mounting plugin AndroidPermission
LogPluginManager: Mounting plugin AppleImageUtils
LogPluginManager: Mounting plugin AppleMoviePlayer
LogPluginManager: Mounting plugin ArchVisCharacter
LogPluginManager: Mounting plugin AssetTags
LogPluginManager: Mounting plugin AudioCapture
LogPluginManager: Mounting plugin CableComponent
LogPluginManager: Mounting plugin CustomMeshComponent
LogPluginManager: Mounting plugin EditableMesh
LogPluginManager: Mounting plugin ExampleDeviceProfileSelector
LogPluginManager: Mounting plugin GoogleCloudMessaging
LogPluginManager: Mounting plugin GooglePAD
LogPluginManager: Mounting plugin IOSDeviceProfileSelector
LogPluginManager: Mounting plugin LinuxDeviceProfileSelector
LogPluginManager: Mounting plugin LocationServicesBPLibrary
LogPluginManager: Mounting plugin MobilePatchingUtils
LogPluginManager: Mounting plugin OculusVR
LogPluginManager: Mounting plugin PhysXVehicles
LogPluginManager: Mounting plugin PostSplashScreen
LogPluginManager: Mounting plugin ProceduralMeshComponent
LogPluginManager: Mounting plugin RuntimePhysXCooking
LogPluginManager: Mounting plugin SignificanceManager
LogPluginManager: Mounting plugin SoundFields
LogPluginManager: Mounting plugin SteamVR
LogPluginManager: Mounting plugin Synthesis
LogPluginManager: Mounting plugin WebMMoviePlayer
LogPluginManager: Mounting plugin WindowsMoviePlayer
LogPluginManager: Mounting plugin ScreenshotTools
LogInit: Using libcurl 7.55.1-DEV
LogInit:  - built for x86_64-pc-win32
LogInit:  - supports SSL with OpenSSL/1.1.1
LogInit:  - supports HTTP deflate (compression) using libz 1.2.8
LogInit:  - other features:
LogInit:      CURL_VERSION_SSL
LogInit:      CURL_VERSION_LIBZ
LogInit:      CURL_VERSION_IPV6
LogInit:      CURL_VERSION_ASYNCHDNS
LogInit:      CURL_VERSION_LARGEFILE
LogInit:      CURL_VERSION_IDN
LogInit:  CurlRequestOptions (configurable via config and command line):
LogInit:  - bVerifyPeer = true  - Libcurl will verify peer certificate
LogInit:  - bUseHttpProxy = false  - Libcurl will NOT use HTTP proxy
LogInit:  - bDontReuseConnections = false  - Libcurl will reuse connections
LogInit:  - MaxHostConnections = 16  - Libcurl will limit the number of connections to a host
LogInit:  - LocalHostAddr = Default
LogInit:  - BufferSize = 65536
LogOnline: OSS: Creating online subsystem instance for: NULL
LogInit: WinSock: version 1.1 (2.2), MaxSocks=32767, MaxUdp=65467
LogOnline: OSS: TryLoadSubsystemAndSetDefault: Loaded subsystem for module [NULL]
LogInit: Build: ++UE4+Release-4.25-CL-13942748
LogInit: Engine Version: 4.25.3-13942748+++UE4+Release-4.25
LogInit: Compatible Engine Version: 4.25.0-13144385+++UE4+Release-4.25
LogInit: Net CL: 13144385
LogInit: OS: Windows 10 (Release 2004) (), CPU: Intel(R) Core(TM) i7-9750H CPU @ 2.60GHz, GPU: Intel(R) UHD Graphics 630
LogInit: Compiled (64-bit): Jul 25 2020 02:07:48
LogInit: Compiled with Visual C++: 19.24.28315.00
LogInit: Build Configuration: Development
LogInit: Branch Name: ++UE4+Release-4.25
LogInit: Command Line: 
LogInit: Base Directory: C:/Program Files/Epic Games/UE_4.25/Engine/Binaries/Win64/
LogInit: Allocator: TBB
LogInit: Installed Engine Build: 1
LogDevObjectVersion: Number of dev versions registered: 26
LogDevObjectVersion:   Dev-Blueprints (B0D832E4-1F89-4F0D-ACCF-7EB736FD4AA2): 10
LogDevObjectVersion:   Dev-Build (E1C64328-A22C-4D53-A36C-8E866417BD8C): 0
LogDevObjectVersion:   Dev-Core (375EC13C-06E4-48FB-B500-84F0262A717E): 4
LogDevObjectVersion:   Dev-Editor (E4B068ED-F494-42E9-A231-DA0B2E46BB41): 38
LogDevObjectVersion:   Dev-Framework (CFFC743F-43B0-4480-9391-14DF171D2073): 37
LogDevObjectVersion:   Dev-Mobile (B02B49B5-BB20-44E9-A304-32B752E40360): 2
LogDevObjectVersion:   Dev-Networking (A4E4105C-59A1-49B5-A7C5-40C4547EDFEE): 0
LogDevObjectVersion:   Dev-Online (39C831C9-5AE6-47DC-9A44-9C173E1C8E7C): 0
LogDevObjectVersion:   Dev-Physics (78F01B33-EBEA-4F98-B9B4-84EACCB95AA2): 4
LogDevObjectVersion:   Dev-Platform (6631380F-2D4D-43E0-8009-CF276956A95A): 0
LogDevObjectVersion:   Dev-Rendering (12F88B9F-8875-4AFC-A67C-D90C383ABD29): 43
LogDevObjectVersion:   Dev-Sequencer (7B5AE74C-D270-4C10-A958-57980B212A5A): 12
LogDevObjectVersion:   Dev-VR (D7296918-1DD6-4BDD-9DE2-64A83CC13884): 3
LogDevObjectVersion:   Dev-LoadTimes (C2A15278-BFE7-4AFE-6C17-90FF531DF755): 1
LogDevObjectVersion:   Private-Geometry (6EACA3D4-40EC-4CC1-B786-8BED09428FC5): 3
LogDevObjectVersion:   Dev-AnimPhys (29E575DD-E0A3-4627-9D10-D276232CDCEA): 17
LogDevObjectVersion:   Dev-Anim (AF43A65D-7FD3-4947-9873-3E8ED9C1BB05): 7
LogDevObjectVersion:   Dev-ReflectionCapture (6B266CEC-1EC7-4B8F-A30B-E4D90942FC07): 1
LogDevObjectVersion:   Dev-Automation (0DF73D61-A23F-47EA-B727-89E90C41499A): 1
LogDevObjectVersion:   FortniteMain (601D1886-AC64-4F84-AA16-D3DE0DEAC7D6): 31
LogDevObjectVersion:   Dev-Enterprise (9DFFBCD6-494F-0158-E221-12823C92A888): 10
LogDevObjectVersion:   Dev-Niagara (F2AED0AC-9AFE-416F-8664-AA7FFA26D6FC): 1
LogDevObjectVersion:   Dev-Destruction (174F1F0B-B4C6-45A5-B13F-2EE8D0FB917D): 10
LogDevObjectVersion:   Dev-Physics-Ext (35F94A83-E258-406C-A318-09F59610247C): 37
LogDevObjectVersion:   Dev-PhysicsMaterial-Chaos (B68FC16E-8B1B-42E2-B453-215C058844FE): 1
LogDevObjectVersion:   Dev-CineCamera (B2E18506-4273-CFC2-A54E-F4BB758BBA07): 1
LogInit: Presizing for max 25165824 objects, including 0 objects not considered by GC, pre-allocating 0 bytes for permanent pool.
LogConfig: Applying CVar settings from Section [/Script/Engine.StreamingSettings] File [C:/Users/darkf/Documents/GitHub/DungeonsOfDaggorath/Saved/Config/Windows/Engine.ini]
LogConfig: Setting CVar [[s.MinBulkDataSizeForAsyncLoading:131072]]
LogConfig: Setting CVar [[s.AsyncLoadingThreadEnabled:0]]
LogConfig: Setting CVar [[s.EventDrivenLoaderEnabled:1]]
LogConfig: Setting CVar [[s.WarnIfTimeLimitExceeded:0]]
LogConfig: Setting CVar [[s.TimeLimitExceededMultiplier:1.5]]
LogConfig: Setting CVar [[s.TimeLimitExceededMinTime:0.005]]
LogConfig: Setting CVar [[s.UseBackgroundLevelStreaming:1]]
LogConfig: Setting CVar [[s.PriorityAsyncLoadingExtraTime:15.0]]
LogConfig: Setting CVar [[s.LevelStreamingActorsUpdateTimeLimit:5.0]]
LogConfig: Setting CVar [[s.PriorityLevelStreamingActorsUpdateExtraTime:5.0]]
LogConfig: Setting CVar [[s.LevelStreamingComponentsRegistrationGranularity:10]]
LogConfig: Setting CVar [[s.UnregisterComponentsTimeLimit:1.0]]
LogConfig: Setting CVar [[s.LevelStreamingComponentsUnregistrationGranularity:5]]
LogConfig: Setting CVar [[s.FlushStreamingOnExit:1]]
LogInit: Object subsystem initialized
LogConfig: Setting CVar [[con.DebugEarlyDefault:1]]
LogConfig: Setting CVar [[r.setres:1280x720]]
[2020.10.14-20.52.29:559][  0]LogConfig: Setting CVar [[r.VSync:0]]
[2020.10.14-20.52.29:559][  0]LogConfig: Setting CVar [[r.RHICmdBypass:0]]
[2020.10.14-20.52.29:559][  0]LogConfig: Applying CVar settings from Section [/Script/Engine.RendererSettings] File [C:/Users/darkf/Documents/GitHub/DungeonsOfDaggorath/Saved/Config/Windows/Engine.ini]
[2020.10.14-20.52.29:559][  0]LogConfig: Setting CVar [[r.GPUCrashDebugging:0]]
[2020.10.14-20.52.29:559][  0]LogConfig: Setting CVar [[r.SkinCache.CompileShaders:1]]
[2020.10.14-20.52.29:559][  0]LogConfig: Setting CVar [[r.RayTracing:1]]
[2020.10.14-20.52.29:559][  0]LogConfig: Applying CVar settings from Section [/Script/Engine.RendererOverrideSettings] File [C:/Users/darkf/Documents/GitHub/DungeonsOfDaggorath/Saved/Config/Windows/Engine.ini]
[2020.10.14-20.52.29:559][  0]LogConfig: Applying CVar settings from Section [/Script/Engine.StreamingSettings] File [C:/Users/darkf/Documents/GitHub/DungeonsOfDaggorath/Saved/Config/Windows/Engine.ini]
[2020.10.14-20.52.29:559][  0]LogConfig: Setting CVar [[s.MinBulkDataSizeForAsyncLoading:131072]]
[2020.10.14-20.52.29:559][  0]LogConfig: Setting CVar [[s.AsyncLoadingThreadEnabled:0]]
[2020.10.14-20.52.29:559][  0]LogConfig: Setting CVar [[s.EventDrivenLoaderEnabled:1]]
[2020.10.14-20.52.29:559][  0]LogConfig: Setting CVar [[s.WarnIfTimeLimitExceeded:0]]
[2020.10.14-20.52.29:559][  0]LogConfig: Setting CVar [[s.TimeLimitExceededMultiplier:1.5]]
[2020.10.14-20.52.29:559][  0]LogConfig: Setting CVar [[s.TimeLimitExceededMinTime:0.005]]
[2020.10.14-20.52.29:559][  0]LogConfig: Setting CVar [[s.UseBackgroundLevelStreaming:1]]
[2020.10.14-20.52.29:559][  0]LogConfig: Setting CVar [[s.PriorityAsyncLoadingExtraTime:15.0]]
[2020.10.14-20.52.29:559][  0]LogConfig: Setting CVar [[s.LevelStreamingActorsUpdateTimeLimit:5.0]]
[2020.10.14-20.52.29:559][  0]LogConfig: Setting CVar [[s.PriorityLevelStreamingActorsUpdateExtraTime:5.0]]
[2020.10.14-20.52.29:559][  0]LogConfig: Setting CVar [[s.LevelStreamingComponentsRegistrationGranularity:10]]
[2020.10.14-20.52.29:559][  0]LogConfig: Setting CVar [[s.UnregisterComponentsTimeLimit:1.0]]
[2020.10.14-20.52.29:559][  0]LogConfig: Setting CVar [[s.LevelStreamingComponentsUnregistrationGranularity:5]]
[2020.10.14-20.52.29:559][  0]LogConfig: Setting CVar [[s.FlushStreamingOnExit:1]]
[2020.10.14-20.52.29:559][  0]LogConfig: Applying CVar settings from Section [/Script/Engine.GarbageCollectionSettings] File [C:/Users/darkf/Documents/GitHub/DungeonsOfDaggorath/Saved/Config/Windows/Engine.ini]
[2020.10.14-20.52.29:559][  0]LogConfig: Setting CVar [[gc.MaxObjectsNotConsideredByGC:1]]
[2020.10.14-20.52.29:559][  0]LogConfig: Setting CVar [[gc.SizeOfPermanentObjectPool:0]]
[2020.10.14-20.52.29:559][  0]LogConfig: Setting CVar [[gc.FlushStreamingOnGC:0]]
[2020.10.14-20.52.29:559][  0]LogConfig: Setting CVar [[gc.NumRetriesBeforeForcingGC:10]]
[2020.10.14-20.52.29:559][  0]LogConfig: Setting CVar [[gc.AllowParallelGC:1]]
[2020.10.14-20.52.29:559][  0]LogConfig: Setting CVar [[gc.TimeBetweenPurgingPendingKillObjects:61.1]]
[2020.10.14-20.52.29:559][  0]LogConfig: Setting CVar [[gc.MaxObjectsInEditor:25165824]]
[2020.10.14-20.52.29:559][  0]LogConfig: Setting CVar [[gc.IncrementalBeginDestroyEnabled:1]]
[2020.10.14-20.52.29:559][  0]LogConfig: Setting CVar [[gc.CreateGCClusters:1]]
[2020.10.14-20.52.29:559][  0]LogConfig: Setting CVar [[gc.MinGCClusterSize:5]]
[2020.10.14-20.52.29:559][  0]LogConfig: Setting CVar [[gc.ActorClusteringEnabled:0]]
[2020.10.14-20.52.29:559][  0]LogConfig: Setting CVar [[gc.BlueprintClusteringEnabled:0]]
[2020.10.14-20.52.29:559][  0]LogConfig: Setting CVar [[gc.UseDisregardForGCOnDedicatedServers:0]]
[2020.10.14-20.52.29:559][  0]LogConfig: Applying CVar settings from Section [/Script/Engine.NetworkSettings] File [C:/Users/darkf/Documents/GitHub/DungeonsOfDaggorath/Saved/Config/Windows/Engine.ini]
[2020.10.14-20.52.29:559][  0]LogConfig: Applying CVar settings from Section [/Script/UnrealEd.CookerSettings] File [C:/Users/darkf/Documents/GitHub/DungeonsOfDaggorath/Saved/Config/Windows/Engine.ini]
[2020.10.14-20.52.29:562][  0]LogConfig: Applying CVar settings from Section [ViewDistanceQuality@3] File [C:/Users/darkf/Documents/GitHub/DungeonsOfDaggorath/Saved/Config/Windows/Scalability.ini]
[2020.10.14-20.52.29:562][  0]LogConfig: Setting CVar [[r.SkeletalMeshLODBias:0]]
[2020.10.14-20.52.29:562][  0]LogConfig: Setting CVar [[r.ViewDistanceScale:1.0]]
[2020.10.14-20.52.29:562][  0]LogConfig: Applying CVar settings from Section [AntiAliasingQuality@3] File [C:/Users/darkf/Documents/GitHub/DungeonsOfDaggorath/Saved/Config/Windows/Scalability.ini]
[2020.10.14-20.52.29:562][  0]LogConfig: Setting CVar [[r.PostProcessAAQuality:4]]
[2020.10.14-20.52.29:562][  0]LogConfig: Applying CVar settings from Section [ShadowQuality@3] File [C:/Users/darkf/Documents/GitHub/DungeonsOfDaggorath/Saved/Config/Windows/Scalability.ini]
[2020.10.14-20.52.29:562][  0]LogConfig: Setting CVar [[r.LightFunctionQuality:1]]
[2020.10.14-20.52.29:562][  0]LogConfig: Setting CVar [[r.ShadowQuality:5]]
[2020.10.14-20.52.29:562][  0]LogConfig: Setting CVar [[r.Shadow.CSM.MaxCascades:10]]
[2020.10.14-20.52.29:562][  0]LogConfig: Setting CVar [[r.Shadow.MaxResolution:2048]]
[2020.10.14-20.52.29:562][  0]LogConfig: Setting CVar [[r.Shadow.MaxCSMResolution:2048]]
[2020.10.14-20.52.29:562][  0]LogConfig: Setting CVar [[r.Shadow.RadiusThreshold:0.01]]
[2020.10.14-20.52.29:562][  0]LogConfig: Setting CVar [[r.Shadow.DistanceScale:1.0]]
[2020.10.14-20.52.29:562][  0]LogConfig: Setting CVar [[r.Shadow.CSM.TransitionScale:1.0]]
[2020.10.14-20.52.29:562][  0]LogConfig: Setting CVar [[r.Shadow.PreShadowResolutionFactor:1.0]]
[2020.10.14-20.52.29:562][  0]LogConfig: Setting CVar [[r.DistanceFieldShadowing:1]]
[2020.10.14-20.52.29:562][  0]LogConfig: Setting CVar [[r.DistanceFieldAO:1]]
[2020.10.14-20.52.29:562][  0]LogConfig: Setting CVar [[r.AOQuality:2]]
[2020.10.14-20.52.29:562][  0]LogConfig: Setting CVar [[r.VolumetricFog:1]]
[2020.10.14-20.52.29:562][  0]LogConfig: Setting CVar [[r.VolumetricFog.GridPixelSize:8]]
[2020.10.14-20.52.29:562][  0]LogConfig: Setting CVar [[r.VolumetricFog.GridSizeZ:128]]
[2020.10.14-20.52.29:562][  0]LogConfig: Setting CVar [[r.VolumetricFog.HistoryMissSupersampleCount:4]]
[2020.10.14-20.52.29:562][  0]LogConfig: Setting CVar [[r.LightMaxDrawDistanceScale:1]]
[2020.10.14-20.52.29:562][  0]LogConfig: Setting CVar [[r.CapsuleShadows:1]]
[2020.10.14-20.52.29:562][  0]LogConfig: Applying CVar settings from Section [PostProcessQuality@3] File [C:/Users/darkf/Documents/GitHub/DungeonsOfDaggorath/Saved/Config/Windows/Scalability.ini]
[2020.10.14-20.52.29:562][  0]LogConfig: Setting CVar [[r.MotionBlurQuality:4]]
[2020.10.14-20.52.29:562][  0]LogConfig: Setting CVar [[r.AmbientOcclusionMipLevelFactor:0.4]]
[2020.10.14-20.52.29:562][  0]LogConfig: Setting CVar [[r.AmbientOcclusionMaxQuality:100]]
[2020.10.14-20.52.29:562][  0]LogConfig: Setting CVar [[r.AmbientOcclusionLevels:-1]]
[2020.10.14-20.52.29:562][  0]LogConfig: Setting CVar [[r.AmbientOcclusionRadiusScale:1.0]]
[2020.10.14-20.52.29:562][  0]LogConfig: Setting CVar [[r.DepthOfFieldQuality:2]]
[2020.10.14-20.52.29:562][  0]LogConfig: Setting CVar [[r.RenderTargetPoolMin:400]]
[2020.10.14-20.52.29:562][  0]LogConfig: Setting CVar [[r.LensFlareQuality:2]]
[2020.10.14-20.52.29:562][  0]LogConfig: Setting CVar [[r.SceneColorFringeQuality:1]]
[2020.10.14-20.52.29:562][  0]LogConfig: Setting CVar [[r.EyeAdaptationQuality:2]]
[2020.10.14-20.52.29:562][  0]LogConfig: Setting CVar [[r.BloomQuality:5]]
[2020.10.14-20.52.29:562][  0]LogConfig: Setting CVar [[r.FastBlurThreshold:100]]
[2020.10.14-20.52.29:562][  0]LogConfig: Setting CVar [[r.Upscale.Quality:3]]
[2020.10.14-20.52.29:562][  0]LogConfig: Setting CVar [[r.Tonemapper.GrainQuantization:1]]
[2020.10.14-20.52.29:562][  0]LogConfig: Setting CVar [[r.LightShaftQuality:1]]
[2020.10.14-20.52.29:562][  0]LogConfig: Setting CVar [[r.Filter.SizeScale:1]]
[2020.10.14-20.52.29:562][  0]LogConfig: Setting CVar [[r.Tonemapper.Quality:5]]
[2020.10.14-20.52.29:562][  0]LogConfig: Setting CVar [[r.DOF.Gather.AccumulatorQuality:1        ; higher gathering accumulator quality]]
[2020.10.14-20.52.29:562][  0]LogConfig: Setting CVar [[r.DOF.Gather.PostfilterMethod:1          ; Median3x3 postfilering method]]
[2020.10.14-20.52.29:562][  0]LogConfig: Setting CVar [[r.DOF.Gather.EnableBokehSettings:0       ; no bokeh simulation when gathering]]
[2020.10.14-20.52.29:562][  0]LogConfig: Setting CVar [[r.DOF.Gather.RingCount:4                 ; medium number of samples when gathering]]
[2020.10.14-20.52.29:562][  0]LogConfig: Setting CVar [[r.DOF.Scatter.ForegroundCompositing:1    ; additive foreground scattering]]
[2020.10.14-20.52.29:562][  0]LogConfig: Setting CVar [[r.DOF.Scatter.BackgroundCompositing:2    ; additive background scattering]]
[2020.10.14-20.52.29:562][  0]LogConfig: Setting CVar [[r.DOF.Scatter.EnableBokehSettings:1      ; bokeh simulation when scattering]]
[2020.10.14-20.52.29:562][  0]LogConfig: Setting CVar [[r.DOF.Scatter.MaxSpriteRatio:0.1         ; only a maximum of 10% of scattered bokeh]]
[2020.10.14-20.52.29:562][  0]LogConfig: Setting CVar [[r.DOF.Recombine.Quality:1                ; cheap slight out of focus]]
[2020.10.14-20.52.29:562][  0]LogConfig: Setting CVar [[r.DOF.Recombine.EnableBokehSettings:0    ; no bokeh simulation on slight out of focus]]
[2020.10.14-20.52.29:562][  0]LogConfig: Setting CVar [[r.DOF.TemporalAAQuality:1                ; more stable temporal accumulation]]
[2020.10.14-20.52.29:562][  0]LogConfig: Setting CVar [[r.DOF.Kernel.MaxForegroundRadius:0.025]]
[2020.10.14-20.52.29:562][  0]LogConfig: Setting CVar [[r.DOF.Kernel.MaxBackgroundRadius:0.025]]
[2020.10.14-20.52.29:562][  0]LogConfig: Applying CVar settings from Section [TextureQuality@3] File [C:/Users/darkf/Documents/GitHub/DungeonsOfDaggorath/Saved/Config/Windows/Scalability.ini]
[2020.10.14-20.52.29:562][  0]LogConfig: Setting CVar [[r.Streaming.MipBias:0]]
[2020.10.14-20.52.29:562][  0]LogConfig: Setting CVar [[r.Streaming.AmortizeCPUToGPUCopy:0]]
[2020.10.14-20.52.29:562][  0]LogConfig: Setting CVar [[r.Streaming.MaxNumTexturesToStreamPerFrame:0]]
[2020.10.14-20.52.29:562][  0]LogConfig: Setting CVar [[r.Streaming.Boost:1]]
[2020.10.14-20.52.29:562][  0]LogConfig: Setting CVar [[r.MaxAnisotropy:8]]
[2020.10.14-20.52.29:562][  0]LogConfig: Setting CVar [[r.VT.MaxAnisotropy:8]]
[2020.10.14-20.52.29:562][  0]LogConfig: Setting CVar [[r.Streaming.LimitPoolSizeToVRAM:0]]
[2020.10.14-20.52.29:562][  0]LogConfig: Setting CVar [[r.Streaming.PoolSize:1000]]
[2020.10.14-20.52.29:562][  0]LogConfig: Setting CVar [[r.Streaming.MaxEffectiveScreenSize:0]]
[2020.10.14-20.52.29:562][  0]LogConfig: Applying CVar settings from Section [EffectsQuality@3] File [C:/Users/darkf/Documents/GitHub/DungeonsOfDaggorath/Saved/Config/Windows/Scalability.ini]
[2020.10.14-20.52.29:563][  0]LogConfig: Setting CVar [[r.TranslucencyLightingVolumeDim:64]]
[2020.10.14-20.52.29:563][  0]LogConfig: Setting CVar [[r.RefractionQuality:2]]
[2020.10.14-20.52.29:563][  0]LogConfig: Setting CVar [[r.SSR.Quality:3]]
[2020.10.14-20.52.29:563][  0]LogConfig: Setting CVar [[r.SSR.HalfResSceneColor:0]]
[2020.10.14-20.52.29:563][  0]LogConfig: Setting CVar [[r.SceneColorFormat:4]]
[2020.10.14-20.52.29:563][  0]LogConfig: Setting CVar [[r.DetailMode:2]]
[2020.10.14-20.52.29:563][  0]LogConfig: Setting CVar [[r.TranslucencyVolumeBlur:1]]
[2020.10.14-20.52.29:563][  0]LogConfig: Setting CVar [[r.MaterialQualityLevel:1 ; High quality]]
[2020.10.14-20.52.29:563][  0]LogConfig: Setting CVar [[r.SSS.Scale:1]]
[2020.10.14-20.52.29:563][  0]LogConfig: Setting CVar [[r.SSS.SampleSet:2]]
[2020.10.14-20.52.29:563][  0]LogConfig: Setting CVar [[r.SSS.Quality:1]]
[2020.10.14-20.52.29:563][  0]LogConfig: Setting CVar [[r.SSS.HalfRes:0]]
[2020.10.14-20.52.29:563][  0]LogConfig: Setting CVar [[r.SSGI.Quality:3]]
[2020.10.14-20.52.29:563][  0]LogConfig: Setting CVar [[r.EmitterSpawnRateScale:1.0]]
[2020.10.14-20.52.29:563][  0]LogConfig: Setting CVar [[r.ParticleLightQuality:2]]
[2020.10.14-20.52.29:563][  0]LogConfig: Setting CVar [[r.SkyAtmosphere.AerialPerspectiveLUT.FastApplyOnOpaque:1 ; Always have FastSkyLUT 1 in this case to avoid wrong sky]]
[2020.10.14-20.52.29:563][  0]LogConfig: Setting CVar [[r.SkyAtmosphere.AerialPerspectiveLUT.SampleCountPerSlice:1]]
[2020.10.14-20.52.29:563][  0]LogConfig: Setting CVar [[r.SkyAtmosphere.AerialPerspectiveLUT.DepthResolution:16.0]]
[2020.10.14-20.52.29:563][  0]LogConfig: Setting CVar [[r.SkyAtmosphere.FastSkyLUT:1]]
[2020.10.14-20.52.29:563][  0]LogConfig: Setting CVar [[r.SkyAtmosphere.FastSkyLUT.SampleCountMin:4.0]]
[2020.10.14-20.52.29:563][  0]LogConfig: Setting CVar [[r.SkyAtmosphere.FastSkyLUT.SampleCountMax:32.0]]
[2020.10.14-20.52.29:563][  0]LogConfig: Setting CVar [[r.SkyAtmosphere.SampleCountMin:4.0]]
[2020.10.14-20.52.29:563][  0]LogConfig: Setting CVar [[r.SkyAtmosphere.SampleCountMax:32.0]]
[2020.10.14-20.52.29:563][  0]LogConfig: Setting CVar [[r.SkyAtmosphere.TransmittanceLUT.UseSmallFormat:0]]
[2020.10.14-20.52.29:563][  0]LogConfig: Setting CVar [[r.SkyAtmosphere.TransmittanceLUT.SampleCount:10.0]]
[2020.10.14-20.52.29:563][  0]LogConfig: Setting CVar [[r.SkyAtmosphere.MultiScatteringLUT.SampleCount:15.0]]
[2020.10.14-20.52.29:563][  0]LogConfig: Applying CVar settings from Section [FoliageQuality@3] File [C:/Users/darkf/Documents/GitHub/DungeonsOfDaggorath/Saved/Config/Windows/Scalability.ini]
[2020.10.14-20.52.29:563][  0]LogConfig: Setting CVar [[foliage.DensityScale:1.0]]
[2020.10.14-20.52.29:563][  0]LogConfig: Setting CVar [[grass.DensityScale:1.0]]
[2020.10.14-20.52.29:563][  0]LogConfig: Applying CVar settings from Section [ShadingQuality@3] File [C:/Users/darkf/Documents/GitHub/DungeonsOfDaggorath/Saved/Config/Windows/Scalability.ini]
[2020.10.14-20.52.29:563][  0]LogConfig: Setting CVar [[r.HairStrands.SkyLighting.SampleCount:16]]
[2020.10.14-20.52.29:563][  0]LogConfig: Setting CVar [[r.HairStrands.SkyLighting.JitterIntegration:0]]
[2020.10.14-20.52.29:563][  0]LogConfig: Setting CVar [[r.HairStrands.SkyAO.SampleCount:16]]
[2020.10.14-20.52.29:563][  0]LogConfig: Setting CVar [[r.HairStrands.DeepShadow.SuperSampling:0]]
[2020.10.14-20.52.29:563][  0]LogConfig: Setting CVar [[r.HairStrands.VisibilityPPLL:0]]
[2020.10.14-20.52.29:563][  0]LogConfig: Setting CVar [[r.HairStrands.RasterizationScale:0.5]]
[2020.10.14-20.52.29:563][  0]LogConfig: Setting CVar [[r.HairStrands.VelocityRasterizationScale:1]]
[2020.10.14-20.52.29:563][  0]LogInit: Selected Device Profile: [Windows]
[2020.10.14-20.52.29:563][  0]LogInit: Applying CVar settings loaded from the selected device profile: [Windows]
[2020.10.14-20.52.29:563][  0]LogHAL: Display: Platform has ~ 16 GB [17017040896 / 17179869184 / 16], which maps to Larger [LargestMinGB=32, LargerMinGB=12, DefaultMinGB=8, SmallerMinGB=6, SmallestMinGB=0)
[2020.10.14-20.52.29:563][  0]LogInit: Going up to parent DeviceProfile []
[2020.10.14-20.52.29:563][  0]LogConfig: Applying CVar settings from Section [ViewDistanceQuality@3] File [C:/Users/darkf/Documents/GitHub/DungeonsOfDaggorath/Saved/Config/Windows/Scalability.ini]
[2020.10.14-20.52.29:563][  0]LogConfig: Setting CVar [[r.SkeletalMeshLODBias:0]]
[2020.10.14-20.52.29:563][  0]LogConfig: Setting CVar [[r.ViewDistanceScale:1.0]]
[2020.10.14-20.52.29:563][  0]LogConfig: Applying CVar settings from Section [AntiAliasingQuality@3] File [C:/Users/darkf/Documents/GitHub/DungeonsOfDaggorath/Saved/Config/Windows/Scalability.ini]
[2020.10.14-20.52.29:563][  0]LogConfig: Setting CVar [[r.PostProcessAAQuality:4]]
[2020.10.14-20.52.29:563][  0]LogConfig: Applying CVar settings from Section [ShadowQuality@3] File [C:/Users/darkf/Documents/GitHub/DungeonsOfDaggorath/Saved/Config/Windows/Scalability.ini]
[2020.10.14-20.52.29:563][  0]LogConfig: Setting CVar [[r.LightFunctionQuality:1]]
[2020.10.14-20.52.29:563][  0]LogConfig: Setting CVar [[r.ShadowQuality:5]]
[2020.10.14-20.52.29:563][  0]LogConfig: Setting CVar [[r.Shadow.CSM.MaxCascades:10]]
[2020.10.14-20.52.29:563][  0]LogConfig: Setting CVar [[r.Shadow.MaxResolution:2048]]
[2020.10.14-20.52.29:563][  0]LogConfig: Setting CVar [[r.Shadow.MaxCSMResolution:2048]]
[2020.10.14-20.52.29:563][  0]LogConfig: Setting CVar [[r.Shadow.RadiusThreshold:0.01]]
[2020.10.14-20.52.29:563][  0]LogConfig: Setting CVar [[r.Shadow.DistanceScale:1.0]]
[2020.10.14-20.52.29:563][  0]LogConfig: Setting CVar [[r.Shadow.CSM.TransitionScale:1.0]]
[2020.10.14-20.52.29:563][  0]LogConfig: Setting CVar [[r.Shadow.PreShadowResolutionFactor:1.0]]
[2020.10.14-20.52.29:563][  0]LogConfig: Setting CVar [[r.DistanceFieldShadowing:1]]
[2020.10.14-20.52.29:563][  0]LogConfig: Setting CVar [[r.DistanceFieldAO:1]]
[2020.10.14-20.52.29:563][  0]LogConfig: Setting CVar [[r.AOQuality:2]]
[2020.10.14-20.52.29:563][  0]LogConfig: Setting CVar [[r.VolumetricFog:1]]
[2020.10.14-20.52.29:563][  0]LogConfig: Setting CVar [[r.VolumetricFog.GridPixelSize:8]]
[2020.10.14-20.52.29:563][  0]LogConfig: Setting CVar [[r.VolumetricFog.GridSizeZ:128]]
[2020.10.14-20.52.29:563][  0]LogConfig: Setting CVar [[r.VolumetricFog.HistoryMissSupersampleCount:4]]
[2020.10.14-20.52.29:563][  0]LogConfig: Setting CVar [[r.LightMaxDrawDistanceScale:1]]
[2020.10.14-20.52.29:563][  0]LogConfig: Setting CVar [[r.CapsuleShadows:1]]
[2020.10.14-20.52.29:563][  0]LogConfig: Applying CVar settings from Section [PostProcessQuality@3] File [C:/Users/darkf/Documents/GitHub/DungeonsOfDaggorath/Saved/Config/Windows/Scalability.ini]
[2020.10.14-20.52.29:563][  0]LogConfig: Setting CVar [[r.MotionBlurQuality:4]]
[2020.10.14-20.52.29:563][  0]LogConfig: Setting CVar [[r.AmbientOcclusionMipLevelFactor:0.4]]
[2020.10.14-20.52.29:563][  0]LogConfig: Setting CVar [[r.AmbientOcclusionMaxQuality:100]]
[2020.10.14-20.52.29:563][  0]LogConfig: Setting CVar [[r.AmbientOcclusionLevels:-1]]
[2020.10.14-20.52.29:563][  0]LogConfig: Setting CVar [[r.AmbientOcclusionRadiusScale:1.0]]
[2020.10.14-20.52.29:563][  0]LogConfig: Setting CVar [[r.DepthOfFieldQuality:2]]
[2020.10.14-20.52.29:563][  0]LogConfig: Setting CVar [[r.RenderTargetPoolMin:400]]
[2020.10.14-20.52.29:563][  0]LogConfig: Setting CVar [[r.LensFlareQuality:2]]
[2020.10.14-20.52.29:563][  0]LogConfig: Setting CVar [[r.SceneColorFringeQuality:1]]
[2020.10.14-20.52.29:563][  0]LogConfig: Setting CVar [[r.EyeAdaptationQuality:2]]
[2020.10.14-20.52.29:563][  0]LogConfig: Setting CVar [[r.BloomQuality:5]]
[2020.10.14-20.52.29:563][  0]LogConfig: Setting CVar [[r.FastBlurThreshold:100]]
[2020.10.14-20.52.29:563][  0]LogConfig: Setting CVar [[r.Upscale.Quality:3]]
[2020.10.14-20.52.29:563][  0]LogConfig: Setting CVar [[r.Tonemapper.GrainQuantization:1]]
[2020.10.14-20.52.29:563][  0]LogConfig: Setting CVar [[r.LightShaftQuality:1]]
[2020.10.14-20.52.29:563][  0]LogConfig: Setting CVar [[r.Filter.SizeScale:1]]
[2020.10.14-20.52.29:563][  0]LogConfig: Setting CVar [[r.Tonemapper.Quality:5]]
[2020.10.14-20.52.29:563][  0]LogConfig: Setting CVar [[r.DOF.Gather.AccumulatorQuality:1        ; higher gathering accumulator quality]]
[2020.10.14-20.52.29:563][  0]LogConfig: Setting CVar [[r.DOF.Gather.PostfilterMethod:1          ; Median3x3 postfilering method]]
[2020.10.14-20.52.29:563][  0]LogConfig: Setting CVar [[r.DOF.Gather.EnableBokehSettings:0       ; no bokeh simulation when gathering]]
[2020.10.14-20.52.29:563][  0]LogConfig: Setting CVar [[r.DOF.Gather.RingCount:4                 ; medium number of samples when gathering]]
[2020.10.14-20.52.29:563][  0]LogConfig: Setting CVar [[r.DOF.Scatter.ForegroundCompositing:1    ; additive foreground scattering]]
[2020.10.14-20.52.29:563][  0]LogConfig: Setting CVar [[r.DOF.Scatter.BackgroundCompositing:2    ; additive background scattering]]
[2020.10.14-20.52.29:563][  0]LogConfig: Setting CVar [[r.DOF.Scatter.EnableBokehSettings:1      ; bokeh simulation when scattering]]
[2020.10.14-20.52.29:563][  0]LogConfig: Setting CVar [[r.DOF.Scatter.MaxSpriteRatio:0.1         ; only a maximum of 10% of scattered bokeh]]
[2020.10.14-20.52.29:563][  0]LogConfig: Setting CVar [[r.DOF.Recombine.Quality:1                ; cheap slight out of focus]]
[2020.10.14-20.52.29:563][  0]LogConfig: Setting CVar [[r.DOF.Recombine.EnableBokehSettings:0    ; no bokeh simulation on slight out of focus]]
[2020.10.14-20.52.29:563][  0]LogConfig: Setting CVar [[r.DOF.TemporalAAQuality:1                ; more stable temporal accumulation]]
[2020.10.14-20.52.29:563][  0]LogConfig: Setting CVar [[r.DOF.Kernel.MaxForegroundRadius:0.025]]
[2020.10.14-20.52.29:564][  0]LogConfig: Setting CVar [[r.DOF.Kernel.MaxBackgroundRadius:0.025]]
[2020.10.14-20.52.29:564][  0]LogConfig: Applying CVar settings from Section [TextureQuality@3] File [C:/Users/darkf/Documents/GitHub/DungeonsOfDaggorath/Saved/Config/Windows/Scalability.ini]
[2020.10.14-20.52.29:564][  0]LogConfig: Setting CVar [[r.Streaming.MipBias:0]]
[2020.10.14-20.52.29:564][  0]LogConfig: Setting CVar [[r.Streaming.AmortizeCPUToGPUCopy:0]]
[2020.10.14-20.52.29:564][  0]LogConfig: Setting CVar [[r.Streaming.MaxNumTexturesToStreamPerFrame:0]]
[2020.10.14-20.52.29:564][  0]LogConfig: Setting CVar [[r.Streaming.Boost:1]]
[2020.10.14-20.52.29:564][  0]LogConfig: Setting CVar [[r.MaxAnisotropy:8]]
[2020.10.14-20.52.29:564][  0]LogConfig: Setting CVar [[r.VT.MaxAnisotropy:8]]
[2020.10.14-20.52.29:564][  0]LogConfig: Setting CVar [[r.Streaming.LimitPoolSizeToVRAM:0]]
[2020.10.14-20.52.29:564][  0]LogConfig: Setting CVar [[r.Streaming.PoolSize:1000]]
[2020.10.14-20.52.29:564][  0]LogConfig: Setting CVar [[r.Streaming.MaxEffectiveScreenSize:0]]
[2020.10.14-20.52.29:564][  0]LogConfig: Applying CVar settings from Section [EffectsQuality@3] File [C:/Users/darkf/Documents/GitHub/DungeonsOfDaggorath/Saved/Config/Windows/Scalability.ini]
[2020.10.14-20.52.29:564][  0]LogConfig: Setting CVar [[r.TranslucencyLightingVolumeDim:64]]
[2020.10.14-20.52.29:564][  0]LogConfig: Setting CVar [[r.RefractionQuality:2]]
[2020.10.14-20.52.29:564][  0]LogConfig: Setting CVar [[r.SSR.Quality:3]]
[2020.10.14-20.52.29:564][  0]LogConfig: Setting CVar [[r.SSR.HalfResSceneColor:0]]
[2020.10.14-20.52.29:564][  0]LogConfig: Setting CVar [[r.SceneColorFormat:4]]
[2020.10.14-20.52.29:564][  0]LogConfig: Setting CVar [[r.DetailMode:2]]
[2020.10.14-20.52.29:564][  0]LogConfig: Setting CVar [[r.TranslucencyVolumeBlur:1]]
[2020.10.14-20.52.29:564][  0]LogConfig: Setting CVar [[r.MaterialQualityLevel:1 ; High quality]]
[2020.10.14-20.52.29:564][  0]LogConfig: Setting CVar [[r.SSS.Scale:1]]
[2020.10.14-20.52.29:564][  0]LogConfig: Setting CVar [[r.SSS.SampleSet:2]]
[2020.10.14-20.52.29:564][  0]LogConfig: Setting CVar [[r.SSS.Quality:1]]
[2020.10.14-20.52.29:564][  0]LogConfig: Setting CVar [[r.SSS.HalfRes:0]]
[2020.10.14-20.52.29:564][  0]LogConfig: Setting CVar [[r.SSGI.Quality:3]]
[2020.10.14-20.52.29:564][  0]LogConfig: Setting CVar [[r.EmitterSpawnRateScale:1.0]]
[2020.10.14-20.52.29:564][  0]LogConfig: Setting CVar [[r.ParticleLightQuality:2]]
[2020.10.14-20.52.29:564][  0]LogConfig: Setting CVar [[r.SkyAtmosphere.AerialPerspectiveLUT.FastApplyOnOpaque:1 ; Always have FastSkyLUT 1 in this case to avoid wrong sky]]
[2020.10.14-20.52.29:564][  0]LogConfig: Setting CVar [[r.SkyAtmosphere.AerialPerspectiveLUT.SampleCountPerSlice:1]]
[2020.10.14-20.52.29:564][  0]LogConfig: Setting CVar [[r.SkyAtmosphere.AerialPerspectiveLUT.DepthResolution:16.0]]
[2020.10.14-20.52.29:564][  0]LogConfig: Setting CVar [[r.SkyAtmosphere.FastSkyLUT:1]]
[2020.10.14-20.52.29:564][  0]LogConfig: Setting CVar [[r.SkyAtmosphere.FastSkyLUT.SampleCountMin:4.0]]
[2020.10.14-20.52.29:564][  0]LogConfig: Setting CVar [[r.SkyAtmosphere.FastSkyLUT.SampleCountMax:32.0]]
[2020.10.14-20.52.29:564][  0]LogConfig: Setting CVar [[r.SkyAtmosphere.SampleCountMin:4.0]]
[2020.10.14-20.52.29:564][  0]LogConfig: Setting CVar [[r.SkyAtmosphere.SampleCountMax:32.0]]
[2020.10.14-20.52.29:564][  0]LogConfig: Setting CVar [[r.SkyAtmosphere.TransmittanceLUT.UseSmallFormat:0]]
[2020.10.14-20.52.29:564][  0]LogConfig: Setting CVar [[r.SkyAtmosphere.TransmittanceLUT.SampleCount:10.0]]
[2020.10.14-20.52.29:564][  0]LogConfig: Setting CVar [[r.SkyAtmosphere.MultiScatteringLUT.SampleCount:15.0]]
[2020.10.14-20.52.29:564][  0]LogConfig: Applying CVar settings from Section [FoliageQuality@3] File [C:/Users/darkf/Documents/GitHub/DungeonsOfDaggorath/Saved/Config/Windows/Scalability.ini]
[2020.10.14-20.52.29:564][  0]LogConfig: Setting CVar [[foliage.DensityScale:1.0]]
[2020.10.14-20.52.29:564][  0]LogConfig: Setting CVar [[grass.DensityScale:1.0]]
[2020.10.14-20.52.29:564][  0]LogConfig: Applying CVar settings from Section [ShadingQuality@3] File [C:/Users/darkf/Documents/GitHub/DungeonsOfDaggorath/Saved/Config/Windows/Scalability.ini]
[2020.10.14-20.52.29:564][  0]LogConfig: Setting CVar [[r.HairStrands.SkyLighting.SampleCount:16]]
[2020.10.14-20.52.29:564][  0]LogConfig: Setting CVar [[r.HairStrands.SkyLighting.JitterIntegration:0]]
[2020.10.14-20.52.29:564][  0]LogConfig: Setting CVar [[r.HairStrands.SkyAO.SampleCount:16]]
[2020.10.14-20.52.29:564][  0]LogConfig: Setting CVar [[r.HairStrands.DeepShadow.SuperSampling:0]]
[2020.10.14-20.52.29:564][  0]LogConfig: Setting CVar [[r.HairStrands.VisibilityPPLL:0]]
[2020.10.14-20.52.29:564][  0]LogConfig: Setting CVar [[r.HairStrands.RasterizationScale:0.5]]
[2020.10.14-20.52.29:564][  0]LogConfig: Setting CVar [[r.HairStrands.VelocityRasterizationScale:1]]
[2020.10.14-20.52.29:564][  0]LogConfig: Applying CVar settings from Section [Startup] File [../../../Engine/Config/ConsoleVariables.ini]
[2020.10.14-20.52.29:564][  0]LogConfig: Setting CVar [[net.UseAdaptiveNetUpdateFrequency:0]]
[2020.10.14-20.52.29:564][  0]LogConfig: Setting CVar [[p.chaos.AllowCreatePhysxBodies:1]]
[2020.10.14-20.52.29:564][  0]LogConfig: Setting CVar [[fx.SkipVectorVMBackendOptimizations:1]]
[2020.10.14-20.52.29:564][  0]LogConfig: Applying CVar settings from Section [ConsoleVariables] File [C:/Users/darkf/Documents/GitHub/DungeonsOfDaggorath/Saved/Config/Windows/Engine.ini]
[2020.10.14-20.52.29:564][  0]LogInit: Computer: DEVASTATOR
[2020.10.14-20.52.29:564][  0]LogInit: User: darkf
[2020.10.14-20.52.29:564][  0]LogInit: CPU Page size=4096, Cores=6
[2020.10.14-20.52.29:564][  0]LogInit: High frequency timer resolution =10.000000 MHz
[2020.10.14-20.52.29:565][  0]LogMemory: Memory total: Physical=15.8GB (16GB approx)
[2020.10.14-20.52.29:565][  0]LogMemory: Platform Memory Stats for Windows
[2020.10.14-20.52.29:565][  0]LogMemory: Process Physical Memory: 116.61 MB used, 116.62 MB peak
[2020.10.14-20.52.29:565][  0]LogMemory: Process Virtual Memory: 97.75 MB used, 97.75 MB peak
[2020.10.14-20.52.29:565][  0]LogMemory: Physical Memory: 9909.29 MB used,  6319.43 MB free, 16228.71 MB total
[2020.10.14-20.52.29:565][  0]LogMemory: Virtual Memory: 5171.20 MB used,  134212560.00 MB free, 134217728.00 MB total
[2020.10.14-20.52.29:745][  0]LogWindows: WindowsPlatformFeatures enabled
[2020.10.14-20.52.29:782][  0]LogInit: Physics initialised using underlying interface: PhysX
[2020.10.14-20.52.29:782][  0]LogInit: Using OS detected language (en-US).
[2020.10.14-20.52.29:782][  0]LogInit: Using OS detected locale (en-US).
[2020.10.14-20.52.29:785][  0]LogTextLocalizationManager: No specific localization for 'en-US' exists, so the 'en' localization will be used.
[2020.10.14-20.52.29:964][  0]LogInit: Setting process to per monitor DPI aware
[2020.10.14-20.52.29:993][  0]LogSlate: New Slate User Created.  User Index 0, Is Virtual User: 0
[2020.10.14-20.52.29:993][  0]LogSlate: Slate User Registered.  User Index 0, Is Virtual User: 0
[2020.10.14-20.52.30:122][  0]LogD3D12RHI: Aftermath initialized
[2020.10.14-20.52.30:122][  0]LogD3D12RHI: Loading WinPixEventRuntime.dll for PIX profiling (from ../../../Engine/Binaries/ThirdParty/Windows/WinPixEventRuntime/x64).
[2020.10.14-20.52.33:465][  0]LogD3D12RHI: Found D3D12 adapter 0: NVIDIA GeForce RTX 2060 (Max supported Feature Level 12_1)
[2020.10.14-20.52.33:465][  0]LogD3D12RHI: Adapter has 5980MB of dedicated video memory, 0MB of dedicated system memory, and 8114MB of shared system memory, 1 output[s]
[2020.10.14-20.52.33:485][  0]LogD3D12RHI: Found D3D12 adapter 1: Intel(R) UHD Graphics 630 (Max supported Feature Level 12_1)
[2020.10.14-20.52.33:485][  0]LogD3D12RHI: Adapter has 128MB of dedicated video memory, 0MB of dedicated system memory, and 8114MB of shared system memory, 0 output[s]
[2020.10.14-20.52.33:492][  0]LogD3D12RHI: Found D3D12 adapter 2: Microsoft Basic Render Driver (Max supported Feature Level 12_1)
[2020.10.14-20.52.33:492][  0]LogD3D12RHI: Adapter has 0MB of dedicated video memory, 0MB of dedicated system memory, and 8114MB of shared system memory, 0 output[s]
[2020.10.14-20.52.33:492][  0]LogD3D12RHI: Forcing D3D12.AsyncDeferredDeletion=0 as a workaround for a deadlock.
[2020.10.14-20.52.33:492][  0]LogD3D12RHI: Chosen D3D12 Adapter Id = 0
[2020.10.14-20.52.33:498][  0]LogD3D12RHI: Emitting draw events for PIX profiling.
[2020.10.14-20.52.33:574][  0]LogD3D12RHI: D3D12 ray tracing enabled.
[2020.10.14-20.52.33:575][  0]LogD3D12RHI: The system supports ID3D12Device1.
[2020.10.14-20.52.33:575][  0]LogD3D12RHI: The system supports ID3D12Device2.
[2020.10.14-20.52.33:649][  0]LogD3D12RHI: [GPUBreadCrumb] Successfully setup breadcrumb resource for 3D Queue 0
[2020.10.14-20.52.33:659][  0]LogD3D12RHI: [GPUBreadCrumb] Successfully setup breadcrumb resource for Copy Queue 0
[2020.10.14-20.52.33:679][  0]LogD3D12RHI: [GPUBreadCrumb] Successfully setup breadcrumb resource for Compute Queue 0
[2020.10.14-20.52.33:688][  0]LogD3D12RHI: Display: Not using pipeline state disk cache per r.D3D12.PSO.DiskCache=0
[2020.10.14-20.52.33:688][  0]LogD3D12RHI: Display: Not using driver-optimized pipeline state disk cache per r.D3D12.PSO.DriverOptimizedDiskCache=0
[2020.10.14-20.52.33:689][  0]LogD3D12RHI:     GPU DeviceId: 0x1f11 (for the marketing name, search the web for "GPU Device Id")
[2020.10.14-20.52.33:689][  0]LogWindows: EnumDisplayDevices:
[2020.10.14-20.52.33:689][  0]LogWindows:    0. 'Intel(R) UHD Graphics 630' (P:1 D:1)
[2020.10.14-20.52.33:689][  0]LogWindows:    1. 'Intel(R) UHD Graphics 630' (P:0 D:0)
[2020.10.14-20.52.33:690][  0]LogWindows:    2. 'Intel(R) UHD Graphics 630' (P:0 D:0)
[2020.10.14-20.52.33:690][  0]LogWindows:    3. 'NVIDIA GeForce RTX 2060' (P:0 D:0)
[2020.10.14-20.52.33:690][  0]LogWindows:    4. 'NVIDIA GeForce RTX 2060' (P:0 D:0)
[2020.10.14-20.52.33:690][  0]LogWindows:    5. 'NVIDIA GeForce RTX 2060' (P:0 D:0)
[2020.10.14-20.52.33:690][  0]LogWindows:    6. 'NVIDIA GeForce RTX 2060' (P:0 D:0)
[2020.10.14-20.52.33:690][  0]LogWindows: DebugString: PrimaryIsNotTheChoosenAdapter PrimaryIsNotTheChoosenAdapter PrimaryIsNotTheChoosenAdapter FoundDriverCount:4 
[2020.10.14-20.52.33:690][  0]LogD3D12RHI:     Adapter Name: NVIDIA GeForce RTX 2060
[2020.10.14-20.52.33:690][  0]LogD3D12RHI:   Driver Version: 456.55 (internal:27.21.14.5655, unified:456.55)
[2020.10.14-20.52.33:691][  0]LogD3D12RHI:      Driver Date: 9-24-2020
[2020.10.14-20.52.33:691][  0]LogRHI: Texture pool is 3283 MB (70% of 4690 MB)
[2020.10.14-20.52.33:691][  0]LogD3D12RHI: Async texture creation enabled
[2020.10.14-20.52.33:691][  0]LogD3D12RHI: RHI has support for 64 bit atomics
[2020.10.14-20.52.33:951][  0]LogTargetPlatformManager: Display: Loaded TargetPlatform 'AllDesktop'
[2020.10.14-20.52.33:971][  0]LogTargetPlatformManager: Display: Loaded TargetPlatform 'Android'
[2020.10.14-20.52.33:971][  0]LogTargetPlatformManager: Display: Loaded TargetPlatform 'Android_ASTC'
[2020.10.14-20.52.33:971][  0]LogTargetPlatformManager: Display: Loaded TargetPlatform 'Android_DXT'
[2020.10.14-20.52.33:971][  0]LogTargetPlatformManager: Display: Loaded TargetPlatform 'Android_ETC2'
[2020.10.14-20.52.33:971][  0]LogTargetPlatformManager: Display: Loaded TargetPlatform 'AndroidClient'
[2020.10.14-20.52.33:971][  0]LogTargetPlatformManager: Display: Loaded TargetPlatform 'Android_ASTCClient'
[2020.10.14-20.52.33:971][  0]LogTargetPlatformManager: Display: Loaded TargetPlatform 'Android_DXTClient'
[2020.10.14-20.52.33:971][  0]LogTargetPlatformManager: Display: Loaded TargetPlatform 'Android_ETC2Client'
[2020.10.14-20.52.33:971][  0]LogTargetPlatformManager: Display: Loaded TargetPlatform 'Android_Multi'
[2020.10.14-20.52.33:971][  0]LogTargetPlatformManager: Display: Loaded TargetPlatform 'Android_MultiClient'
[2020.10.14-20.52.33:992][  0]LogTargetPlatformManager: Display: Loaded TargetPlatform 'IOSClient'
[2020.10.14-20.52.33:992][  0]LogTargetPlatformManager: Display: Loaded TargetPlatform 'IOS'
[2020.10.14-20.52.34:002][  0]LogTargetPlatformManager: Display: Loaded TargetPlatform 'Linux'
[2020.10.14-20.52.34:013][  0]LogTargetPlatformManager: Display: Loaded TargetPlatform 'LinuxNoEditor'
[2020.10.14-20.52.34:022][  0]LogTargetPlatformManager: Display: Loaded TargetPlatform 'LinuxClient'
[2020.10.14-20.52.34:032][  0]LogTargetPlatformManager: Display: Loaded TargetPlatform 'LinuxServer'
[2020.10.14-20.52.34:041][  0]LogTargetPlatformManager: Display: Loaded TargetPlatform 'LinuxAArch64NoEditor'
[2020.10.14-20.52.34:050][  0]LogTargetPlatformManager: Display: Loaded TargetPlatform 'LinuxAArch64Client'
[2020.10.14-20.52.34:058][  0]LogTargetPlatformManager: Display: Loaded TargetPlatform 'LinuxAArch64Server'
[2020.10.14-20.52.34:082][  0]LogTargetPlatformManager: Display: Loaded TargetPlatform 'Lumin'
[2020.10.14-20.52.34:082][  0]LogTargetPlatformManager: Display: Loaded TargetPlatform 'LuminClient'
[2020.10.14-20.52.34:097][  0]LogTargetPlatformManager: Display: Loaded TargetPlatform 'TVOSClient'
[2020.10.14-20.52.34:097][  0]LogTargetPlatformManager: Display: Loaded TargetPlatform 'TVOS'
[2020.10.14-20.52.34:105][  0]LogTargetPlatformManager: Display: Loaded TargetPlatform 'WindowsNoEditor'
[2020.10.14-20.52.34:113][  0]LogTargetPlatformManager: Display: Loaded TargetPlatform 'Windows'
[2020.10.14-20.52.34:122][  0]LogTargetPlatformManager: Display: Loaded TargetPlatform 'WindowsClient'
[2020.10.14-20.52.34:131][  0]LogTargetPlatformManager: Display: Loaded TargetPlatform 'WindowsServer'
[2020.10.14-20.52.34:131][  0]LogTargetPlatformManager: Display: Building Assets For Windows
[2020.10.14-20.52.34:137][  0]LogAudioDebug: Display: Lib vorbis DLL was dynamically loaded.
[2020.10.14-20.52.34:184][  0]LogShaderCompilers: Guid format shader working directory is -21 characters bigger than the processId version (../../../../../../Users/darkf/Documents/GitHub/DungeonsOfDaggorath/Intermediate/Shaders/WorkingDirectory/12668/).
[2020.10.14-20.52.34:184][  0]LogShaderCompilers: Cleaned the shader compiler working directory 'C:/Users/darkf/AppData/Local/Temp/UnrealShaderWorkingDir/BF0D2DF240B3E8C0CECEDDB1F01373FD/'.
[2020.10.14-20.52.34:184][  0]LogXGEController: Cannot use XGE Controller as Incredibuild is not installed on this machine.
[2020.10.14-20.52.34:184][  0]LogShaderCompilers: Cannot use XGE Shader Compiler as Incredibuild is not installed on this machine.
[2020.10.14-20.52.34:184][  0]LogShaderCompilers: Display: Using Local Shader Compiler.
[2020.10.14-20.52.34:947][  0]LogDerivedDataCache: Display: Max Cache Size: 512 MB
[2020.10.14-20.52.35:022][  0]LogDerivedDataCache: Loaded boot cache 0.08s 106MB C:/Users/darkf/AppData/Local/UnrealEngine/4.25/DerivedDataCache/Boot.ddc.
[2020.10.14-20.52.35:022][  0]LogDerivedDataCache: Display: Loaded Boot cache: C:/Users/darkf/AppData/Local/UnrealEngine/4.25/DerivedDataCache/Boot.ddc
[2020.10.14-20.52.35:022][  0]LogDerivedDataCache: FDerivedDataBackendGraph:  Pak pak cache file ../../../../../../Users/darkf/Documents/GitHub/DungeonsOfDaggorath/DerivedDataCache/DDC.ddp not found, will not use a pak cache.
[2020.10.14-20.52.35:022][  0]LogDerivedDataCache: Unable to find inner node Pak for hierarchical cache Hierarchy.
[2020.10.14-20.52.35:022][  0]LogDerivedDataCache: FDerivedDataBackendGraph:  CompressedPak pak cache file ../../../../../../Users/darkf/Documents/GitHub/DungeonsOfDaggorath/DerivedDataCache/Compressed.ddp not found, will not use a pak cache.
[2020.10.14-20.52.35:023][  0]LogDerivedDataCache: Unable to find inner node CompressedPak for hierarchical cache Hierarchy.
[2020.10.14-20.52.35:032][  0]LogDerivedDataCache: Display: Pak cache opened for reading ../../../Engine/DerivedDataCache/Compressed.ddp.
[2020.10.14-20.52.35:033][  0]LogDerivedDataCache: FDerivedDataBackendGraph:  EnterprisePak pak cache file ../../../Enterprise/DerivedDataCache/Compressed.ddp not found, will not use a pak cache.
[2020.10.14-20.52.35:033][  0]LogDerivedDataCache: Unable to find inner node EnterprisePak for hierarchical cache Hierarchy.
[2020.10.14-20.52.35:034][  0]LogDerivedDataCache: Using Local data cache path C:/Users/darkf/AppData/Local/UnrealEngine/Common/DerivedDataCache: Writable
[2020.10.14-20.52.35:034][  0]LogDerivedDataCache: Shared data cache path not found in *engine.ini, will not use an Shared cache.
[2020.10.14-20.52.35:034][  0]LogDerivedDataCache: Unable to find inner node Shared for hierarchical cache Hierarchy.
[2020.10.14-20.52.35:094][  0]LogSlate: Using FreeType 2.10.0
[2020.10.14-20.52.35:094][  0]LogSlate: SlateFontServices - WITH_FREETYPE: 1, WITH_HARFBUZZ: 1
[2020.10.14-20.52.35:120][  0]LogAssetRegistry: FAssetRegistry took 0.0022 seconds to start up
[2020.10.14-20.52.35:324][  0]LogInit: Selected Device Profile: [Windows]
[2020.10.14-20.52.35:432][  0]LogMeshReduction: Using QuadricMeshReduction for automatic static mesh reduction
[2020.10.14-20.52.35:432][  0]LogMeshReduction: Using SimplygonMeshReduction for automatic skeletal mesh reduction
[2020.10.14-20.52.35:432][  0]LogMeshReduction: Using ProxyLODMeshReduction for automatic mesh merging
[2020.10.14-20.52.35:432][  0]LogMeshReduction: No distributed automatic mesh merging module available
[2020.10.14-20.52.35:432][  0]LogMeshMerging: No distributed automatic mesh merging module available
[2020.10.14-20.52.35:513][  0]LogNetVersion: DungeonsOfDaggorath 1.0.0, NetCL: 13144385, EngineNetVer: 14, GameNetVer: 0 (Checksum: 2640224271)
[2020.10.14-20.52.35:912][  0]LogAISub: UAISubsystem::UAISubsystem AISubsystem (0000015575E554C0), frame # 0
[2020.10.14-20.52.35:912][  0]LogAISub: UAISubsystem::UAISubsystem AIPerceptionSystem (0000015575DA1080), frame # 0
[2020.10.14-20.52.35:914][  0]LogAISub: UAISubsystem::UAISubsystem EnvQueryManager (0000015575DD6C00), frame # 0
[2020.10.14-20.52.35:986][  0]LogPackageLocalizationCache: Processed 21 localized package path(s) for 1 prioritized culture(s) in 0.065240 seconds
[2020.10.14-20.52.35:990][  0]LogUObjectArray: 15917 objects as part of root set at end of initial load.
[2020.10.14-20.52.35:990][  0]LogUObjectAllocator: 3965568 out of 0 bytes used by permanent object pool.
[2020.10.14-20.52.35:990][  0]LogUObjectArray: CloseDisregardForGC: 0/0 objects in disregard for GC pool
[2020.10.14-20.52.36:115][  0]LogD3D12RHI: Creating RTPSO with 3 shaders (0 cached, 3 new) took 26.65 ms. Compile time 14.82 ms, link time 11.80 ms.
[2020.10.14-20.52.36:236][  0]LogPython: Using Python 2.7.14
[2020.10.14-20.52.37:014][  0]LogTcpMessaging: Initializing TcpMessaging bridge
[2020.10.14-20.52.37:018][  0]LogUdpMessaging: Initializing bridge on interface 0.0.0.0:0 to multicast group 230.0.0.1:6666.
[2020.10.14-20.52.37:070][  0]LogLinker: Warning: Failed to load '/Game/ThirdPersonBP/ThirdPersonOverview': Can't find file.
[2020.10.14-20.52.37:070][  0]LogLinker: Warning: Failed to load '/Game/ThirdPersonBP/ThirdPersonOverview': Can't find file.
[2020.10.14-20.52.37:070][  0]LogUObjectGlobals: Warning: Failed to find object 'Class /Game/ThirdPersonBP/ThirdPersonOverview.ThirdPersonOverview_C'
[2020.10.14-20.52.37:112][  0]SourceControl: Source control is disabled
[2020.10.14-20.52.37:112][  0]SourceControl: Source control is disabled
[2020.10.14-20.52.37:114][  0]SourceControl: Source control is disabled
[2020.10.14-20.52.37:116][  0]SourceControl: Source control is disabled
[2020.10.14-20.52.37:122][  0]SourceControl: Source control is disabled
[2020.10.14-20.52.37:403][  0]LogAndroidPermission: UAndroidPermissionCallbackProxy::GetInstance
[2020.10.14-20.52.37:431][  0]LogAudioCaptureCore: Display: No Audio Capture implementations found. Audio input will be silent.
[2020.10.14-20.52.37:431][  0]LogAudioCaptureCore: Display: No Audio Capture implementations found. Audio input will be silent.
[2020.10.14-20.52.37:498][  0]LogOcInput: OculusInput pre-init called
[2020.10.14-20.52.37:509][  0]LogWindows: Failed to load 'OVRPlugin.dll' (GetLastError=126)
[2020.10.14-20.52.37:509][  0]LogWindows: File 'OVRPlugin.dll' does not exist
[2020.10.14-20.52.37:893][  0]LogEngine: Initializing Engine...
[2020.10.14-20.52.37:894][  0]LogHMD: SteamVR initialized.  Driver: lighthouse  Display: LHR-9575530A
[2020.10.14-20.52.37:895][  0]LogStats: UGameplayTagsManager::InitializeManager -  0.000 s
[2020.10.14-20.52.38:041][  0]LogInit: Initializing FReadOnlyCVARCache
[2020.10.14-20.52.38:051][  0]LogAIModule: Creating AISystem for world Untitled
[2020.10.14-20.52.38:051][  0]LogAISub: UAISubsystem::UAISubsystem EnvQueryManager (0000015507D4FC00), frame # 0
[2020.10.14-20.52.38:051][  0]LogAISub: UAISubsystem::UAISubsystem AIPerceptionSystem (0000015507DB8B80), frame # 0
[2020.10.14-20.52.38:055][  0]LogAudioMixer: Display: Audio Mixer Platform Settings:
[2020.10.14-20.52.38:055][  0]LogAudioMixer: Display: 	Sample Rate:						  48000
[2020.10.14-20.52.38:055][  0]LogAudioMixer: Display: 	Callback Buffer Frame Size Requested: 1024
[2020.10.14-20.52.38:055][  0]LogAudioMixer: Display: 	Callback Buffer Frame Size To Use:	  1024
[2020.10.14-20.52.38:055][  0]LogAudioMixer: Display: 	Number of buffers to queue:			  2
[2020.10.14-20.52.38:055][  0]LogAudioMixer: Display: 	Max Channels (voices):				  32
[2020.10.14-20.52.38:055][  0]LogAudioMixer: Display: 	Number of Async Source Workers:		  0
[2020.10.14-20.52.38:055][  0]LogAudio: Display: AudioDevice MaxSources: 32
[2020.10.14-20.52.38:055][  0]LogAudio: Display: Using built-in audio occlusion.
[2020.10.14-20.52.38:055][  0]LogAudioMixer: Display: Initializing audio mixer.
[2020.10.14-20.52.38:126][  0]LogAudioMixer: Display: 0: FrontLeft
[2020.10.14-20.52.38:126][  0]LogAudioMixer: Display: 1: FrontRight
[2020.10.14-20.52.38:126][  0]LogAudioMixer: Display: 2: FrontCenter
[2020.10.14-20.52.38:126][  0]LogAudioMixer: Display: 3: LowFrequency
[2020.10.14-20.52.38:126][  0]LogAudioMixer: Display: 4: BackLeft
[2020.10.14-20.52.38:126][  0]LogAudioMixer: Display: 5: BackRight
[2020.10.14-20.52.38:126][  0]LogAudioMixer: Display: 6: SideLeft
[2020.10.14-20.52.38:126][  0]LogAudioMixer: Display: 7: SideRight
[2020.10.14-20.52.38:312][  0]LogAudioMixer: Display: Using Audio Device HTC-VIVE (NVIDIA High Definition Audio)
[2020.10.14-20.52.38:316][  0]LogAudioMixer: Display: Initializing Sound Submixes...
[2020.10.14-20.52.38:319][  0]LogAudioMixer: Display: Creating Master Submix 'MasterSubmixDefault'
[2020.10.14-20.52.38:319][  0]LogAudioMixer: Display: Creating Master Submix 'MasterReverbSubmixDefault'
[2020.10.14-20.52.38:320][  0]LogAudioMixer: Display: Creating Master Submix 'MasterEQSubmixDefault'
[2020.10.14-20.52.38:321][  0]LogInit: FAudioDevice initialized.
[2020.10.14-20.52.38:321][  0]LogNetVersion: Set ProjectVersion to 1.0.0.0. Version Checksum will be recalculated on next use.
[2020.10.14-20.52.38:385][  0]LogDerivedDataCache: Saved boot cache 0.06s 106MB C:/Users/darkf/AppData/Local/UnrealEngine/4.25/DerivedDataCache/Boot.ddc.
[2020.10.14-20.52.38:392][  0]LogInit: Texture streaming: Enabled
[2020.10.14-20.52.38:407][  0]LogEngineSessionManager: EngineSessionManager initialized
[2020.10.14-20.52.38:407][  0]LogEditorSessionSummary: Verbose: Initializing EditorSessionSummaryWriter for editor session tracking
[2020.10.14-20.52.38:408][  0]LogEditorSessionSummary: EditorSessionSummaryWriter initialized
[2020.10.14-20.52.38:473][  0]LogInit: Transaction tracking system initialized
[2020.10.14-20.52.38:492][  0]BlueprintLog: New page: Editor Load
[2020.10.14-20.52.38:561][  0]LocalizationService: Localization service is disabled
[2020.10.14-20.52.38:714][  0]LogCook: Display: Max memory allowance for cook 16384mb min free memory 0mb
[2020.10.14-20.52.38:714][  0]LogCook: Display: Mobile HDR setting 1
[2020.10.14-20.52.38:855][  0]LogFileCache: Scanning file cache for directory 'C:/Users/darkf/Documents/GitHub/DungeonsOfDaggorath/Content/' took 0.01s
[2020.10.14-20.52.39:061][  0]SourceControl: Source control is disabled
[2020.10.14-20.52.39:061][  0]LogUnrealEdMisc: Loading editor; pre map load, took 10.715
[2020.10.14-20.52.39:061][  0]Cmd: MAP LOAD FILE="../../../../../../Users/darkf/Documents/GitHub/DungeonsOfDaggorath/Content/Maps/Level-01.umap" TEMPLATE=0 SHOWPROGRESS=1 FEATURELEVEL=3
[2020.10.14-20.52.39:061][  0]LightingResults: New page: Lighting Build
[2020.10.14-20.52.39:063][  0]LogWorld: UWorld::CleanupWorld for Untitled, bSessionEnded=true, bCleanupResources=true
[2020.10.14-20.52.39:063][  0]LogSlate: InvalidateAllWidgets triggered.  All widgets were invalidated
[2020.10.14-20.52.39:063][  0]MapCheck: New page: Map Check
[2020.10.14-20.52.39:063][  0]LightingResults: New page: Lighting Build
[2020.10.14-20.52.39:073][  0]LogAISub: UAISubsystem::~UAISubsystem EnvQueryManager (0000015507D4FC00), frame # 0
[2020.10.14-20.52.39:073][  0]LogAISub: UAISubsystem::~UAISubsystem AIPerceptionSystem (0000015507DB8B80), frame # 0
[2020.10.14-20.52.39:074][  0]LogUObjectHash: Compacting FUObjectHashTables data took   0.75ms
[2020.10.14-20.52.39:118][  0]LogLinker: Warning: Asset '../../../../../../Users/darkf/Documents/GitHub/DungeonsOfDaggorath/Content/MSPresets/MSTextures/Albedo.uasset' has been saved with empty engine version. The asset will be loaded but may be incompatible.
[2020.10.14-20.52.39:118][  0]LogLinker: Warning: Asset '../../../../../../Users/darkf/Documents/GitHub/DungeonsOfDaggorath/Content/MSPresets/MSTextures/Normal.uasset' has been saved with empty engine version. The asset will be loaded but may be incompatible.
[2020.10.14-20.52.39:119][  0]LogLinker: Warning: Asset '../../../../../../Users/darkf/Documents/GitHub/DungeonsOfDaggorath/Content/MSPresets/MSTextures/Roughness.uasset' has been saved with empty engine version. The asset will be loaded but may be incompatible.
[2020.10.14-20.52.39:609][  0]LogAIModule: Creating AISystem for world Level-01
[2020.10.14-20.52.39:610][  0]LogAISub: UAISubsystem::UAISubsystem EnvQueryManager (000001551EB57E00), frame # 0
[2020.10.14-20.52.39:610][  0]LogAISub: UAISubsystem::UAISubsystem AIPerceptionSystem (000001551EBD2E80), frame # 0
[2020.10.14-20.52.39:717][  0]LogEditorServer: Finished looking for orphan Actors (0.000 secs)
[2020.10.14-20.52.39:757][  0]LogUObjectHash: Compacting FUObjectHashTables data took   0.98ms
[2020.10.14-20.52.39:757][  0]Cmd: MAP CHECKDEP NOCLEARLOG
[2020.10.14-20.52.39:758][  0]MapCheck: Map check complete: 0 Error(s), 0 Warning(s), took 0.69ms to complete.
[2020.10.14-20.52.39:758][  0]LogFileHelpers: Loading map 'Level-01' took 0.697
[2020.10.14-20.52.39:760][  0]LogUnrealEdMisc: Total Editor Startup Time, took 11.414
[2020.10.14-20.52.39:906][  0]LogSlate: Updating window title bar state: overlay mode, drag disabled, window buttons hidden, title bar hidden
[2020.10.14-20.52.39:914][  0]LogSlate: Updating window title bar state: overlay mode, drag disabled, window buttons hidden, title bar hidden
[2020.10.14-20.52.39:921][  0]LogSlate: Updating window title bar state: overlay mode, drag disabled, window buttons hidden, title bar hidden
[2020.10.14-20.52.39:930][  0]LogSlate: Updating window title bar state: overlay mode, drag disabled, window buttons hidden, title bar hidden
[2020.10.14-20.52.39:935][  0]LogCollectionManager: Loaded 0 collections in 0.001501 seconds
[2020.10.14-20.52.39:949][  0]LogFileCache: Scanning file cache for directory 'C:/Users/darkf/Documents/GitHub/DungeonsOfDaggorath/Saved/Collections/' took 0.00s
[2020.10.14-20.52.39:949][  0]LogFileCache: Scanning file cache for directory 'C:/Users/darkf/Documents/GitHub/DungeonsOfDaggorath/Content/Developers/darkf/Collections/' took 0.00s
[2020.10.14-20.52.39:949][  0]LogFileCache: Scanning file cache for directory 'C:/Users/darkf/Documents/GitHub/DungeonsOfDaggorath/Content/Collections/' took 0.00s
[2020.10.14-20.52.39:949][  0]LogContentBrowser: Native class hierarchy populated in 0.0084 seconds. Added 3446 classes and 828 folders.
[2020.10.14-20.52.39:952][  0]LogContentBrowser: Native class hierarchy updated for 'WidgetCarousel' in 0.0002 seconds. Added 0 classes and 0 folders.
[2020.10.14-20.52.39:996][  0]LogContentBrowser: Native class hierarchy updated for 'AddContentDialog' in 0.0004 seconds. Added 0 classes and 0 folders.
[2020.10.14-20.52.40:001][  0]LogContentBrowser: Native class hierarchy updated for 'SceneOutliner' in 0.0002 seconds. Added 2 classes and 0 folders.
[2020.10.14-20.52.40:233][  0]LogSlate: Took 0.000119 seconds to synchronously load lazily loaded font '../../../Engine/Content/Slate/Fonts/Roboto-Regular.ttf' (155K)
[2020.10.14-20.52.40:235][  0]LogSlate: Took 0.000129 seconds to synchronously load lazily loaded font '../../../Engine/Content/Slate/Fonts/Roboto-Bold.ttf' (160K)
[2020.10.14-20.52.40:240][  0]LogSlate: Took 0.000160 seconds to synchronously load lazily loaded font '../../../Engine/Content/Editor/Slate/Fonts/FontAwesome.ttf' (139K)
[2020.10.14-20.52.40:328][  0]LogRenderer: Reallocating scene render targets to support 1124x588 Format 10 NumSamples 1 (Frame:1).
[2020.10.14-20.52.40:636][  0]LogD3D12RHI: Creating RTPSO with 144 shaders (0 cached, 144 new) took 267.76 ms. Compile time 252.91 ms, link time 14.55 ms.
[2020.10.14-20.52.40:874][  0]LogContentBrowser: Native class hierarchy updated for 'HierarchicalLODOutliner' in 0.0003 seconds. Added 0 classes and 0 folders.
[2020.10.14-20.52.40:874][  0]LogLoad: (Engine Initialization) Total time: 12.53 seconds
[2020.10.14-20.52.40:874][  0]LogLoad: (Engine Initialization) Total Blueprint compile time: 0.00 seconds
[2020.10.14-20.52.40:885][  0]LogSteamVRInputDevice: Display: SteamVR runtime 1.5.17 loaded.
[2020.10.14-20.52.40:885][  0]LogSteamVRInputDevice: Display: Action Manifest Path: ../../../../../../Users/darkf/Documents/GitHub/DungeonsOfDaggorath/Config/SteamVRBindings/steamvr_manifest.json
[2020.10.14-20.52.40:885][  0]LogSteamVRInputDevice: Display: Controller Bindings Path: ../../../../../../Users/darkf/Documents/GitHub/DungeonsOfDaggorath/Config/SteamVRBindings
[2020.10.14-20.52.40:886][  0]LogSteamVRInputDevice: Searching for Controller Bindings files at: ../../../../../../Users/darkf/Documents/GitHub/DungeonsOfDaggorath/Config/SteamVRBindings
[2020.10.14-20.52.40:890][  0]LogSteamVRInputDevice: Display: [STEAMVR INPUT] Registering Application Manifest ../../../../../../Users/darkf/Documents/GitHub/DungeonsOfDaggorath/Config/steamvr_ue_editor_app.json : VRApplicationError_None
[2020.10.14-20.52.40:891][  0]LogSteamVRInputDevice: Display: [STEAMVR INPUT] Editor Application [12668][application.generated.ue.first-person-bp-game-template-13942748.ue4editor.exe] identified to SteamVR: VRApplicationError_None
[2020.10.14-20.52.40:891][  0]LogSteamVRInputDevice: Display: [STEAMVR INPUT] Trying to load Action Manifest from: C:/Users/darkf/Documents/GitHub/DungeonsOfDaggorath/Config/SteamVRBindings/steamvr_manifest.json
[2020.10.14-20.52.40:891][  0]LogSteamVRInputDevice: Display: [STEAMVR INPUT] Setting Action Manifest Path Result: Success
[2020.10.14-20.52.40:891][  0]LogSteamVRInputDevice: Display: [STEAMVR INPUT] Setting main action set: Success
[2020.10.14-20.52.40:891][  0]LogSteamVRInputDevice: Display: Retrieving Action Handle: /actions/main/in/controllerleft
[2020.10.14-20.52.40:891][  0]LogSteamVRInputDevice: Display: [STEAMVR INPUT] Setting Action Handle Path Result: Success
[2020.10.14-20.52.40:891][  0]LogSteamVRInputDevice: Display: Retrieving Action Handle: /actions/main/in/controllerright
[2020.10.14-20.52.40:891][  0]LogSteamVRInputDevice: Display: [STEAMVR INPUT] Setting Action Handle Path Result: Success
[2020.10.14-20.52.40:891][  0]LogSteamVRInputDevice: Display: Retrieving Action Handle: /actions/main/in/special1
[2020.10.14-20.52.40:891][  0]LogSteamVRInputDevice: Display: [STEAMVR INPUT] Setting Action Handle Path Result: Success
[2020.10.14-20.52.40:891][  0]LogSteamVRInputDevice: Display: Retrieving Action Handle: /actions/main/in/special2
[2020.10.14-20.52.40:891][  0]LogSteamVRInputDevice: Display: [STEAMVR INPUT] Setting Action Handle Path Result: Success
[2020.10.14-20.52.40:891][  0]LogSteamVRInputDevice: Display: Retrieving Action Handle: /actions/main/in/special3
[2020.10.14-20.52.40:891][  0]LogSteamVRInputDevice: Display: [STEAMVR INPUT] Setting Action Handle Path Result: Success
[2020.10.14-20.52.40:891][  0]LogSteamVRInputDevice: Display: Retrieving Action Handle: /actions/main/in/special4
[2020.10.14-20.52.40:891][  0]LogSteamVRInputDevice: Display: [STEAMVR INPUT] Setting Action Handle Path Result: Success
[2020.10.14-20.52.40:892][  0]LogSteamVRInputDevice: Display: Retrieving Action Handle: /actions/main/in/special5
[2020.10.14-20.52.40:892][  0]LogSteamVRInputDevice: Display: [STEAMVR INPUT] Setting Action Handle Path Result: Success
[2020.10.14-20.52.40:892][  0]LogSteamVRInputDevice: Display: Retrieving Action Handle: /actions/main/in/special6
[2020.10.14-20.52.40:892][  0]LogSteamVRInputDevice: Display: [STEAMVR INPUT] Setting Action Handle Path Result: Success
[2020.10.14-20.52.40:892][  0]LogSteamVRInputDevice: Display: Retrieving Action Handle: /actions/main/in/special7
[2020.10.14-20.52.40:892][  0]LogSteamVRInputDevice: Display: [STEAMVR INPUT] Setting Action Handle Path Result: Success
[2020.10.14-20.52.40:892][  0]LogSteamVRInputDevice: Display: Retrieving Action Handle: /actions/main/in/special8
[2020.10.14-20.52.40:892][  0]LogSteamVRInputDevice: Display: [STEAMVR INPUT] Setting Action Handle Path Result: Success
[2020.10.14-20.52.40:892][  0]LogSteamVRInputDevice: Display: Retrieving Action Handle: /actions/main/in/skeletonleft
[2020.10.14-20.52.40:892][  0]LogSteamVRInputDevice: Display: [STEAMVR INPUT] Setting Action Handle Path Result: Success
[2020.10.14-20.52.40:892][  0]LogSteamVRInputDevice: Display: Retrieving Action Handle: /actions/main/in/skeletonright
[2020.10.14-20.52.40:892][  0]LogSteamVRInputDevice: Display: [STEAMVR INPUT] Setting Action Handle Path Result: Success
[2020.10.14-20.52.40:892][  0]LogSteamVRInputDevice: Display: Retrieving Action Handle: /actions/main/out/vibrateleft
[2020.10.14-20.52.40:892][  0]LogSteamVRInputDevice: Display: [STEAMVR INPUT] Setting Action Handle Path Result: Success
[2020.10.14-20.52.40:892][  0]LogSteamVRInputDevice: Display: Retrieving Action Handle: /actions/main/out/vibrateright
[2020.10.14-20.52.40:892][  0]LogSteamVRInputDevice: Display: [STEAMVR INPUT] Setting Action Handle Path Result: Success
[2020.10.14-20.52.40:892][  0]LogSteamVRInputDevice: Display: Retrieving Action Handle: /actions/main/in/open_console
[2020.10.14-20.52.40:892][  0]LogSteamVRInputDevice: Display: [STEAMVR INPUT] Setting Action Handle Path Result: Success
[2020.10.14-20.52.40:892][  0]LogSteamVRInputDevice: Display: Retrieving Action Handle: /actions/main/in/ResetVR
[2020.10.14-20.52.40:892][  0]LogSteamVRInputDevice: Display: [STEAMVR INPUT] Setting Action Handle Path Result: Success
[2020.10.14-20.52.40:892][  0]LogSteamVRInputDevice: Display: Retrieving Action Handle: /actions/main/in/ResetVR
[2020.10.14-20.52.40:892][  0]LogSteamVRInputDevice: Display: [STEAMVR INPUT] Setting Action Handle Path Result: Success
[2020.10.14-20.52.40:892][  0]LogSteamVRInputDevice: Display: Retrieving Action Handle: /actions/main/in/ResetVR
[2020.10.14-20.52.40:892][  0]LogSteamVRInputDevice: Display: [STEAMVR INPUT] Setting Action Handle Path Result: Success
[2020.10.14-20.52.40:892][  0]LogSteamVRInputDevice: Display: Retrieving Action Handle: /actions/main/in/ResetVR
[2020.10.14-20.52.40:892][  0]LogSteamVRInputDevice: Display: [STEAMVR INPUT] Setting Action Handle Path Result: Success
[2020.10.14-20.52.40:892][  0]LogSteamVRInputDevice: Display: Retrieving Action Handle: /actions/main/in/MoveForward axis
[2020.10.14-20.52.40:892][  0]LogSteamVRInputDevice: Display: [STEAMVR INPUT] Setting Action Handle Path Result: Success
[2020.10.14-20.52.40:892][  0]LogSteamVRInputDevice: Display: Retrieving Action Handle: /actions/main/in/MoveForward axis
[2020.10.14-20.52.40:892][  0]LogSteamVRInputDevice: Display: [STEAMVR INPUT] Setting Action Handle Path Result: Success
[2020.10.14-20.52.40:892][  0]LogSteamVRInputDevice: Display: Retrieving Action Handle: /actions/main/in/MoveRight axis
[2020.10.14-20.52.40:893][  0]LogSteamVRInputDevice: Display: [STEAMVR INPUT] Setting Action Handle Path Result: Success
[2020.10.14-20.52.40:893][  0]LogSteamVRInputDevice: Display: Retrieving Action Handle: /actions/main/in/MoveRight axis
[2020.10.14-20.52.40:893][  0]LogSteamVRInputDevice: Display: [STEAMVR INPUT] Setting Action Handle Path Result: Success
[2020.10.14-20.52.40:893][  0]LogSteamVRInputDevice: Display: Retrieving Action Handle: /actions/main/in/MoveRight axis
[2020.10.14-20.52.40:893][  0]LogSteamVRInputDevice: Display: [STEAMVR INPUT] Setting Action Handle Path Result: Success
[2020.10.14-20.52.40:893][  0]LogSteamVRInputDevice: Display: Retrieving Action Handle: /actions/main/in/MoveRight axis
[2020.10.14-20.52.40:893][  0]LogSteamVRInputDevice: Display: [STEAMVR INPUT] Setting Action Handle Path Result: Success
[2020.10.14-20.52.40:893][  0]LogSteamVRInputDevice: Display: Action Manifest Path: ../../../../../../Users/darkf/Documents/GitHub/DungeonsOfDaggorath/Config/SteamVRBindings/steamvr_manifest.json
[2020.10.14-20.52.40:893][  0]LogSteamVRInputDevice: Display: Controller Bindings Path: ../../../../../../Users/darkf/Documents/GitHub/DungeonsOfDaggorath/Config/SteamVRBindings
[2020.10.14-20.52.40:895][  0]LogSteamVRInputDevice: Searching for Controller Bindings files at: ../../../../../../Users/darkf/Documents/GitHub/DungeonsOfDaggorath/Config/SteamVRBindings
[2020.10.14-20.52.40:901][  0]LogSteamVRInputDevice: Display: [STEAMVR INPUT] Registering Application Manifest ../../../../../../Users/darkf/Documents/GitHub/DungeonsOfDaggorath/Config/steamvr_ue_editor_app.json : VRApplicationError_None
[2020.10.14-20.52.40:901][  0]LogSteamVRInputDevice: Display: [STEAMVR INPUT] Editor Application [12668][application.generated.ue.first-person-bp-game-template-13942748.ue4editor.exe] identified to SteamVR: VRApplicationError_None
[2020.10.14-20.52.40:901][  0]LogSteamVRInputDevice: Display: [STEAMVR INPUT] Trying to load Action Manifest from: C:/Users/darkf/Documents/GitHub/DungeonsOfDaggorath/Config/SteamVRBindings/steamvr_manifest.json
[2020.10.14-20.52.40:902][  0]LogSteamVRInputDevice: Display: [STEAMVR INPUT] Setting Action Manifest Path Result: Success
[2020.10.14-20.52.40:902][  0]LogSteamVRInputDevice: Display: [STEAMVR INPUT] Setting main action set: Success
[2020.10.14-20.52.40:902][  0]LogSteamVRInputDevice: Display: Retrieving Action Handle: /actions/main/in/controllerleft
[2020.10.14-20.52.40:902][  0]LogSteamVRInputDevice: Display: [STEAMVR INPUT] Setting Action Handle Path Result: Success
[2020.10.14-20.52.40:902][  0]LogSteamVRInputDevice: Display: Retrieving Action Handle: /actions/main/in/controllerright
[2020.10.14-20.52.40:902][  0]LogSteamVRInputDevice: Display: [STEAMVR INPUT] Setting Action Handle Path Result: Success
[2020.10.14-20.52.40:902][  0]LogSteamVRInputDevice: Display: Retrieving Action Handle: /actions/main/in/special1
[2020.10.14-20.52.40:902][  0]LogSteamVRInputDevice: Display: [STEAMVR INPUT] Setting Action Handle Path Result: Success
[2020.10.14-20.52.40:902][  0]LogSteamVRInputDevice: Display: Retrieving Action Handle: /actions/main/in/special2
[2020.10.14-20.52.40:902][  0]LogSteamVRInputDevice: Display: [STEAMVR INPUT] Setting Action Handle Path Result: Success
[2020.10.14-20.52.40:902][  0]LogSteamVRInputDevice: Display: Retrieving Action Handle: /actions/main/in/special3
[2020.10.14-20.52.40:902][  0]LogSteamVRInputDevice: Display: [STEAMVR INPUT] Setting Action Handle Path Result: Success
[2020.10.14-20.52.40:902][  0]LogSteamVRInputDevice: Display: Retrieving Action Handle: /actions/main/in/special4
[2020.10.14-20.52.40:902][  0]LogSteamVRInputDevice: Display: [STEAMVR INPUT] Setting Action Handle Path Result: Success
[2020.10.14-20.52.40:902][  0]LogSteamVRInputDevice: Display: Retrieving Action Handle: /actions/main/in/special5
[2020.10.14-20.52.40:902][  0]LogSteamVRInputDevice: Display: [STEAMVR INPUT] Setting Action Handle Path Result: Success
[2020.10.14-20.52.40:902][  0]LogSteamVRInputDevice: Display: Retrieving Action Handle: /actions/main/in/special6
[2020.10.14-20.52.40:902][  0]LogSteamVRInputDevice: Display: [STEAMVR INPUT] Setting Action Handle Path Result: Success
[2020.10.14-20.52.40:902][  0]LogSteamVRInputDevice: Display: Retrieving Action Handle: /actions/main/in/special7
[2020.10.14-20.52.40:902][  0]LogSteamVRInputDevice: Display: [STEAMVR INPUT] Setting Action Handle Path Result: Success
[2020.10.14-20.52.40:902][  0]LogSteamVRInputDevice: Display: Retrieving Action Handle: /actions/main/in/special8
[2020.10.14-20.52.40:902][  0]LogSteamVRInputDevice: Display: [STEAMVR INPUT] Setting Action Handle Path Result: Success
[2020.10.14-20.52.40:902][  0]LogSteamVRInputDevice: Display: Retrieving Action Handle: /actions/main/in/skeletonleft
[2020.10.14-20.52.40:902][  0]LogSteamVRInputDevice: Display: [STEAMVR INPUT] Setting Action Handle Path Result: Success
[2020.10.14-20.52.40:902][  0]LogSteamVRInputDevice: Display: Retrieving Action Handle: /actions/main/in/skeletonright
[2020.10.14-20.52.40:902][  0]LogSteamVRInputDevice: Display: [STEAMVR INPUT] Setting Action Handle Path Result: Success
[2020.10.14-20.52.40:902][  0]LogSteamVRInputDevice: Display: Retrieving Action Handle: /actions/main/out/vibrateleft
[2020.10.14-20.52.40:902][  0]LogSteamVRInputDevice: Display: [STEAMVR INPUT] Setting Action Handle Path Result: Success
[2020.10.14-20.52.40:902][  0]LogSteamVRInputDevice: Display: Retrieving Action Handle: /actions/main/out/vibrateright
[2020.10.14-20.52.40:902][  0]LogSteamVRInputDevice: Display: [STEAMVR INPUT] Setting Action Handle Path Result: Success
[2020.10.14-20.52.40:902][  0]LogSteamVRInputDevice: Display: Retrieving Action Handle: /actions/main/in/open_console
[2020.10.14-20.52.40:902][  0]LogSteamVRInputDevice: Display: [STEAMVR INPUT] Setting Action Handle Path Result: Success
[2020.10.14-20.52.40:902][  0]LogSteamVRInputDevice: Display: Retrieving Action Handle: /actions/main/in/ResetVR
[2020.10.14-20.52.40:902][  0]LogSteamVRInputDevice: Display: [STEAMVR INPUT] Setting Action Handle Path Result: Success
[2020.10.14-20.52.40:902][  0]LogSteamVRInputDevice: Display: Retrieving Action Handle: /actions/main/in/ResetVR
[2020.10.14-20.52.40:902][  0]LogSteamVRInputDevice: Display: [STEAMVR INPUT] Setting Action Handle Path Result: Success
[2020.10.14-20.52.40:902][  0]LogSteamVRInputDevice: Display: Retrieving Action Handle: /actions/main/in/ResetVR
[2020.10.14-20.52.40:902][  0]LogSteamVRInputDevice: Display: [STEAMVR INPUT] Setting Action Handle Path Result: Success
[2020.10.14-20.52.40:903][  0]LogSteamVRInputDevice: Display: Retrieving Action Handle: /actions/main/in/ResetVR
[2020.10.14-20.52.40:903][  0]LogSteamVRInputDevice: Display: [STEAMVR INPUT] Setting Action Handle Path Result: Success
[2020.10.14-20.52.40:903][  0]LogSteamVRInputDevice: Display: Retrieving Action Handle: /actions/main/in/MoveForward axis
[2020.10.14-20.52.40:903][  0]LogSteamVRInputDevice: Display: [STEAMVR INPUT] Setting Action Handle Path Result: Success
[2020.10.14-20.52.40:903][  0]LogSteamVRInputDevice: Display: Retrieving Action Handle: /actions/main/in/MoveForward axis
[2020.10.14-20.52.40:903][  0]LogSteamVRInputDevice: Display: [STEAMVR INPUT] Setting Action Handle Path Result: Success
[2020.10.14-20.52.40:903][  0]LogSteamVRInputDevice: Display: Retrieving Action Handle: /actions/main/in/MoveRight axis
[2020.10.14-20.52.40:903][  0]LogSteamVRInputDevice: Display: [STEAMVR INPUT] Setting Action Handle Path Result: Success
[2020.10.14-20.52.40:903][  0]LogSteamVRInputDevice: Display: Retrieving Action Handle: /actions/main/in/MoveRight axis
[2020.10.14-20.52.40:903][  0]LogSteamVRInputDevice: Display: [STEAMVR INPUT] Setting Action Handle Path Result: Success
[2020.10.14-20.52.40:903][  0]LogSteamVRInputDevice: Display: Retrieving Action Handle: /actions/main/in/MoveRight axis
[2020.10.14-20.52.40:903][  0]LogSteamVRInputDevice: Display: [STEAMVR INPUT] Setting Action Handle Path Result: Success
[2020.10.14-20.52.40:903][  0]LogSteamVRInputDevice: Display: Retrieving Action Handle: /actions/main/in/MoveRight axis
[2020.10.14-20.52.40:903][  0]LogSteamVRInputDevice: Display: [STEAMVR INPUT] Setting Action Handle Path Result: Success
[2020.10.14-20.52.40:940][  0]LogAssetRegistry: Asset discovery search completed in 5.8207 seconds
[2020.10.14-20.52.40:944][  0]LogCollectionManager: Fixed up redirectors for 0 collections in 0.000002 seconds (updated 0 objects)
[2020.10.14-20.52.40:945][  0]LogContentStreaming: Texture pool size now 1000 MB
[2020.10.14-20.52.41:006][  3]LogD3D12RHI: Creating RTPSO with 144 shaders (144 cached, 0 new) took 10.69 ms. Compile time 0.04 ms, link time 10.38 ms.
[2020.10.14-20.52.41:964][100]LogSlate: Took 0.000492 seconds to synchronously load lazily loaded font '../../../Engine/Content/Slate/Fonts/Roboto-Light.ttf' (167K)
[2020.10.14-20.52.44:255][327]LogAssetEditorSubsystem: Opening Asset editor for AnimSequence /Game/FirstPerson/Animations/FirstPerson_Run.FirstPerson_Run
[2020.10.14-20.52.44:264][327]LogContentBrowser: Native class hierarchy updated for 'SkeletonEditor' in 0.0003 seconds. Added 1 classes and 2 folders.
[2020.10.14-20.52.44:445][327]LogActorComponent: RegisterComponentWithWorld: (/Engine/Transient.World_0:PersistentLevel.AnimationEditorPreviewActor_0.DebugSkelMeshComponent_0) Already registered. Aborting.
[2020.10.14-20.52.44:446][327]LogContentBrowser: Native class hierarchy updated for 'PinnedCommandList' in 0.0003 seconds. Added 1 classes and 0 folders.
[2020.10.14-20.52.44:481][327]LogSkeletalMesh: USkeletalMeshComponent::InitArticulated : Bodies already created (/Engine/Transient.World_0:PersistentLevel.AnimationEditorPreviewActor_0.DebugSkelMeshComponent_0) - call TermArticulated first.
[2020.10.14-20.52.44:888][327]LogD3D12RHI: Creating RTPSO with 3 shaders (0 cached, 3 new) took 21.14 ms. Compile time 6.72 ms, link time 14.39 ms.
[2020.10.14-20.52.45:121][327]LogRenderer: Reallocating scene render targets to support 1144x588 Format 10 NumSamples 1 (Frame:1).
[2020.10.14-20.52.45:121][327]LogContentBrowser: Verbose: The majority of assets in the view are of type: AnimSequence
[2020.10.14-20.52.45:184][328]LogD3D12RHI: Creating RTPSO with 3 shaders (3 cached, 0 new) took 57.15 ms. Compile time 0.03 ms, link time 57.10 ms.
[2020.10.14-20.52.45:191][328]LogD3D12RHI: Creating RTPSO with 146 shaders (145 cached, 1 new) took 70.15 ms. Compile time 63.94 ms, link time 6.02 ms.
[2020.10.14-20.54.15:436][779]LogSlate: Window 'Create a New Animation Asset' being destroyed
[2020.10.14-20.54.15:527][779]LogWorld: UWorld::CleanupWorld for World_4, bSessionEnded=true, bCleanupResources=true
[2020.10.14-20.54.15:527][779]LogSlate: InvalidateAllWidgets triggered.  All widgets were invalidated
[2020.10.14-20.54.56:078][266]Cmd: TRANSACTION UNDO
[2020.10.14-20.54.56:078][266]LogEditorTransaction: Undo Rotate Bone
[2020.10.14-20.54.56:160][266]LogActorComponent: RegisterComponentWithWorld: (/Engine/Transient.World_0:PersistentLevel.AnimationEditorPreviewActor_0.DebugSkelMeshComponent_0) Already registered. Aborting.
[2020.10.14-20.55.47:236][563]LogWorld: UWorld::CleanupWorld for World_0, bSessionEnded=true, bCleanupResources=true
[2020.10.14-20.55.47:236][563]LogSlate: InvalidateAllWidgets triggered.  All widgets were invalidated
[2020.10.14-20.55.47:388][563]LogWorld: UWorld::CleanupWorld for World_1, bSessionEnded=true, bCleanupResources=true
[2020.10.14-20.55.47:389][563]LogSlate: InvalidateAllWidgets triggered.  All widgets were invalidated
[2020.10.14-20.55.50:424][923]LogSlate: Took 0.000153 seconds to synchronously load lazily loaded font '../../../Engine/Content/Slate/Fonts/Roboto-Light.ttf' (167K)
[2020.10.14-20.56.01:902][116]LogUObjectHash: Compacting FUObjectHashTables data took   1.03ms
[2020.10.14-20.56.02:991][116]LogSlate: Window 'Delete Assets' being destroyed
[2020.10.14-20.56.03:621][116]LogUObjectGlobals: Force Deleting 1 Package(s):
	Asset Name: /Game/FirstPerson/Animations/Arms_Running_New.Arms_Running_New
[2020.10.14-20.56.04:610][116]LogUObjectHash: Compacting FUObjectHashTables data took   0.66ms
[2020.10.14-20.56.06:937][306]LogAssetEditorSubsystem: Opening Asset editor for AnimSequence /Game/FirstPerson/Animations/FirstPerson_Run.FirstPerson_Run
[2020.10.14-20.56.06:946][306]LogActorComponent: RegisterComponentWithWorld: (/Engine/Transient.World_7:PersistentLevel.AnimationEditorPreviewActor_0.DebugSkelMeshComponent_0) Already registered. Aborting.
[2020.10.14-20.56.06:974][306]LogSkeletalMesh: USkeletalMeshComponent::InitArticulated : Bodies already created (/Engine/Transient.World_7:PersistentLevel.AnimationEditorPreviewActor_0.DebugSkelMeshComponent_0) - call TermArticulated first.
[2020.10.14-20.56.07:318][306]LogContentBrowser: Verbose: The majority of assets in the view are of type: AnimSequence
[2020.10.14-20.57.40:265][599]Cmd: TRANSACTION UNDO
[2020.10.14-20.57.40:265][599]LogEditorTransaction: Undo Rotate Bone
[2020.10.14-20.57.40:346][599]LogActorComponent: RegisterComponentWithWorld: (/Engine/Transient.World_7:PersistentLevel.AnimationEditorPreviewActor_0.DebugSkelMeshComponent_0) Already registered. Aborting.
[2020.10.14-20.58.09:026][519]Cmd: TRANSACTION UNDO
[2020.10.14-20.58.09:026][519]LogEditorTransaction: Undo Set Key
[2020.10.14-20.58.09:119][519]LogActorComponent: RegisterComponentWithWorld: (/Engine/Transient.World_7:PersistentLevel.AnimationEditorPreviewActor_0.DebugSkelMeshComponent_0) Already registered. Aborting.
